TimeQuest Timing Analyzer report for Cwiczenie3_2
Tue Nov 14 14:08:51 2017
Quartus II 32-bit Version 13.0.1 Build 232 06/12/2013 Service Pack 1 SJ Web Edition


---------------------
; Table of Contents ;
---------------------
  1. Legal Notice
  2. TimeQuest Timing Analyzer Summary
  3. Parallel Compilation
  4. Clocks
  5. Slow Model Fmax Summary
  6. Slow Model Setup Summary
  7. Slow Model Hold Summary
  8. Slow Model Recovery Summary
  9. Slow Model Removal Summary
 10. Slow Model Minimum Pulse Width Summary
 11. Slow Model Setup: 'iSW[0]'
 12. Slow Model Hold: 'iSW[0]'
 13. Slow Model Recovery: 'iSW[0]'
 14. Slow Model Removal: 'iSW[0]'
 15. Slow Model Minimum Pulse Width: 'iSW[0]'
 16. Clock to Output Times
 17. Minimum Clock to Output Times
 18. Fast Model Setup Summary
 19. Fast Model Hold Summary
 20. Fast Model Recovery Summary
 21. Fast Model Removal Summary
 22. Fast Model Minimum Pulse Width Summary
 23. Fast Model Setup: 'iSW[0]'
 24. Fast Model Hold: 'iSW[0]'
 25. Fast Model Recovery: 'iSW[0]'
 26. Fast Model Removal: 'iSW[0]'
 27. Fast Model Minimum Pulse Width: 'iSW[0]'
 28. Clock to Output Times
 29. Minimum Clock to Output Times
 30. Multicorner Timing Analysis Summary
 31. Clock to Output Times
 32. Minimum Clock to Output Times
 33. Setup Transfers
 34. Hold Transfers
 35. Recovery Transfers
 36. Removal Transfers
 37. Report TCCS
 38. Report RSKM
 39. Unconstrained Paths
 40. TimeQuest Timing Analyzer Messages



----------------
; Legal Notice ;
----------------
Copyright (C) 1991-2013 Altera Corporation
Your use of Altera Corporation's design tools, logic functions 
and other software and tools, and its AMPP partner logic 
functions, and any output files from any of the foregoing 
(including device programming or simulation files), and any 
associated documentation or information are expressly subject 
to the terms and conditions of the Altera Program License 
Subscription Agreement, Altera MegaCore Function License 
Agreement, or other applicable license agreement, including, 
without limitation, that your use is for the sole purpose of 
programming logic devices manufactured by Altera and sold by 
Altera or its authorized distributors.  Please refer to the 
applicable agreement for further details.



+----------------------------------------------------------------------------------------+
; TimeQuest Timing Analyzer Summary                                                      ;
+--------------------+-------------------------------------------------------------------+
; Quartus II Version ; Version 13.0.1 Build 232 06/12/2013 Service Pack 1 SJ Web Edition ;
; Revision Name      ; Cwiczenie3_2                                                      ;
; Device Family      ; Cyclone II                                                        ;
; Device Name        ; EP2C70F896C6                                                      ;
; Timing Models      ; Final                                                             ;
; Delay Model        ; Combined                                                          ;
; Rise/Fall Delays   ; Unavailable                                                       ;
+--------------------+-------------------------------------------------------------------+


Parallel compilation was disabled, but you have multiple processors available. Enable parallel compilation to reduce compilation time.
+-------------------------------------+
; Parallel Compilation                ;
+----------------------------+--------+
; Processors                 ; Number ;
+----------------------------+--------+
; Number detected on machine ; 4      ;
; Maximum allowed            ; 1      ;
+----------------------------+--------+


+------------------------------------------------------------------------------------------------------------------------------------------------------------------------------------+
; Clocks                                                                                                                                                                             ;
+------------+------+--------+------------+-------+-------+------------+-----------+-------------+-------+--------+-----------+------------+----------+--------+--------+------------+
; Clock Name ; Type ; Period ; Frequency  ; Rise  ; Fall  ; Duty Cycle ; Divide by ; Multiply by ; Phase ; Offset ; Edge List ; Edge Shift ; Inverted ; Master ; Source ; Targets    ;
+------------+------+--------+------------+-------+-------+------------+-----------+-------------+-------+--------+-----------+------------+----------+--------+--------+------------+
; iSW[0]     ; Base ; 1.000  ; 1000.0 MHz ; 0.000 ; 0.500 ;            ;           ;             ;       ;        ;           ;            ;          ;        ;        ; { iSW[0] } ;
+------------+------+--------+------------+-------+-------+------------+-----------+-------------+-------+--------+-----------+------------+----------+--------+--------+------------+


+-----------------------------------------------------------------------------------------------------------+
; Slow Model Fmax Summary                                                                                   ;
+------------+-----------------+------------+---------------------------------------------------------------+
; Fmax       ; Restricted Fmax ; Clock Name ; Note                                                          ;
+------------+-----------------+------------+---------------------------------------------------------------+
; 633.71 MHz ; 450.05 MHz      ; iSW[0]     ; limit due to minimum period restriction (max I/O toggle rate) ;
+------------+-----------------+------------+---------------------------------------------------------------+
This panel reports FMAX for every clock in the design, regardless of the user-specified clock periods.  FMAX is only computed for paths where the source and destination registers or ports are driven by the same clock.  Paths of different clocks, including generated clocks, are ignored.  For paths between a clock and its inversion, FMAX is computed as if the rising and falling edges are scaled along with FMAX, such that the duty cycle (in terms of a percentage) is maintained. Altera recommends that you always use clock constraints and other slack reports for sign-off analysis.


+---------------------------------+
; Slow Model Setup Summary        ;
+--------+--------+---------------+
; Clock  ; Slack  ; End Point TNS ;
+--------+--------+---------------+
; iSW[0] ; -0.578 ; -2.867        ;
+--------+--------+---------------+


+--------------------------------+
; Slow Model Hold Summary        ;
+--------+-------+---------------+
; Clock  ; Slack ; End Point TNS ;
+--------+-------+---------------+
; iSW[0] ; 0.391 ; 0.000         ;
+--------+-------+---------------+


+---------------------------------+
; Slow Model Recovery Summary     ;
+--------+--------+---------------+
; Clock  ; Slack  ; End Point TNS ;
+--------+--------+---------------+
; iSW[0] ; -1.539 ; -12.312       ;
+--------+--------+---------------+


+--------------------------------+
; Slow Model Removal Summary     ;
+--------+-------+---------------+
; Clock  ; Slack ; End Point TNS ;
+--------+-------+---------------+
; iSW[0] ; 1.851 ; 0.000         ;
+--------+-------+---------------+


+----------------------------------------+
; Slow Model Minimum Pulse Width Summary ;
+--------+--------+----------------------+
; Clock  ; Slack  ; End Point TNS        ;
+--------+--------+----------------------+
; iSW[0] ; -1.222 ; -9.222               ;
+--------+--------+----------------------+


+----------------------------------------------------------------------------------------------------------------------------------------+
; Slow Model Setup: 'iSW[0]'                                                                                                             ;
+--------+----------------------------+----------------------------+--------------+-------------+--------------+------------+------------+
; Slack  ; From Node                  ; To Node                    ; Launch Clock ; Latch Clock ; Relationship ; Clock Skew ; Data Delay ;
+--------+----------------------------+----------------------------+--------------+-------------+--------------+------------+------------+
; -0.578 ; 74161:inst1|f74161:sub|87  ; 74161:inst1|f74161:sub|110 ; iSW[0]       ; iSW[0]      ; 1.000        ; 0.000      ; 1.614      ;
; -0.577 ; 74161:inst1|f74161:sub|9   ; 74161:inst1|f74161:sub|110 ; iSW[0]       ; iSW[0]      ; 1.000        ; 0.000      ; 1.613      ;
; -0.517 ; 74161:inst|f74161:sub|87   ; 74161:inst1|f74161:sub|99  ; iSW[0]       ; iSW[0]      ; 1.000        ; 0.000      ; 1.553      ;
; -0.515 ; 74161:inst|f74161:sub|87   ; 74161:inst1|f74161:sub|87  ; iSW[0]       ; iSW[0]      ; 1.000        ; 0.000      ; 1.551      ;
; -0.515 ; 74161:inst|f74161:sub|87   ; 74161:inst1|f74161:sub|110 ; iSW[0]       ; iSW[0]      ; 1.000        ; 0.000      ; 1.551      ;
; -0.514 ; 74161:inst|f74161:sub|87   ; 74161:inst1|f74161:sub|9   ; iSW[0]       ; iSW[0]      ; 1.000        ; 0.000      ; 1.550      ;
; -0.467 ; 74161:inst|f74161:sub|110  ; 74161:inst1|f74161:sub|99  ; iSW[0]       ; iSW[0]      ; 1.000        ; 0.000      ; 1.503      ;
; -0.465 ; 74161:inst|f74161:sub|110  ; 74161:inst1|f74161:sub|87  ; iSW[0]       ; iSW[0]      ; 1.000        ; 0.000      ; 1.501      ;
; -0.465 ; 74161:inst|f74161:sub|110  ; 74161:inst1|f74161:sub|110 ; iSW[0]       ; iSW[0]      ; 1.000        ; 0.000      ; 1.501      ;
; -0.464 ; 74161:inst|f74161:sub|110  ; 74161:inst1|f74161:sub|9   ; iSW[0]       ; iSW[0]      ; 1.000        ; 0.000      ; 1.500      ;
; -0.444 ; 74161:inst|f74161:sub|99   ; 74161:inst1|f74161:sub|99  ; iSW[0]       ; iSW[0]      ; 1.000        ; 0.000      ; 1.480      ;
; -0.442 ; 74161:inst|f74161:sub|99   ; 74161:inst1|f74161:sub|87  ; iSW[0]       ; iSW[0]      ; 1.000        ; 0.000      ; 1.478      ;
; -0.442 ; 74161:inst|f74161:sub|99   ; 74161:inst1|f74161:sub|110 ; iSW[0]       ; iSW[0]      ; 1.000        ; 0.000      ; 1.478      ;
; -0.441 ; 74161:inst|f74161:sub|99   ; 74161:inst1|f74161:sub|9   ; iSW[0]       ; iSW[0]      ; 1.000        ; 0.000      ; 1.477      ;
; -0.278 ; 74161:inst|f74161:sub|87   ; 74161:inst|f74161:sub|110  ; iSW[0]       ; iSW[0]      ; 1.000        ; 0.000      ; 1.314      ;
; -0.265 ; 74161:inst1|f74161:sub|87  ; 74161:inst1|f74161:sub|99  ; iSW[0]       ; iSW[0]      ; 1.000        ; 0.000      ; 1.301      ;
; -0.250 ; 74161:inst1|f74161:sub|99  ; 74161:inst1|f74161:sub|110 ; iSW[0]       ; iSW[0]      ; 1.000        ; 0.000      ; 1.286      ;
; -0.235 ; 74161:inst|f74161:sub|9    ; 74161:inst|f74161:sub|110  ; iSW[0]       ; iSW[0]      ; 1.000        ; 0.000      ; 1.271      ;
; -0.233 ; 74161:inst|f74161:sub|9    ; 74161:inst|f74161:sub|87   ; iSW[0]       ; iSW[0]      ; 1.000        ; 0.000      ; 1.269      ;
; -0.232 ; 74161:inst|f74161:sub|9    ; 74161:inst|f74161:sub|99   ; iSW[0]       ; iSW[0]      ; 1.000        ; 0.000      ; 1.268      ;
; -0.203 ; 74161:inst|f74161:sub|9    ; 74161:inst1|f74161:sub|99  ; iSW[0]       ; iSW[0]      ; 1.000        ; 0.000      ; 1.239      ;
; -0.201 ; 74161:inst|f74161:sub|9    ; 74161:inst1|f74161:sub|87  ; iSW[0]       ; iSW[0]      ; 1.000        ; 0.000      ; 1.237      ;
; -0.201 ; 74161:inst|f74161:sub|9    ; 74161:inst1|f74161:sub|110 ; iSW[0]       ; iSW[0]      ; 1.000        ; 0.000      ; 1.237      ;
; -0.200 ; 74161:inst|f74161:sub|9    ; 74161:inst1|f74161:sub|9   ; iSW[0]       ; iSW[0]      ; 1.000        ; 0.000      ; 1.236      ;
; -0.052 ; 74161:inst1|f74161:sub|9   ; 74161:inst1|f74161:sub|99  ; iSW[0]       ; iSW[0]      ; 1.000        ; 0.000      ; 1.088      ;
; -0.049 ; 74161:inst1|f74161:sub|9   ; 74161:inst1|f74161:sub|87  ; iSW[0]       ; iSW[0]      ; 1.000        ; 0.000      ; 1.085      ;
; 0.222  ; 74161:inst|f74161:sub|99   ; 74161:inst|f74161:sub|110  ; iSW[0]       ; iSW[0]      ; 1.000        ; 0.000      ; 0.814      ;
; 0.238  ; 74161:inst|f74161:sub|87   ; 74161:inst|f74161:sub|99   ; iSW[0]       ; iSW[0]      ; 1.000        ; 0.000      ; 0.798      ;
; 0.379  ; 74161:inst|f74161:sub|9    ; 74161:inst|f74161:sub|9    ; iSW[0]       ; iSW[0]      ; 1.000        ; 0.000      ; 0.657      ;
; 0.379  ; 74161:inst1|f74161:sub|110 ; 74161:inst1|f74161:sub|110 ; iSW[0]       ; iSW[0]      ; 1.000        ; 0.000      ; 0.657      ;
; 0.379  ; 74161:inst1|f74161:sub|99  ; 74161:inst1|f74161:sub|99  ; iSW[0]       ; iSW[0]      ; 1.000        ; 0.000      ; 0.657      ;
; 0.379  ; 74161:inst1|f74161:sub|87  ; 74161:inst1|f74161:sub|87  ; iSW[0]       ; iSW[0]      ; 1.000        ; 0.000      ; 0.657      ;
; 0.379  ; 74161:inst1|f74161:sub|9   ; 74161:inst1|f74161:sub|9   ; iSW[0]       ; iSW[0]      ; 1.000        ; 0.000      ; 0.657      ;
; 0.379  ; 74161:inst|f74161:sub|110  ; 74161:inst|f74161:sub|110  ; iSW[0]       ; iSW[0]      ; 1.000        ; 0.000      ; 0.657      ;
; 0.379  ; 74161:inst|f74161:sub|87   ; 74161:inst|f74161:sub|87   ; iSW[0]       ; iSW[0]      ; 1.000        ; 0.000      ; 0.657      ;
; 0.379  ; 74161:inst|f74161:sub|99   ; 74161:inst|f74161:sub|99   ; iSW[0]       ; iSW[0]      ; 1.000        ; 0.000      ; 0.657      ;
+--------+----------------------------+----------------------------+--------------+-------------+--------------+------------+------------+


+---------------------------------------------------------------------------------------------------------------------------------------+
; Slow Model Hold: 'iSW[0]'                                                                                                             ;
+-------+----------------------------+----------------------------+--------------+-------------+--------------+------------+------------+
; Slack ; From Node                  ; To Node                    ; Launch Clock ; Latch Clock ; Relationship ; Clock Skew ; Data Delay ;
+-------+----------------------------+----------------------------+--------------+-------------+--------------+------------+------------+
; 0.391 ; 74161:inst1|f74161:sub|9   ; 74161:inst1|f74161:sub|9   ; iSW[0]       ; iSW[0]      ; 0.000        ; 0.000      ; 0.657      ;
; 0.391 ; 74161:inst1|f74161:sub|87  ; 74161:inst1|f74161:sub|87  ; iSW[0]       ; iSW[0]      ; 0.000        ; 0.000      ; 0.657      ;
; 0.391 ; 74161:inst1|f74161:sub|99  ; 74161:inst1|f74161:sub|99  ; iSW[0]       ; iSW[0]      ; 0.000        ; 0.000      ; 0.657      ;
; 0.391 ; 74161:inst|f74161:sub|87   ; 74161:inst|f74161:sub|87   ; iSW[0]       ; iSW[0]      ; 0.000        ; 0.000      ; 0.657      ;
; 0.391 ; 74161:inst|f74161:sub|99   ; 74161:inst|f74161:sub|99   ; iSW[0]       ; iSW[0]      ; 0.000        ; 0.000      ; 0.657      ;
; 0.391 ; 74161:inst|f74161:sub|110  ; 74161:inst|f74161:sub|110  ; iSW[0]       ; iSW[0]      ; 0.000        ; 0.000      ; 0.657      ;
; 0.391 ; 74161:inst|f74161:sub|9    ; 74161:inst|f74161:sub|9    ; iSW[0]       ; iSW[0]      ; 0.000        ; 0.000      ; 0.657      ;
; 0.391 ; 74161:inst1|f74161:sub|110 ; 74161:inst1|f74161:sub|110 ; iSW[0]       ; iSW[0]      ; 0.000        ; 0.000      ; 0.657      ;
; 0.532 ; 74161:inst|f74161:sub|87   ; 74161:inst|f74161:sub|99   ; iSW[0]       ; iSW[0]      ; 0.000        ; 0.000      ; 0.798      ;
; 0.548 ; 74161:inst|f74161:sub|99   ; 74161:inst|f74161:sub|110  ; iSW[0]       ; iSW[0]      ; 0.000        ; 0.000      ; 0.814      ;
; 0.819 ; 74161:inst1|f74161:sub|9   ; 74161:inst1|f74161:sub|87  ; iSW[0]       ; iSW[0]      ; 0.000        ; 0.000      ; 1.085      ;
; 0.822 ; 74161:inst1|f74161:sub|9   ; 74161:inst1|f74161:sub|99  ; iSW[0]       ; iSW[0]      ; 0.000        ; 0.000      ; 1.088      ;
; 0.970 ; 74161:inst|f74161:sub|9    ; 74161:inst1|f74161:sub|9   ; iSW[0]       ; iSW[0]      ; 0.000        ; 0.000      ; 1.236      ;
; 0.971 ; 74161:inst|f74161:sub|9    ; 74161:inst1|f74161:sub|87  ; iSW[0]       ; iSW[0]      ; 0.000        ; 0.000      ; 1.237      ;
; 0.971 ; 74161:inst|f74161:sub|9    ; 74161:inst1|f74161:sub|110 ; iSW[0]       ; iSW[0]      ; 0.000        ; 0.000      ; 1.237      ;
; 0.973 ; 74161:inst|f74161:sub|9    ; 74161:inst1|f74161:sub|99  ; iSW[0]       ; iSW[0]      ; 0.000        ; 0.000      ; 1.239      ;
; 1.002 ; 74161:inst|f74161:sub|9    ; 74161:inst|f74161:sub|99   ; iSW[0]       ; iSW[0]      ; 0.000        ; 0.000      ; 1.268      ;
; 1.003 ; 74161:inst|f74161:sub|9    ; 74161:inst|f74161:sub|87   ; iSW[0]       ; iSW[0]      ; 0.000        ; 0.000      ; 1.269      ;
; 1.005 ; 74161:inst|f74161:sub|9    ; 74161:inst|f74161:sub|110  ; iSW[0]       ; iSW[0]      ; 0.000        ; 0.000      ; 1.271      ;
; 1.020 ; 74161:inst1|f74161:sub|99  ; 74161:inst1|f74161:sub|110 ; iSW[0]       ; iSW[0]      ; 0.000        ; 0.000      ; 1.286      ;
; 1.035 ; 74161:inst1|f74161:sub|87  ; 74161:inst1|f74161:sub|99  ; iSW[0]       ; iSW[0]      ; 0.000        ; 0.000      ; 1.301      ;
; 1.048 ; 74161:inst|f74161:sub|87   ; 74161:inst|f74161:sub|110  ; iSW[0]       ; iSW[0]      ; 0.000        ; 0.000      ; 1.314      ;
; 1.211 ; 74161:inst|f74161:sub|99   ; 74161:inst1|f74161:sub|9   ; iSW[0]       ; iSW[0]      ; 0.000        ; 0.000      ; 1.477      ;
; 1.212 ; 74161:inst|f74161:sub|99   ; 74161:inst1|f74161:sub|87  ; iSW[0]       ; iSW[0]      ; 0.000        ; 0.000      ; 1.478      ;
; 1.212 ; 74161:inst|f74161:sub|99   ; 74161:inst1|f74161:sub|110 ; iSW[0]       ; iSW[0]      ; 0.000        ; 0.000      ; 1.478      ;
; 1.214 ; 74161:inst|f74161:sub|99   ; 74161:inst1|f74161:sub|99  ; iSW[0]       ; iSW[0]      ; 0.000        ; 0.000      ; 1.480      ;
; 1.234 ; 74161:inst|f74161:sub|110  ; 74161:inst1|f74161:sub|9   ; iSW[0]       ; iSW[0]      ; 0.000        ; 0.000      ; 1.500      ;
; 1.235 ; 74161:inst|f74161:sub|110  ; 74161:inst1|f74161:sub|87  ; iSW[0]       ; iSW[0]      ; 0.000        ; 0.000      ; 1.501      ;
; 1.235 ; 74161:inst|f74161:sub|110  ; 74161:inst1|f74161:sub|110 ; iSW[0]       ; iSW[0]      ; 0.000        ; 0.000      ; 1.501      ;
; 1.237 ; 74161:inst|f74161:sub|110  ; 74161:inst1|f74161:sub|99  ; iSW[0]       ; iSW[0]      ; 0.000        ; 0.000      ; 1.503      ;
; 1.284 ; 74161:inst|f74161:sub|87   ; 74161:inst1|f74161:sub|9   ; iSW[0]       ; iSW[0]      ; 0.000        ; 0.000      ; 1.550      ;
; 1.285 ; 74161:inst|f74161:sub|87   ; 74161:inst1|f74161:sub|87  ; iSW[0]       ; iSW[0]      ; 0.000        ; 0.000      ; 1.551      ;
; 1.285 ; 74161:inst|f74161:sub|87   ; 74161:inst1|f74161:sub|110 ; iSW[0]       ; iSW[0]      ; 0.000        ; 0.000      ; 1.551      ;
; 1.287 ; 74161:inst|f74161:sub|87   ; 74161:inst1|f74161:sub|99  ; iSW[0]       ; iSW[0]      ; 0.000        ; 0.000      ; 1.553      ;
; 1.347 ; 74161:inst1|f74161:sub|9   ; 74161:inst1|f74161:sub|110 ; iSW[0]       ; iSW[0]      ; 0.000        ; 0.000      ; 1.613      ;
; 1.348 ; 74161:inst1|f74161:sub|87  ; 74161:inst1|f74161:sub|110 ; iSW[0]       ; iSW[0]      ; 0.000        ; 0.000      ; 1.614      ;
+-------+----------------------------+----------------------------+--------------+-------------+--------------+------------+------------+


+----------------------------------------------------------------------------------------------------------------------------------------+
; Slow Model Recovery: 'iSW[0]'                                                                                                          ;
+--------+----------------------------+----------------------------+--------------+-------------+--------------+------------+------------+
; Slack  ; From Node                  ; To Node                    ; Launch Clock ; Latch Clock ; Relationship ; Clock Skew ; Data Delay ;
+--------+----------------------------+----------------------------+--------------+-------------+--------------+------------+------------+
; -1.539 ; 74161:inst|f74161:sub|87   ; 74161:inst1|f74161:sub|9   ; iSW[0]       ; iSW[0]      ; 1.000        ; 0.000      ; 2.575      ;
; -1.539 ; 74161:inst|f74161:sub|87   ; 74161:inst1|f74161:sub|87  ; iSW[0]       ; iSW[0]      ; 1.000        ; 0.000      ; 2.575      ;
; -1.539 ; 74161:inst|f74161:sub|87   ; 74161:inst1|f74161:sub|99  ; iSW[0]       ; iSW[0]      ; 1.000        ; 0.000      ; 2.575      ;
; -1.539 ; 74161:inst|f74161:sub|87   ; 74161:inst|f74161:sub|87   ; iSW[0]       ; iSW[0]      ; 1.000        ; 0.000      ; 2.575      ;
; -1.539 ; 74161:inst|f74161:sub|87   ; 74161:inst|f74161:sub|99   ; iSW[0]       ; iSW[0]      ; 1.000        ; 0.000      ; 2.575      ;
; -1.539 ; 74161:inst|f74161:sub|87   ; 74161:inst|f74161:sub|110  ; iSW[0]       ; iSW[0]      ; 1.000        ; 0.000      ; 2.575      ;
; -1.539 ; 74161:inst|f74161:sub|87   ; 74161:inst|f74161:sub|9    ; iSW[0]       ; iSW[0]      ; 1.000        ; 0.000      ; 2.575      ;
; -1.539 ; 74161:inst|f74161:sub|87   ; 74161:inst1|f74161:sub|110 ; iSW[0]       ; iSW[0]      ; 1.000        ; 0.000      ; 2.575      ;
; -1.532 ; 74161:inst1|f74161:sub|110 ; 74161:inst1|f74161:sub|9   ; iSW[0]       ; iSW[0]      ; 1.000        ; 0.000      ; 2.568      ;
; -1.532 ; 74161:inst1|f74161:sub|110 ; 74161:inst1|f74161:sub|87  ; iSW[0]       ; iSW[0]      ; 1.000        ; 0.000      ; 2.568      ;
; -1.532 ; 74161:inst1|f74161:sub|110 ; 74161:inst1|f74161:sub|99  ; iSW[0]       ; iSW[0]      ; 1.000        ; 0.000      ; 2.568      ;
; -1.532 ; 74161:inst1|f74161:sub|110 ; 74161:inst|f74161:sub|87   ; iSW[0]       ; iSW[0]      ; 1.000        ; 0.000      ; 2.568      ;
; -1.532 ; 74161:inst1|f74161:sub|110 ; 74161:inst|f74161:sub|99   ; iSW[0]       ; iSW[0]      ; 1.000        ; 0.000      ; 2.568      ;
; -1.532 ; 74161:inst1|f74161:sub|110 ; 74161:inst|f74161:sub|110  ; iSW[0]       ; iSW[0]      ; 1.000        ; 0.000      ; 2.568      ;
; -1.532 ; 74161:inst1|f74161:sub|110 ; 74161:inst|f74161:sub|9    ; iSW[0]       ; iSW[0]      ; 1.000        ; 0.000      ; 2.568      ;
; -1.532 ; 74161:inst1|f74161:sub|110 ; 74161:inst1|f74161:sub|110 ; iSW[0]       ; iSW[0]      ; 1.000        ; 0.000      ; 2.568      ;
; -1.469 ; 74161:inst|f74161:sub|110  ; 74161:inst1|f74161:sub|9   ; iSW[0]       ; iSW[0]      ; 1.000        ; 0.000      ; 2.505      ;
; -1.469 ; 74161:inst|f74161:sub|110  ; 74161:inst1|f74161:sub|87  ; iSW[0]       ; iSW[0]      ; 1.000        ; 0.000      ; 2.505      ;
; -1.469 ; 74161:inst|f74161:sub|110  ; 74161:inst1|f74161:sub|99  ; iSW[0]       ; iSW[0]      ; 1.000        ; 0.000      ; 2.505      ;
; -1.469 ; 74161:inst|f74161:sub|110  ; 74161:inst|f74161:sub|87   ; iSW[0]       ; iSW[0]      ; 1.000        ; 0.000      ; 2.505      ;
; -1.469 ; 74161:inst|f74161:sub|110  ; 74161:inst|f74161:sub|99   ; iSW[0]       ; iSW[0]      ; 1.000        ; 0.000      ; 2.505      ;
; -1.469 ; 74161:inst|f74161:sub|110  ; 74161:inst|f74161:sub|110  ; iSW[0]       ; iSW[0]      ; 1.000        ; 0.000      ; 2.505      ;
; -1.469 ; 74161:inst|f74161:sub|110  ; 74161:inst|f74161:sub|9    ; iSW[0]       ; iSW[0]      ; 1.000        ; 0.000      ; 2.505      ;
; -1.469 ; 74161:inst|f74161:sub|110  ; 74161:inst1|f74161:sub|110 ; iSW[0]       ; iSW[0]      ; 1.000        ; 0.000      ; 2.505      ;
; -1.455 ; 74161:inst|f74161:sub|99   ; 74161:inst1|f74161:sub|9   ; iSW[0]       ; iSW[0]      ; 1.000        ; 0.000      ; 2.491      ;
; -1.455 ; 74161:inst|f74161:sub|99   ; 74161:inst1|f74161:sub|87  ; iSW[0]       ; iSW[0]      ; 1.000        ; 0.000      ; 2.491      ;
; -1.455 ; 74161:inst|f74161:sub|99   ; 74161:inst1|f74161:sub|99  ; iSW[0]       ; iSW[0]      ; 1.000        ; 0.000      ; 2.491      ;
; -1.455 ; 74161:inst|f74161:sub|99   ; 74161:inst|f74161:sub|87   ; iSW[0]       ; iSW[0]      ; 1.000        ; 0.000      ; 2.491      ;
; -1.455 ; 74161:inst|f74161:sub|99   ; 74161:inst|f74161:sub|99   ; iSW[0]       ; iSW[0]      ; 1.000        ; 0.000      ; 2.491      ;
; -1.455 ; 74161:inst|f74161:sub|99   ; 74161:inst|f74161:sub|110  ; iSW[0]       ; iSW[0]      ; 1.000        ; 0.000      ; 2.491      ;
; -1.455 ; 74161:inst|f74161:sub|99   ; 74161:inst|f74161:sub|9    ; iSW[0]       ; iSW[0]      ; 1.000        ; 0.000      ; 2.491      ;
; -1.455 ; 74161:inst|f74161:sub|99   ; 74161:inst1|f74161:sub|110 ; iSW[0]       ; iSW[0]      ; 1.000        ; 0.000      ; 2.491      ;
; -1.319 ; 74161:inst1|f74161:sub|9   ; 74161:inst1|f74161:sub|9   ; iSW[0]       ; iSW[0]      ; 1.000        ; 0.000      ; 2.355      ;
; -1.319 ; 74161:inst1|f74161:sub|9   ; 74161:inst1|f74161:sub|87  ; iSW[0]       ; iSW[0]      ; 1.000        ; 0.000      ; 2.355      ;
; -1.319 ; 74161:inst1|f74161:sub|9   ; 74161:inst1|f74161:sub|99  ; iSW[0]       ; iSW[0]      ; 1.000        ; 0.000      ; 2.355      ;
; -1.319 ; 74161:inst1|f74161:sub|9   ; 74161:inst|f74161:sub|87   ; iSW[0]       ; iSW[0]      ; 1.000        ; 0.000      ; 2.355      ;
; -1.319 ; 74161:inst1|f74161:sub|9   ; 74161:inst|f74161:sub|99   ; iSW[0]       ; iSW[0]      ; 1.000        ; 0.000      ; 2.355      ;
; -1.319 ; 74161:inst1|f74161:sub|9   ; 74161:inst|f74161:sub|110  ; iSW[0]       ; iSW[0]      ; 1.000        ; 0.000      ; 2.355      ;
; -1.319 ; 74161:inst1|f74161:sub|9   ; 74161:inst|f74161:sub|9    ; iSW[0]       ; iSW[0]      ; 1.000        ; 0.000      ; 2.355      ;
; -1.319 ; 74161:inst1|f74161:sub|9   ; 74161:inst1|f74161:sub|110 ; iSW[0]       ; iSW[0]      ; 1.000        ; 0.000      ; 2.355      ;
; -1.224 ; 74161:inst|f74161:sub|9    ; 74161:inst1|f74161:sub|9   ; iSW[0]       ; iSW[0]      ; 1.000        ; 0.000      ; 2.260      ;
; -1.224 ; 74161:inst|f74161:sub|9    ; 74161:inst1|f74161:sub|87  ; iSW[0]       ; iSW[0]      ; 1.000        ; 0.000      ; 2.260      ;
; -1.224 ; 74161:inst|f74161:sub|9    ; 74161:inst1|f74161:sub|99  ; iSW[0]       ; iSW[0]      ; 1.000        ; 0.000      ; 2.260      ;
; -1.224 ; 74161:inst|f74161:sub|9    ; 74161:inst|f74161:sub|87   ; iSW[0]       ; iSW[0]      ; 1.000        ; 0.000      ; 2.260      ;
; -1.224 ; 74161:inst|f74161:sub|9    ; 74161:inst|f74161:sub|99   ; iSW[0]       ; iSW[0]      ; 1.000        ; 0.000      ; 2.260      ;
; -1.224 ; 74161:inst|f74161:sub|9    ; 74161:inst|f74161:sub|110  ; iSW[0]       ; iSW[0]      ; 1.000        ; 0.000      ; 2.260      ;
; -1.224 ; 74161:inst|f74161:sub|9    ; 74161:inst|f74161:sub|9    ; iSW[0]       ; iSW[0]      ; 1.000        ; 0.000      ; 2.260      ;
; -1.224 ; 74161:inst|f74161:sub|9    ; 74161:inst1|f74161:sub|110 ; iSW[0]       ; iSW[0]      ; 1.000        ; 0.000      ; 2.260      ;
; -1.224 ; 74161:inst1|f74161:sub|87  ; 74161:inst1|f74161:sub|9   ; iSW[0]       ; iSW[0]      ; 1.000        ; 0.000      ; 2.260      ;
; -1.224 ; 74161:inst1|f74161:sub|87  ; 74161:inst1|f74161:sub|87  ; iSW[0]       ; iSW[0]      ; 1.000        ; 0.000      ; 2.260      ;
; -1.224 ; 74161:inst1|f74161:sub|87  ; 74161:inst1|f74161:sub|99  ; iSW[0]       ; iSW[0]      ; 1.000        ; 0.000      ; 2.260      ;
; -1.224 ; 74161:inst1|f74161:sub|87  ; 74161:inst|f74161:sub|87   ; iSW[0]       ; iSW[0]      ; 1.000        ; 0.000      ; 2.260      ;
; -1.224 ; 74161:inst1|f74161:sub|87  ; 74161:inst|f74161:sub|99   ; iSW[0]       ; iSW[0]      ; 1.000        ; 0.000      ; 2.260      ;
; -1.224 ; 74161:inst1|f74161:sub|87  ; 74161:inst|f74161:sub|110  ; iSW[0]       ; iSW[0]      ; 1.000        ; 0.000      ; 2.260      ;
; -1.224 ; 74161:inst1|f74161:sub|87  ; 74161:inst|f74161:sub|9    ; iSW[0]       ; iSW[0]      ; 1.000        ; 0.000      ; 2.260      ;
; -1.224 ; 74161:inst1|f74161:sub|87  ; 74161:inst1|f74161:sub|110 ; iSW[0]       ; iSW[0]      ; 1.000        ; 0.000      ; 2.260      ;
; -1.081 ; 74161:inst1|f74161:sub|99  ; 74161:inst1|f74161:sub|9   ; iSW[0]       ; iSW[0]      ; 1.000        ; 0.000      ; 2.117      ;
; -1.081 ; 74161:inst1|f74161:sub|99  ; 74161:inst1|f74161:sub|87  ; iSW[0]       ; iSW[0]      ; 1.000        ; 0.000      ; 2.117      ;
; -1.081 ; 74161:inst1|f74161:sub|99  ; 74161:inst1|f74161:sub|99  ; iSW[0]       ; iSW[0]      ; 1.000        ; 0.000      ; 2.117      ;
; -1.081 ; 74161:inst1|f74161:sub|99  ; 74161:inst|f74161:sub|87   ; iSW[0]       ; iSW[0]      ; 1.000        ; 0.000      ; 2.117      ;
; -1.081 ; 74161:inst1|f74161:sub|99  ; 74161:inst|f74161:sub|99   ; iSW[0]       ; iSW[0]      ; 1.000        ; 0.000      ; 2.117      ;
; -1.081 ; 74161:inst1|f74161:sub|99  ; 74161:inst|f74161:sub|110  ; iSW[0]       ; iSW[0]      ; 1.000        ; 0.000      ; 2.117      ;
; -1.081 ; 74161:inst1|f74161:sub|99  ; 74161:inst|f74161:sub|9    ; iSW[0]       ; iSW[0]      ; 1.000        ; 0.000      ; 2.117      ;
; -1.081 ; 74161:inst1|f74161:sub|99  ; 74161:inst1|f74161:sub|110 ; iSW[0]       ; iSW[0]      ; 1.000        ; 0.000      ; 2.117      ;
+--------+----------------------------+----------------------------+--------------+-------------+--------------+------------+------------+


+---------------------------------------------------------------------------------------------------------------------------------------+
; Slow Model Removal: 'iSW[0]'                                                                                                          ;
+-------+----------------------------+----------------------------+--------------+-------------+--------------+------------+------------+
; Slack ; From Node                  ; To Node                    ; Launch Clock ; Latch Clock ; Relationship ; Clock Skew ; Data Delay ;
+-------+----------------------------+----------------------------+--------------+-------------+--------------+------------+------------+
; 1.851 ; 74161:inst1|f74161:sub|99  ; 74161:inst1|f74161:sub|9   ; iSW[0]       ; iSW[0]      ; 0.000        ; 0.000      ; 2.117      ;
; 1.851 ; 74161:inst1|f74161:sub|99  ; 74161:inst1|f74161:sub|87  ; iSW[0]       ; iSW[0]      ; 0.000        ; 0.000      ; 2.117      ;
; 1.851 ; 74161:inst1|f74161:sub|99  ; 74161:inst1|f74161:sub|99  ; iSW[0]       ; iSW[0]      ; 0.000        ; 0.000      ; 2.117      ;
; 1.851 ; 74161:inst1|f74161:sub|99  ; 74161:inst|f74161:sub|87   ; iSW[0]       ; iSW[0]      ; 0.000        ; 0.000      ; 2.117      ;
; 1.851 ; 74161:inst1|f74161:sub|99  ; 74161:inst|f74161:sub|99   ; iSW[0]       ; iSW[0]      ; 0.000        ; 0.000      ; 2.117      ;
; 1.851 ; 74161:inst1|f74161:sub|99  ; 74161:inst|f74161:sub|110  ; iSW[0]       ; iSW[0]      ; 0.000        ; 0.000      ; 2.117      ;
; 1.851 ; 74161:inst1|f74161:sub|99  ; 74161:inst|f74161:sub|9    ; iSW[0]       ; iSW[0]      ; 0.000        ; 0.000      ; 2.117      ;
; 1.851 ; 74161:inst1|f74161:sub|99  ; 74161:inst1|f74161:sub|110 ; iSW[0]       ; iSW[0]      ; 0.000        ; 0.000      ; 2.117      ;
; 1.994 ; 74161:inst|f74161:sub|9    ; 74161:inst1|f74161:sub|9   ; iSW[0]       ; iSW[0]      ; 0.000        ; 0.000      ; 2.260      ;
; 1.994 ; 74161:inst1|f74161:sub|87  ; 74161:inst1|f74161:sub|9   ; iSW[0]       ; iSW[0]      ; 0.000        ; 0.000      ; 2.260      ;
; 1.994 ; 74161:inst|f74161:sub|9    ; 74161:inst1|f74161:sub|87  ; iSW[0]       ; iSW[0]      ; 0.000        ; 0.000      ; 2.260      ;
; 1.994 ; 74161:inst1|f74161:sub|87  ; 74161:inst1|f74161:sub|87  ; iSW[0]       ; iSW[0]      ; 0.000        ; 0.000      ; 2.260      ;
; 1.994 ; 74161:inst|f74161:sub|9    ; 74161:inst1|f74161:sub|99  ; iSW[0]       ; iSW[0]      ; 0.000        ; 0.000      ; 2.260      ;
; 1.994 ; 74161:inst1|f74161:sub|87  ; 74161:inst1|f74161:sub|99  ; iSW[0]       ; iSW[0]      ; 0.000        ; 0.000      ; 2.260      ;
; 1.994 ; 74161:inst|f74161:sub|9    ; 74161:inst|f74161:sub|87   ; iSW[0]       ; iSW[0]      ; 0.000        ; 0.000      ; 2.260      ;
; 1.994 ; 74161:inst1|f74161:sub|87  ; 74161:inst|f74161:sub|87   ; iSW[0]       ; iSW[0]      ; 0.000        ; 0.000      ; 2.260      ;
; 1.994 ; 74161:inst|f74161:sub|9    ; 74161:inst|f74161:sub|99   ; iSW[0]       ; iSW[0]      ; 0.000        ; 0.000      ; 2.260      ;
; 1.994 ; 74161:inst1|f74161:sub|87  ; 74161:inst|f74161:sub|99   ; iSW[0]       ; iSW[0]      ; 0.000        ; 0.000      ; 2.260      ;
; 1.994 ; 74161:inst|f74161:sub|9    ; 74161:inst|f74161:sub|110  ; iSW[0]       ; iSW[0]      ; 0.000        ; 0.000      ; 2.260      ;
; 1.994 ; 74161:inst1|f74161:sub|87  ; 74161:inst|f74161:sub|110  ; iSW[0]       ; iSW[0]      ; 0.000        ; 0.000      ; 2.260      ;
; 1.994 ; 74161:inst|f74161:sub|9    ; 74161:inst|f74161:sub|9    ; iSW[0]       ; iSW[0]      ; 0.000        ; 0.000      ; 2.260      ;
; 1.994 ; 74161:inst1|f74161:sub|87  ; 74161:inst|f74161:sub|9    ; iSW[0]       ; iSW[0]      ; 0.000        ; 0.000      ; 2.260      ;
; 1.994 ; 74161:inst|f74161:sub|9    ; 74161:inst1|f74161:sub|110 ; iSW[0]       ; iSW[0]      ; 0.000        ; 0.000      ; 2.260      ;
; 1.994 ; 74161:inst1|f74161:sub|87  ; 74161:inst1|f74161:sub|110 ; iSW[0]       ; iSW[0]      ; 0.000        ; 0.000      ; 2.260      ;
; 2.089 ; 74161:inst1|f74161:sub|9   ; 74161:inst1|f74161:sub|9   ; iSW[0]       ; iSW[0]      ; 0.000        ; 0.000      ; 2.355      ;
; 2.089 ; 74161:inst1|f74161:sub|9   ; 74161:inst1|f74161:sub|87  ; iSW[0]       ; iSW[0]      ; 0.000        ; 0.000      ; 2.355      ;
; 2.089 ; 74161:inst1|f74161:sub|9   ; 74161:inst1|f74161:sub|99  ; iSW[0]       ; iSW[0]      ; 0.000        ; 0.000      ; 2.355      ;
; 2.089 ; 74161:inst1|f74161:sub|9   ; 74161:inst|f74161:sub|87   ; iSW[0]       ; iSW[0]      ; 0.000        ; 0.000      ; 2.355      ;
; 2.089 ; 74161:inst1|f74161:sub|9   ; 74161:inst|f74161:sub|99   ; iSW[0]       ; iSW[0]      ; 0.000        ; 0.000      ; 2.355      ;
; 2.089 ; 74161:inst1|f74161:sub|9   ; 74161:inst|f74161:sub|110  ; iSW[0]       ; iSW[0]      ; 0.000        ; 0.000      ; 2.355      ;
; 2.089 ; 74161:inst1|f74161:sub|9   ; 74161:inst|f74161:sub|9    ; iSW[0]       ; iSW[0]      ; 0.000        ; 0.000      ; 2.355      ;
; 2.089 ; 74161:inst1|f74161:sub|9   ; 74161:inst1|f74161:sub|110 ; iSW[0]       ; iSW[0]      ; 0.000        ; 0.000      ; 2.355      ;
; 2.225 ; 74161:inst|f74161:sub|99   ; 74161:inst1|f74161:sub|9   ; iSW[0]       ; iSW[0]      ; 0.000        ; 0.000      ; 2.491      ;
; 2.225 ; 74161:inst|f74161:sub|99   ; 74161:inst1|f74161:sub|87  ; iSW[0]       ; iSW[0]      ; 0.000        ; 0.000      ; 2.491      ;
; 2.225 ; 74161:inst|f74161:sub|99   ; 74161:inst1|f74161:sub|99  ; iSW[0]       ; iSW[0]      ; 0.000        ; 0.000      ; 2.491      ;
; 2.225 ; 74161:inst|f74161:sub|99   ; 74161:inst|f74161:sub|87   ; iSW[0]       ; iSW[0]      ; 0.000        ; 0.000      ; 2.491      ;
; 2.225 ; 74161:inst|f74161:sub|99   ; 74161:inst|f74161:sub|99   ; iSW[0]       ; iSW[0]      ; 0.000        ; 0.000      ; 2.491      ;
; 2.225 ; 74161:inst|f74161:sub|99   ; 74161:inst|f74161:sub|110  ; iSW[0]       ; iSW[0]      ; 0.000        ; 0.000      ; 2.491      ;
; 2.225 ; 74161:inst|f74161:sub|99   ; 74161:inst|f74161:sub|9    ; iSW[0]       ; iSW[0]      ; 0.000        ; 0.000      ; 2.491      ;
; 2.225 ; 74161:inst|f74161:sub|99   ; 74161:inst1|f74161:sub|110 ; iSW[0]       ; iSW[0]      ; 0.000        ; 0.000      ; 2.491      ;
; 2.239 ; 74161:inst|f74161:sub|110  ; 74161:inst1|f74161:sub|9   ; iSW[0]       ; iSW[0]      ; 0.000        ; 0.000      ; 2.505      ;
; 2.239 ; 74161:inst|f74161:sub|110  ; 74161:inst1|f74161:sub|87  ; iSW[0]       ; iSW[0]      ; 0.000        ; 0.000      ; 2.505      ;
; 2.239 ; 74161:inst|f74161:sub|110  ; 74161:inst1|f74161:sub|99  ; iSW[0]       ; iSW[0]      ; 0.000        ; 0.000      ; 2.505      ;
; 2.239 ; 74161:inst|f74161:sub|110  ; 74161:inst|f74161:sub|87   ; iSW[0]       ; iSW[0]      ; 0.000        ; 0.000      ; 2.505      ;
; 2.239 ; 74161:inst|f74161:sub|110  ; 74161:inst|f74161:sub|99   ; iSW[0]       ; iSW[0]      ; 0.000        ; 0.000      ; 2.505      ;
; 2.239 ; 74161:inst|f74161:sub|110  ; 74161:inst|f74161:sub|110  ; iSW[0]       ; iSW[0]      ; 0.000        ; 0.000      ; 2.505      ;
; 2.239 ; 74161:inst|f74161:sub|110  ; 74161:inst|f74161:sub|9    ; iSW[0]       ; iSW[0]      ; 0.000        ; 0.000      ; 2.505      ;
; 2.239 ; 74161:inst|f74161:sub|110  ; 74161:inst1|f74161:sub|110 ; iSW[0]       ; iSW[0]      ; 0.000        ; 0.000      ; 2.505      ;
; 2.302 ; 74161:inst1|f74161:sub|110 ; 74161:inst1|f74161:sub|9   ; iSW[0]       ; iSW[0]      ; 0.000        ; 0.000      ; 2.568      ;
; 2.302 ; 74161:inst1|f74161:sub|110 ; 74161:inst1|f74161:sub|87  ; iSW[0]       ; iSW[0]      ; 0.000        ; 0.000      ; 2.568      ;
; 2.302 ; 74161:inst1|f74161:sub|110 ; 74161:inst1|f74161:sub|99  ; iSW[0]       ; iSW[0]      ; 0.000        ; 0.000      ; 2.568      ;
; 2.302 ; 74161:inst1|f74161:sub|110 ; 74161:inst|f74161:sub|87   ; iSW[0]       ; iSW[0]      ; 0.000        ; 0.000      ; 2.568      ;
; 2.302 ; 74161:inst1|f74161:sub|110 ; 74161:inst|f74161:sub|99   ; iSW[0]       ; iSW[0]      ; 0.000        ; 0.000      ; 2.568      ;
; 2.302 ; 74161:inst1|f74161:sub|110 ; 74161:inst|f74161:sub|110  ; iSW[0]       ; iSW[0]      ; 0.000        ; 0.000      ; 2.568      ;
; 2.302 ; 74161:inst1|f74161:sub|110 ; 74161:inst|f74161:sub|9    ; iSW[0]       ; iSW[0]      ; 0.000        ; 0.000      ; 2.568      ;
; 2.302 ; 74161:inst1|f74161:sub|110 ; 74161:inst1|f74161:sub|110 ; iSW[0]       ; iSW[0]      ; 0.000        ; 0.000      ; 2.568      ;
; 2.309 ; 74161:inst|f74161:sub|87   ; 74161:inst1|f74161:sub|9   ; iSW[0]       ; iSW[0]      ; 0.000        ; 0.000      ; 2.575      ;
; 2.309 ; 74161:inst|f74161:sub|87   ; 74161:inst1|f74161:sub|87  ; iSW[0]       ; iSW[0]      ; 0.000        ; 0.000      ; 2.575      ;
; 2.309 ; 74161:inst|f74161:sub|87   ; 74161:inst1|f74161:sub|99  ; iSW[0]       ; iSW[0]      ; 0.000        ; 0.000      ; 2.575      ;
; 2.309 ; 74161:inst|f74161:sub|87   ; 74161:inst|f74161:sub|87   ; iSW[0]       ; iSW[0]      ; 0.000        ; 0.000      ; 2.575      ;
; 2.309 ; 74161:inst|f74161:sub|87   ; 74161:inst|f74161:sub|99   ; iSW[0]       ; iSW[0]      ; 0.000        ; 0.000      ; 2.575      ;
; 2.309 ; 74161:inst|f74161:sub|87   ; 74161:inst|f74161:sub|110  ; iSW[0]       ; iSW[0]      ; 0.000        ; 0.000      ; 2.575      ;
; 2.309 ; 74161:inst|f74161:sub|87   ; 74161:inst|f74161:sub|9    ; iSW[0]       ; iSW[0]      ; 0.000        ; 0.000      ; 2.575      ;
; 2.309 ; 74161:inst|f74161:sub|87   ; 74161:inst1|f74161:sub|110 ; iSW[0]       ; iSW[0]      ; 0.000        ; 0.000      ; 2.575      ;
+-------+----------------------------+----------------------------+--------------+-------------+--------------+------------+------------+


+--------------------------------------------------------------------------------------------------------------+
; Slow Model Minimum Pulse Width: 'iSW[0]'                                                                     ;
+--------+--------------+----------------+------------------+--------+------------+----------------------------+
; Slack  ; Actual Width ; Required Width ; Type             ; Clock  ; Clock Edge ; Target                     ;
+--------+--------------+----------------+------------------+--------+------------+----------------------------+
; -1.222 ; 1.000        ; 2.222          ; Port Rate        ; iSW[0] ; Rise       ; iSW[0]                     ;
; -0.500 ; 0.500        ; 1.000          ; High Pulse Width ; iSW[0] ; Rise       ; 74161:inst1|f74161:sub|110 ;
; -0.500 ; 0.500        ; 1.000          ; Low Pulse Width  ; iSW[0] ; Rise       ; 74161:inst1|f74161:sub|110 ;
; -0.500 ; 0.500        ; 1.000          ; High Pulse Width ; iSW[0] ; Rise       ; 74161:inst1|f74161:sub|87  ;
; -0.500 ; 0.500        ; 1.000          ; Low Pulse Width  ; iSW[0] ; Rise       ; 74161:inst1|f74161:sub|87  ;
; -0.500 ; 0.500        ; 1.000          ; High Pulse Width ; iSW[0] ; Rise       ; 74161:inst1|f74161:sub|9   ;
; -0.500 ; 0.500        ; 1.000          ; Low Pulse Width  ; iSW[0] ; Rise       ; 74161:inst1|f74161:sub|9   ;
; -0.500 ; 0.500        ; 1.000          ; High Pulse Width ; iSW[0] ; Rise       ; 74161:inst1|f74161:sub|99  ;
; -0.500 ; 0.500        ; 1.000          ; Low Pulse Width  ; iSW[0] ; Rise       ; 74161:inst1|f74161:sub|99  ;
; -0.500 ; 0.500        ; 1.000          ; High Pulse Width ; iSW[0] ; Rise       ; 74161:inst|f74161:sub|110  ;
; -0.500 ; 0.500        ; 1.000          ; Low Pulse Width  ; iSW[0] ; Rise       ; 74161:inst|f74161:sub|110  ;
; -0.500 ; 0.500        ; 1.000          ; High Pulse Width ; iSW[0] ; Rise       ; 74161:inst|f74161:sub|87   ;
; -0.500 ; 0.500        ; 1.000          ; Low Pulse Width  ; iSW[0] ; Rise       ; 74161:inst|f74161:sub|87   ;
; -0.500 ; 0.500        ; 1.000          ; High Pulse Width ; iSW[0] ; Rise       ; 74161:inst|f74161:sub|9    ;
; -0.500 ; 0.500        ; 1.000          ; Low Pulse Width  ; iSW[0] ; Rise       ; 74161:inst|f74161:sub|9    ;
; -0.500 ; 0.500        ; 1.000          ; High Pulse Width ; iSW[0] ; Rise       ; 74161:inst|f74161:sub|99   ;
; -0.500 ; 0.500        ; 1.000          ; Low Pulse Width  ; iSW[0] ; Rise       ; 74161:inst|f74161:sub|99   ;
; 0.500  ; 0.500        ; 0.000          ; High Pulse Width ; iSW[0] ; Rise       ; iSW[0]|combout             ;
; 0.500  ; 0.500        ; 0.000          ; Low Pulse Width  ; iSW[0] ; Rise       ; iSW[0]|combout             ;
; 0.500  ; 0.500        ; 0.000          ; High Pulse Width ; iSW[0] ; Rise       ; inst1|sub|110|clk          ;
; 0.500  ; 0.500        ; 0.000          ; Low Pulse Width  ; iSW[0] ; Rise       ; inst1|sub|110|clk          ;
; 0.500  ; 0.500        ; 0.000          ; High Pulse Width ; iSW[0] ; Rise       ; inst1|sub|87|clk           ;
; 0.500  ; 0.500        ; 0.000          ; Low Pulse Width  ; iSW[0] ; Rise       ; inst1|sub|87|clk           ;
; 0.500  ; 0.500        ; 0.000          ; High Pulse Width ; iSW[0] ; Rise       ; inst1|sub|99|clk           ;
; 0.500  ; 0.500        ; 0.000          ; Low Pulse Width  ; iSW[0] ; Rise       ; inst1|sub|99|clk           ;
; 0.500  ; 0.500        ; 0.000          ; High Pulse Width ; iSW[0] ; Rise       ; inst1|sub|9|clk            ;
; 0.500  ; 0.500        ; 0.000          ; Low Pulse Width  ; iSW[0] ; Rise       ; inst1|sub|9|clk            ;
; 0.500  ; 0.500        ; 0.000          ; High Pulse Width ; iSW[0] ; Rise       ; inst|sub|110|clk           ;
; 0.500  ; 0.500        ; 0.000          ; Low Pulse Width  ; iSW[0] ; Rise       ; inst|sub|110|clk           ;
; 0.500  ; 0.500        ; 0.000          ; High Pulse Width ; iSW[0] ; Rise       ; inst|sub|87|clk            ;
; 0.500  ; 0.500        ; 0.000          ; Low Pulse Width  ; iSW[0] ; Rise       ; inst|sub|87|clk            ;
; 0.500  ; 0.500        ; 0.000          ; High Pulse Width ; iSW[0] ; Rise       ; inst|sub|99|clk            ;
; 0.500  ; 0.500        ; 0.000          ; Low Pulse Width  ; iSW[0] ; Rise       ; inst|sub|99|clk            ;
; 0.500  ; 0.500        ; 0.000          ; High Pulse Width ; iSW[0] ; Rise       ; inst|sub|9|clk             ;
; 0.500  ; 0.500        ; 0.000          ; Low Pulse Width  ; iSW[0] ; Rise       ; inst|sub|9|clk             ;
+--------+--------------+----------------+------------------+--------+------------+----------------------------+


+-----------------------------------------------------------------------+
; Clock to Output Times                                                 ;
+-----------+------------+-------+-------+------------+-----------------+
; Data Port ; Clock Port ; Rise  ; Fall  ; Clock Edge ; Clock Reference ;
+-----------+------------+-------+-------+------------+-----------------+
; oLEDG[*]  ; iSW[0]     ; 6.517 ; 6.517 ; Rise       ; iSW[0]          ;
;  oLEDG[0] ; iSW[0]     ; 6.336 ; 6.336 ; Rise       ; iSW[0]          ;
;  oLEDG[1] ; iSW[0]     ; 6.058 ; 6.058 ; Rise       ; iSW[0]          ;
;  oLEDG[2] ; iSW[0]     ; 6.049 ; 6.049 ; Rise       ; iSW[0]          ;
;  oLEDG[3] ; iSW[0]     ; 6.517 ; 6.517 ; Rise       ; iSW[0]          ;
;  oLEDG[4] ; iSW[0]     ; 5.913 ; 5.913 ; Rise       ; iSW[0]          ;
;  oLEDG[5] ; iSW[0]     ; 5.675 ; 5.675 ; Rise       ; iSW[0]          ;
;  oLEDG[6] ; iSW[0]     ; 6.004 ; 6.004 ; Rise       ; iSW[0]          ;
;  oLEDG[7] ; iSW[0]     ; 5.436 ; 5.436 ; Rise       ; iSW[0]          ;
+-----------+------------+-------+-------+------------+-----------------+


+-----------------------------------------------------------------------+
; Minimum Clock to Output Times                                         ;
+-----------+------------+-------+-------+------------+-----------------+
; Data Port ; Clock Port ; Rise  ; Fall  ; Clock Edge ; Clock Reference ;
+-----------+------------+-------+-------+------------+-----------------+
; oLEDG[*]  ; iSW[0]     ; 5.436 ; 5.436 ; Rise       ; iSW[0]          ;
;  oLEDG[0] ; iSW[0]     ; 6.336 ; 6.336 ; Rise       ; iSW[0]          ;
;  oLEDG[1] ; iSW[0]     ; 6.058 ; 6.058 ; Rise       ; iSW[0]          ;
;  oLEDG[2] ; iSW[0]     ; 6.049 ; 6.049 ; Rise       ; iSW[0]          ;
;  oLEDG[3] ; iSW[0]     ; 6.517 ; 6.517 ; Rise       ; iSW[0]          ;
;  oLEDG[4] ; iSW[0]     ; 5.913 ; 5.913 ; Rise       ; iSW[0]          ;
;  oLEDG[5] ; iSW[0]     ; 5.675 ; 5.675 ; Rise       ; iSW[0]          ;
;  oLEDG[6] ; iSW[0]     ; 6.004 ; 6.004 ; Rise       ; iSW[0]          ;
;  oLEDG[7] ; iSW[0]     ; 5.436 ; 5.436 ; Rise       ; iSW[0]          ;
+-----------+------------+-------+-------+------------+-----------------+


+--------------------------------+
; Fast Model Setup Summary       ;
+--------+-------+---------------+
; Clock  ; Slack ; End Point TNS ;
+--------+-------+---------------+
; iSW[0] ; 0.262 ; 0.000         ;
+--------+-------+---------------+


+--------------------------------+
; Fast Model Hold Summary        ;
+--------+-------+---------------+
; Clock  ; Slack ; End Point TNS ;
+--------+-------+---------------+
; iSW[0] ; 0.215 ; 0.000         ;
+--------+-------+---------------+


+---------------------------------+
; Fast Model Recovery Summary     ;
+--------+--------+---------------+
; Clock  ; Slack  ; End Point TNS ;
+--------+--------+---------------+
; iSW[0] ; -0.261 ; -2.088        ;
+--------+--------+---------------+


+--------------------------------+
; Fast Model Removal Summary     ;
+--------+-------+---------------+
; Clock  ; Slack ; End Point TNS ;
+--------+-------+---------------+
; iSW[0] ; 0.926 ; 0.000         ;
+--------+-------+---------------+


+----------------------------------------+
; Fast Model Minimum Pulse Width Summary ;
+--------+--------+----------------------+
; Clock  ; Slack  ; End Point TNS        ;
+--------+--------+----------------------+
; iSW[0] ; -1.222 ; -9.222               ;
+--------+--------+----------------------+


+---------------------------------------------------------------------------------------------------------------------------------------+
; Fast Model Setup: 'iSW[0]'                                                                                                            ;
+-------+----------------------------+----------------------------+--------------+-------------+--------------+------------+------------+
; Slack ; From Node                  ; To Node                    ; Launch Clock ; Latch Clock ; Relationship ; Clock Skew ; Data Delay ;
+-------+----------------------------+----------------------------+--------------+-------------+--------------+------------+------------+
; 0.262 ; 74161:inst1|f74161:sub|9   ; 74161:inst1|f74161:sub|110 ; iSW[0]       ; iSW[0]      ; 1.000        ; 0.000      ; 0.770      ;
; 0.288 ; 74161:inst|f74161:sub|87   ; 74161:inst1|f74161:sub|99  ; iSW[0]       ; iSW[0]      ; 1.000        ; 0.000      ; 0.744      ;
; 0.289 ; 74161:inst|f74161:sub|87   ; 74161:inst1|f74161:sub|87  ; iSW[0]       ; iSW[0]      ; 1.000        ; 0.000      ; 0.743      ;
; 0.290 ; 74161:inst|f74161:sub|87   ; 74161:inst1|f74161:sub|110 ; iSW[0]       ; iSW[0]      ; 1.000        ; 0.000      ; 0.742      ;
; 0.291 ; 74161:inst|f74161:sub|87   ; 74161:inst1|f74161:sub|9   ; iSW[0]       ; iSW[0]      ; 1.000        ; 0.000      ; 0.741      ;
; 0.294 ; 74161:inst1|f74161:sub|87  ; 74161:inst1|f74161:sub|110 ; iSW[0]       ; iSW[0]      ; 1.000        ; 0.000      ; 0.738      ;
; 0.316 ; 74161:inst|f74161:sub|110  ; 74161:inst1|f74161:sub|99  ; iSW[0]       ; iSW[0]      ; 1.000        ; 0.000      ; 0.716      ;
; 0.317 ; 74161:inst|f74161:sub|110  ; 74161:inst1|f74161:sub|87  ; iSW[0]       ; iSW[0]      ; 1.000        ; 0.000      ; 0.715      ;
; 0.318 ; 74161:inst|f74161:sub|110  ; 74161:inst1|f74161:sub|110 ; iSW[0]       ; iSW[0]      ; 1.000        ; 0.000      ; 0.714      ;
; 0.319 ; 74161:inst|f74161:sub|110  ; 74161:inst1|f74161:sub|9   ; iSW[0]       ; iSW[0]      ; 1.000        ; 0.000      ; 0.713      ;
; 0.325 ; 74161:inst|f74161:sub|99   ; 74161:inst1|f74161:sub|99  ; iSW[0]       ; iSW[0]      ; 1.000        ; 0.000      ; 0.707      ;
; 0.326 ; 74161:inst|f74161:sub|99   ; 74161:inst1|f74161:sub|87  ; iSW[0]       ; iSW[0]      ; 1.000        ; 0.000      ; 0.706      ;
; 0.327 ; 74161:inst|f74161:sub|99   ; 74161:inst1|f74161:sub|110 ; iSW[0]       ; iSW[0]      ; 1.000        ; 0.000      ; 0.705      ;
; 0.328 ; 74161:inst|f74161:sub|99   ; 74161:inst1|f74161:sub|9   ; iSW[0]       ; iSW[0]      ; 1.000        ; 0.000      ; 0.704      ;
; 0.410 ; 74161:inst|f74161:sub|87   ; 74161:inst|f74161:sub|110  ; iSW[0]       ; iSW[0]      ; 1.000        ; 0.000      ; 0.622      ;
; 0.417 ; 74161:inst1|f74161:sub|87  ; 74161:inst1|f74161:sub|99  ; iSW[0]       ; iSW[0]      ; 1.000        ; 0.000      ; 0.615      ;
; 0.426 ; 74161:inst1|f74161:sub|99  ; 74161:inst1|f74161:sub|110 ; iSW[0]       ; iSW[0]      ; 1.000        ; 0.000      ; 0.606      ;
; 0.427 ; 74161:inst|f74161:sub|9    ; 74161:inst|f74161:sub|110  ; iSW[0]       ; iSW[0]      ; 1.000        ; 0.000      ; 0.605      ;
; 0.429 ; 74161:inst|f74161:sub|9    ; 74161:inst|f74161:sub|99   ; iSW[0]       ; iSW[0]      ; 1.000        ; 0.000      ; 0.603      ;
; 0.430 ; 74161:inst|f74161:sub|9    ; 74161:inst|f74161:sub|87   ; iSW[0]       ; iSW[0]      ; 1.000        ; 0.000      ; 0.602      ;
; 0.445 ; 74161:inst|f74161:sub|9    ; 74161:inst1|f74161:sub|99  ; iSW[0]       ; iSW[0]      ; 1.000        ; 0.000      ; 0.587      ;
; 0.446 ; 74161:inst|f74161:sub|9    ; 74161:inst1|f74161:sub|87  ; iSW[0]       ; iSW[0]      ; 1.000        ; 0.000      ; 0.586      ;
; 0.447 ; 74161:inst|f74161:sub|9    ; 74161:inst1|f74161:sub|110 ; iSW[0]       ; iSW[0]      ; 1.000        ; 0.000      ; 0.585      ;
; 0.448 ; 74161:inst|f74161:sub|9    ; 74161:inst1|f74161:sub|9   ; iSW[0]       ; iSW[0]      ; 1.000        ; 0.000      ; 0.584      ;
; 0.508 ; 74161:inst1|f74161:sub|9   ; 74161:inst1|f74161:sub|99  ; iSW[0]       ; iSW[0]      ; 1.000        ; 0.000      ; 0.524      ;
; 0.511 ; 74161:inst1|f74161:sub|9   ; 74161:inst1|f74161:sub|87  ; iSW[0]       ; iSW[0]      ; 1.000        ; 0.000      ; 0.521      ;
; 0.626 ; 74161:inst|f74161:sub|99   ; 74161:inst|f74161:sub|110  ; iSW[0]       ; iSW[0]      ; 1.000        ; 0.000      ; 0.406      ;
; 0.637 ; 74161:inst|f74161:sub|87   ; 74161:inst|f74161:sub|99   ; iSW[0]       ; iSW[0]      ; 1.000        ; 0.000      ; 0.395      ;
; 0.665 ; 74161:inst|f74161:sub|9    ; 74161:inst|f74161:sub|9    ; iSW[0]       ; iSW[0]      ; 1.000        ; 0.000      ; 0.367      ;
; 0.665 ; 74161:inst1|f74161:sub|110 ; 74161:inst1|f74161:sub|110 ; iSW[0]       ; iSW[0]      ; 1.000        ; 0.000      ; 0.367      ;
; 0.665 ; 74161:inst1|f74161:sub|99  ; 74161:inst1|f74161:sub|99  ; iSW[0]       ; iSW[0]      ; 1.000        ; 0.000      ; 0.367      ;
; 0.665 ; 74161:inst1|f74161:sub|87  ; 74161:inst1|f74161:sub|87  ; iSW[0]       ; iSW[0]      ; 1.000        ; 0.000      ; 0.367      ;
; 0.665 ; 74161:inst1|f74161:sub|9   ; 74161:inst1|f74161:sub|9   ; iSW[0]       ; iSW[0]      ; 1.000        ; 0.000      ; 0.367      ;
; 0.665 ; 74161:inst|f74161:sub|110  ; 74161:inst|f74161:sub|110  ; iSW[0]       ; iSW[0]      ; 1.000        ; 0.000      ; 0.367      ;
; 0.665 ; 74161:inst|f74161:sub|99   ; 74161:inst|f74161:sub|99   ; iSW[0]       ; iSW[0]      ; 1.000        ; 0.000      ; 0.367      ;
; 0.665 ; 74161:inst|f74161:sub|87   ; 74161:inst|f74161:sub|87   ; iSW[0]       ; iSW[0]      ; 1.000        ; 0.000      ; 0.367      ;
+-------+----------------------------+----------------------------+--------------+-------------+--------------+------------+------------+


+---------------------------------------------------------------------------------------------------------------------------------------+
; Fast Model Hold: 'iSW[0]'                                                                                                             ;
+-------+----------------------------+----------------------------+--------------+-------------+--------------+------------+------------+
; Slack ; From Node                  ; To Node                    ; Launch Clock ; Latch Clock ; Relationship ; Clock Skew ; Data Delay ;
+-------+----------------------------+----------------------------+--------------+-------------+--------------+------------+------------+
; 0.215 ; 74161:inst1|f74161:sub|9   ; 74161:inst1|f74161:sub|9   ; iSW[0]       ; iSW[0]      ; 0.000        ; 0.000      ; 0.367      ;
; 0.215 ; 74161:inst1|f74161:sub|87  ; 74161:inst1|f74161:sub|87  ; iSW[0]       ; iSW[0]      ; 0.000        ; 0.000      ; 0.367      ;
; 0.215 ; 74161:inst1|f74161:sub|99  ; 74161:inst1|f74161:sub|99  ; iSW[0]       ; iSW[0]      ; 0.000        ; 0.000      ; 0.367      ;
; 0.215 ; 74161:inst|f74161:sub|87   ; 74161:inst|f74161:sub|87   ; iSW[0]       ; iSW[0]      ; 0.000        ; 0.000      ; 0.367      ;
; 0.215 ; 74161:inst|f74161:sub|99   ; 74161:inst|f74161:sub|99   ; iSW[0]       ; iSW[0]      ; 0.000        ; 0.000      ; 0.367      ;
; 0.215 ; 74161:inst|f74161:sub|110  ; 74161:inst|f74161:sub|110  ; iSW[0]       ; iSW[0]      ; 0.000        ; 0.000      ; 0.367      ;
; 0.215 ; 74161:inst|f74161:sub|9    ; 74161:inst|f74161:sub|9    ; iSW[0]       ; iSW[0]      ; 0.000        ; 0.000      ; 0.367      ;
; 0.215 ; 74161:inst1|f74161:sub|110 ; 74161:inst1|f74161:sub|110 ; iSW[0]       ; iSW[0]      ; 0.000        ; 0.000      ; 0.367      ;
; 0.243 ; 74161:inst|f74161:sub|87   ; 74161:inst|f74161:sub|99   ; iSW[0]       ; iSW[0]      ; 0.000        ; 0.000      ; 0.395      ;
; 0.254 ; 74161:inst|f74161:sub|99   ; 74161:inst|f74161:sub|110  ; iSW[0]       ; iSW[0]      ; 0.000        ; 0.000      ; 0.406      ;
; 0.369 ; 74161:inst1|f74161:sub|9   ; 74161:inst1|f74161:sub|87  ; iSW[0]       ; iSW[0]      ; 0.000        ; 0.000      ; 0.521      ;
; 0.372 ; 74161:inst1|f74161:sub|9   ; 74161:inst1|f74161:sub|99  ; iSW[0]       ; iSW[0]      ; 0.000        ; 0.000      ; 0.524      ;
; 0.432 ; 74161:inst|f74161:sub|9    ; 74161:inst1|f74161:sub|9   ; iSW[0]       ; iSW[0]      ; 0.000        ; 0.000      ; 0.584      ;
; 0.433 ; 74161:inst|f74161:sub|9    ; 74161:inst1|f74161:sub|110 ; iSW[0]       ; iSW[0]      ; 0.000        ; 0.000      ; 0.585      ;
; 0.434 ; 74161:inst|f74161:sub|9    ; 74161:inst1|f74161:sub|87  ; iSW[0]       ; iSW[0]      ; 0.000        ; 0.000      ; 0.586      ;
; 0.435 ; 74161:inst|f74161:sub|9    ; 74161:inst1|f74161:sub|99  ; iSW[0]       ; iSW[0]      ; 0.000        ; 0.000      ; 0.587      ;
; 0.450 ; 74161:inst|f74161:sub|9    ; 74161:inst|f74161:sub|87   ; iSW[0]       ; iSW[0]      ; 0.000        ; 0.000      ; 0.602      ;
; 0.451 ; 74161:inst|f74161:sub|9    ; 74161:inst|f74161:sub|99   ; iSW[0]       ; iSW[0]      ; 0.000        ; 0.000      ; 0.603      ;
; 0.453 ; 74161:inst|f74161:sub|9    ; 74161:inst|f74161:sub|110  ; iSW[0]       ; iSW[0]      ; 0.000        ; 0.000      ; 0.605      ;
; 0.454 ; 74161:inst1|f74161:sub|99  ; 74161:inst1|f74161:sub|110 ; iSW[0]       ; iSW[0]      ; 0.000        ; 0.000      ; 0.606      ;
; 0.463 ; 74161:inst1|f74161:sub|87  ; 74161:inst1|f74161:sub|99  ; iSW[0]       ; iSW[0]      ; 0.000        ; 0.000      ; 0.615      ;
; 0.470 ; 74161:inst|f74161:sub|87   ; 74161:inst|f74161:sub|110  ; iSW[0]       ; iSW[0]      ; 0.000        ; 0.000      ; 0.622      ;
; 0.552 ; 74161:inst|f74161:sub|99   ; 74161:inst1|f74161:sub|9   ; iSW[0]       ; iSW[0]      ; 0.000        ; 0.000      ; 0.704      ;
; 0.553 ; 74161:inst|f74161:sub|99   ; 74161:inst1|f74161:sub|110 ; iSW[0]       ; iSW[0]      ; 0.000        ; 0.000      ; 0.705      ;
; 0.554 ; 74161:inst|f74161:sub|99   ; 74161:inst1|f74161:sub|87  ; iSW[0]       ; iSW[0]      ; 0.000        ; 0.000      ; 0.706      ;
; 0.555 ; 74161:inst|f74161:sub|99   ; 74161:inst1|f74161:sub|99  ; iSW[0]       ; iSW[0]      ; 0.000        ; 0.000      ; 0.707      ;
; 0.561 ; 74161:inst|f74161:sub|110  ; 74161:inst1|f74161:sub|9   ; iSW[0]       ; iSW[0]      ; 0.000        ; 0.000      ; 0.713      ;
; 0.562 ; 74161:inst|f74161:sub|110  ; 74161:inst1|f74161:sub|110 ; iSW[0]       ; iSW[0]      ; 0.000        ; 0.000      ; 0.714      ;
; 0.563 ; 74161:inst|f74161:sub|110  ; 74161:inst1|f74161:sub|87  ; iSW[0]       ; iSW[0]      ; 0.000        ; 0.000      ; 0.715      ;
; 0.564 ; 74161:inst|f74161:sub|110  ; 74161:inst1|f74161:sub|99  ; iSW[0]       ; iSW[0]      ; 0.000        ; 0.000      ; 0.716      ;
; 0.586 ; 74161:inst1|f74161:sub|87  ; 74161:inst1|f74161:sub|110 ; iSW[0]       ; iSW[0]      ; 0.000        ; 0.000      ; 0.738      ;
; 0.589 ; 74161:inst|f74161:sub|87   ; 74161:inst1|f74161:sub|9   ; iSW[0]       ; iSW[0]      ; 0.000        ; 0.000      ; 0.741      ;
; 0.590 ; 74161:inst|f74161:sub|87   ; 74161:inst1|f74161:sub|110 ; iSW[0]       ; iSW[0]      ; 0.000        ; 0.000      ; 0.742      ;
; 0.591 ; 74161:inst|f74161:sub|87   ; 74161:inst1|f74161:sub|87  ; iSW[0]       ; iSW[0]      ; 0.000        ; 0.000      ; 0.743      ;
; 0.592 ; 74161:inst|f74161:sub|87   ; 74161:inst1|f74161:sub|99  ; iSW[0]       ; iSW[0]      ; 0.000        ; 0.000      ; 0.744      ;
; 0.618 ; 74161:inst1|f74161:sub|9   ; 74161:inst1|f74161:sub|110 ; iSW[0]       ; iSW[0]      ; 0.000        ; 0.000      ; 0.770      ;
+-------+----------------------------+----------------------------+--------------+-------------+--------------+------------+------------+


+----------------------------------------------------------------------------------------------------------------------------------------+
; Fast Model Recovery: 'iSW[0]'                                                                                                          ;
+--------+----------------------------+----------------------------+--------------+-------------+--------------+------------+------------+
; Slack  ; From Node                  ; To Node                    ; Launch Clock ; Latch Clock ; Relationship ; Clock Skew ; Data Delay ;
+--------+----------------------------+----------------------------+--------------+-------------+--------------+------------+------------+
; -0.261 ; 74161:inst1|f74161:sub|110 ; 74161:inst1|f74161:sub|9   ; iSW[0]       ; iSW[0]      ; 1.000        ; 0.000      ; 1.293      ;
; -0.261 ; 74161:inst1|f74161:sub|110 ; 74161:inst1|f74161:sub|87  ; iSW[0]       ; iSW[0]      ; 1.000        ; 0.000      ; 1.293      ;
; -0.261 ; 74161:inst1|f74161:sub|110 ; 74161:inst1|f74161:sub|99  ; iSW[0]       ; iSW[0]      ; 1.000        ; 0.000      ; 1.293      ;
; -0.261 ; 74161:inst1|f74161:sub|110 ; 74161:inst|f74161:sub|87   ; iSW[0]       ; iSW[0]      ; 1.000        ; 0.000      ; 1.293      ;
; -0.261 ; 74161:inst1|f74161:sub|110 ; 74161:inst|f74161:sub|99   ; iSW[0]       ; iSW[0]      ; 1.000        ; 0.000      ; 1.293      ;
; -0.261 ; 74161:inst1|f74161:sub|110 ; 74161:inst|f74161:sub|110  ; iSW[0]       ; iSW[0]      ; 1.000        ; 0.000      ; 1.293      ;
; -0.261 ; 74161:inst1|f74161:sub|110 ; 74161:inst|f74161:sub|9    ; iSW[0]       ; iSW[0]      ; 1.000        ; 0.000      ; 1.293      ;
; -0.261 ; 74161:inst1|f74161:sub|110 ; 74161:inst1|f74161:sub|110 ; iSW[0]       ; iSW[0]      ; 1.000        ; 0.000      ; 1.293      ;
; -0.237 ; 74161:inst|f74161:sub|87   ; 74161:inst1|f74161:sub|9   ; iSW[0]       ; iSW[0]      ; 1.000        ; 0.000      ; 1.269      ;
; -0.237 ; 74161:inst|f74161:sub|87   ; 74161:inst1|f74161:sub|87  ; iSW[0]       ; iSW[0]      ; 1.000        ; 0.000      ; 1.269      ;
; -0.237 ; 74161:inst|f74161:sub|87   ; 74161:inst1|f74161:sub|99  ; iSW[0]       ; iSW[0]      ; 1.000        ; 0.000      ; 1.269      ;
; -0.237 ; 74161:inst|f74161:sub|87   ; 74161:inst|f74161:sub|87   ; iSW[0]       ; iSW[0]      ; 1.000        ; 0.000      ; 1.269      ;
; -0.237 ; 74161:inst|f74161:sub|87   ; 74161:inst|f74161:sub|99   ; iSW[0]       ; iSW[0]      ; 1.000        ; 0.000      ; 1.269      ;
; -0.237 ; 74161:inst|f74161:sub|87   ; 74161:inst|f74161:sub|110  ; iSW[0]       ; iSW[0]      ; 1.000        ; 0.000      ; 1.269      ;
; -0.237 ; 74161:inst|f74161:sub|87   ; 74161:inst|f74161:sub|9    ; iSW[0]       ; iSW[0]      ; 1.000        ; 0.000      ; 1.269      ;
; -0.237 ; 74161:inst|f74161:sub|87   ; 74161:inst1|f74161:sub|110 ; iSW[0]       ; iSW[0]      ; 1.000        ; 0.000      ; 1.269      ;
; -0.225 ; 74161:inst|f74161:sub|99   ; 74161:inst1|f74161:sub|9   ; iSW[0]       ; iSW[0]      ; 1.000        ; 0.000      ; 1.257      ;
; -0.225 ; 74161:inst|f74161:sub|99   ; 74161:inst1|f74161:sub|87  ; iSW[0]       ; iSW[0]      ; 1.000        ; 0.000      ; 1.257      ;
; -0.225 ; 74161:inst|f74161:sub|99   ; 74161:inst1|f74161:sub|99  ; iSW[0]       ; iSW[0]      ; 1.000        ; 0.000      ; 1.257      ;
; -0.225 ; 74161:inst|f74161:sub|99   ; 74161:inst|f74161:sub|87   ; iSW[0]       ; iSW[0]      ; 1.000        ; 0.000      ; 1.257      ;
; -0.225 ; 74161:inst|f74161:sub|99   ; 74161:inst|f74161:sub|99   ; iSW[0]       ; iSW[0]      ; 1.000        ; 0.000      ; 1.257      ;
; -0.225 ; 74161:inst|f74161:sub|99   ; 74161:inst|f74161:sub|110  ; iSW[0]       ; iSW[0]      ; 1.000        ; 0.000      ; 1.257      ;
; -0.225 ; 74161:inst|f74161:sub|99   ; 74161:inst|f74161:sub|9    ; iSW[0]       ; iSW[0]      ; 1.000        ; 0.000      ; 1.257      ;
; -0.225 ; 74161:inst|f74161:sub|99   ; 74161:inst1|f74161:sub|110 ; iSW[0]       ; iSW[0]      ; 1.000        ; 0.000      ; 1.257      ;
; -0.221 ; 74161:inst|f74161:sub|110  ; 74161:inst1|f74161:sub|9   ; iSW[0]       ; iSW[0]      ; 1.000        ; 0.000      ; 1.253      ;
; -0.221 ; 74161:inst|f74161:sub|110  ; 74161:inst1|f74161:sub|87  ; iSW[0]       ; iSW[0]      ; 1.000        ; 0.000      ; 1.253      ;
; -0.221 ; 74161:inst|f74161:sub|110  ; 74161:inst1|f74161:sub|99  ; iSW[0]       ; iSW[0]      ; 1.000        ; 0.000      ; 1.253      ;
; -0.221 ; 74161:inst|f74161:sub|110  ; 74161:inst|f74161:sub|87   ; iSW[0]       ; iSW[0]      ; 1.000        ; 0.000      ; 1.253      ;
; -0.221 ; 74161:inst|f74161:sub|110  ; 74161:inst|f74161:sub|99   ; iSW[0]       ; iSW[0]      ; 1.000        ; 0.000      ; 1.253      ;
; -0.221 ; 74161:inst|f74161:sub|110  ; 74161:inst|f74161:sub|110  ; iSW[0]       ; iSW[0]      ; 1.000        ; 0.000      ; 1.253      ;
; -0.221 ; 74161:inst|f74161:sub|110  ; 74161:inst|f74161:sub|9    ; iSW[0]       ; iSW[0]      ; 1.000        ; 0.000      ; 1.253      ;
; -0.221 ; 74161:inst|f74161:sub|110  ; 74161:inst1|f74161:sub|110 ; iSW[0]       ; iSW[0]      ; 1.000        ; 0.000      ; 1.253      ;
; -0.173 ; 74161:inst1|f74161:sub|9   ; 74161:inst1|f74161:sub|9   ; iSW[0]       ; iSW[0]      ; 1.000        ; 0.000      ; 1.205      ;
; -0.173 ; 74161:inst1|f74161:sub|9   ; 74161:inst1|f74161:sub|87  ; iSW[0]       ; iSW[0]      ; 1.000        ; 0.000      ; 1.205      ;
; -0.173 ; 74161:inst1|f74161:sub|9   ; 74161:inst1|f74161:sub|99  ; iSW[0]       ; iSW[0]      ; 1.000        ; 0.000      ; 1.205      ;
; -0.173 ; 74161:inst1|f74161:sub|9   ; 74161:inst|f74161:sub|87   ; iSW[0]       ; iSW[0]      ; 1.000        ; 0.000      ; 1.205      ;
; -0.173 ; 74161:inst1|f74161:sub|9   ; 74161:inst|f74161:sub|99   ; iSW[0]       ; iSW[0]      ; 1.000        ; 0.000      ; 1.205      ;
; -0.173 ; 74161:inst1|f74161:sub|9   ; 74161:inst|f74161:sub|110  ; iSW[0]       ; iSW[0]      ; 1.000        ; 0.000      ; 1.205      ;
; -0.173 ; 74161:inst1|f74161:sub|9   ; 74161:inst|f74161:sub|9    ; iSW[0]       ; iSW[0]      ; 1.000        ; 0.000      ; 1.205      ;
; -0.173 ; 74161:inst1|f74161:sub|9   ; 74161:inst1|f74161:sub|110 ; iSW[0]       ; iSW[0]      ; 1.000        ; 0.000      ; 1.205      ;
; -0.106 ; 74161:inst1|f74161:sub|87  ; 74161:inst1|f74161:sub|9   ; iSW[0]       ; iSW[0]      ; 1.000        ; 0.000      ; 1.138      ;
; -0.106 ; 74161:inst1|f74161:sub|87  ; 74161:inst1|f74161:sub|87  ; iSW[0]       ; iSW[0]      ; 1.000        ; 0.000      ; 1.138      ;
; -0.106 ; 74161:inst1|f74161:sub|87  ; 74161:inst1|f74161:sub|99  ; iSW[0]       ; iSW[0]      ; 1.000        ; 0.000      ; 1.138      ;
; -0.106 ; 74161:inst1|f74161:sub|87  ; 74161:inst|f74161:sub|87   ; iSW[0]       ; iSW[0]      ; 1.000        ; 0.000      ; 1.138      ;
; -0.106 ; 74161:inst1|f74161:sub|87  ; 74161:inst|f74161:sub|99   ; iSW[0]       ; iSW[0]      ; 1.000        ; 0.000      ; 1.138      ;
; -0.106 ; 74161:inst1|f74161:sub|87  ; 74161:inst|f74161:sub|110  ; iSW[0]       ; iSW[0]      ; 1.000        ; 0.000      ; 1.138      ;
; -0.106 ; 74161:inst1|f74161:sub|87  ; 74161:inst|f74161:sub|9    ; iSW[0]       ; iSW[0]      ; 1.000        ; 0.000      ; 1.138      ;
; -0.106 ; 74161:inst1|f74161:sub|87  ; 74161:inst1|f74161:sub|110 ; iSW[0]       ; iSW[0]      ; 1.000        ; 0.000      ; 1.138      ;
; -0.106 ; 74161:inst|f74161:sub|9    ; 74161:inst1|f74161:sub|9   ; iSW[0]       ; iSW[0]      ; 1.000        ; 0.000      ; 1.138      ;
; -0.106 ; 74161:inst|f74161:sub|9    ; 74161:inst1|f74161:sub|87  ; iSW[0]       ; iSW[0]      ; 1.000        ; 0.000      ; 1.138      ;
; -0.106 ; 74161:inst|f74161:sub|9    ; 74161:inst1|f74161:sub|99  ; iSW[0]       ; iSW[0]      ; 1.000        ; 0.000      ; 1.138      ;
; -0.106 ; 74161:inst|f74161:sub|9    ; 74161:inst|f74161:sub|87   ; iSW[0]       ; iSW[0]      ; 1.000        ; 0.000      ; 1.138      ;
; -0.106 ; 74161:inst|f74161:sub|9    ; 74161:inst|f74161:sub|99   ; iSW[0]       ; iSW[0]      ; 1.000        ; 0.000      ; 1.138      ;
; -0.106 ; 74161:inst|f74161:sub|9    ; 74161:inst|f74161:sub|110  ; iSW[0]       ; iSW[0]      ; 1.000        ; 0.000      ; 1.138      ;
; -0.106 ; 74161:inst|f74161:sub|9    ; 74161:inst|f74161:sub|9    ; iSW[0]       ; iSW[0]      ; 1.000        ; 0.000      ; 1.138      ;
; -0.106 ; 74161:inst|f74161:sub|9    ; 74161:inst1|f74161:sub|110 ; iSW[0]       ; iSW[0]      ; 1.000        ; 0.000      ; 1.138      ;
; -0.046 ; 74161:inst1|f74161:sub|99  ; 74161:inst1|f74161:sub|9   ; iSW[0]       ; iSW[0]      ; 1.000        ; 0.000      ; 1.078      ;
; -0.046 ; 74161:inst1|f74161:sub|99  ; 74161:inst1|f74161:sub|87  ; iSW[0]       ; iSW[0]      ; 1.000        ; 0.000      ; 1.078      ;
; -0.046 ; 74161:inst1|f74161:sub|99  ; 74161:inst1|f74161:sub|99  ; iSW[0]       ; iSW[0]      ; 1.000        ; 0.000      ; 1.078      ;
; -0.046 ; 74161:inst1|f74161:sub|99  ; 74161:inst|f74161:sub|87   ; iSW[0]       ; iSW[0]      ; 1.000        ; 0.000      ; 1.078      ;
; -0.046 ; 74161:inst1|f74161:sub|99  ; 74161:inst|f74161:sub|99   ; iSW[0]       ; iSW[0]      ; 1.000        ; 0.000      ; 1.078      ;
; -0.046 ; 74161:inst1|f74161:sub|99  ; 74161:inst|f74161:sub|110  ; iSW[0]       ; iSW[0]      ; 1.000        ; 0.000      ; 1.078      ;
; -0.046 ; 74161:inst1|f74161:sub|99  ; 74161:inst|f74161:sub|9    ; iSW[0]       ; iSW[0]      ; 1.000        ; 0.000      ; 1.078      ;
; -0.046 ; 74161:inst1|f74161:sub|99  ; 74161:inst1|f74161:sub|110 ; iSW[0]       ; iSW[0]      ; 1.000        ; 0.000      ; 1.078      ;
+--------+----------------------------+----------------------------+--------------+-------------+--------------+------------+------------+


+---------------------------------------------------------------------------------------------------------------------------------------+
; Fast Model Removal: 'iSW[0]'                                                                                                          ;
+-------+----------------------------+----------------------------+--------------+-------------+--------------+------------+------------+
; Slack ; From Node                  ; To Node                    ; Launch Clock ; Latch Clock ; Relationship ; Clock Skew ; Data Delay ;
+-------+----------------------------+----------------------------+--------------+-------------+--------------+------------+------------+
; 0.926 ; 74161:inst1|f74161:sub|99  ; 74161:inst1|f74161:sub|9   ; iSW[0]       ; iSW[0]      ; 0.000        ; 0.000      ; 1.078      ;
; 0.926 ; 74161:inst1|f74161:sub|99  ; 74161:inst1|f74161:sub|87  ; iSW[0]       ; iSW[0]      ; 0.000        ; 0.000      ; 1.078      ;
; 0.926 ; 74161:inst1|f74161:sub|99  ; 74161:inst1|f74161:sub|99  ; iSW[0]       ; iSW[0]      ; 0.000        ; 0.000      ; 1.078      ;
; 0.926 ; 74161:inst1|f74161:sub|99  ; 74161:inst|f74161:sub|87   ; iSW[0]       ; iSW[0]      ; 0.000        ; 0.000      ; 1.078      ;
; 0.926 ; 74161:inst1|f74161:sub|99  ; 74161:inst|f74161:sub|99   ; iSW[0]       ; iSW[0]      ; 0.000        ; 0.000      ; 1.078      ;
; 0.926 ; 74161:inst1|f74161:sub|99  ; 74161:inst|f74161:sub|110  ; iSW[0]       ; iSW[0]      ; 0.000        ; 0.000      ; 1.078      ;
; 0.926 ; 74161:inst1|f74161:sub|99  ; 74161:inst|f74161:sub|9    ; iSW[0]       ; iSW[0]      ; 0.000        ; 0.000      ; 1.078      ;
; 0.926 ; 74161:inst1|f74161:sub|99  ; 74161:inst1|f74161:sub|110 ; iSW[0]       ; iSW[0]      ; 0.000        ; 0.000      ; 1.078      ;
; 0.986 ; 74161:inst|f74161:sub|9    ; 74161:inst1|f74161:sub|9   ; iSW[0]       ; iSW[0]      ; 0.000        ; 0.000      ; 1.138      ;
; 0.986 ; 74161:inst1|f74161:sub|87  ; 74161:inst1|f74161:sub|9   ; iSW[0]       ; iSW[0]      ; 0.000        ; 0.000      ; 1.138      ;
; 0.986 ; 74161:inst|f74161:sub|9    ; 74161:inst1|f74161:sub|87  ; iSW[0]       ; iSW[0]      ; 0.000        ; 0.000      ; 1.138      ;
; 0.986 ; 74161:inst1|f74161:sub|87  ; 74161:inst1|f74161:sub|87  ; iSW[0]       ; iSW[0]      ; 0.000        ; 0.000      ; 1.138      ;
; 0.986 ; 74161:inst|f74161:sub|9    ; 74161:inst1|f74161:sub|99  ; iSW[0]       ; iSW[0]      ; 0.000        ; 0.000      ; 1.138      ;
; 0.986 ; 74161:inst1|f74161:sub|87  ; 74161:inst1|f74161:sub|99  ; iSW[0]       ; iSW[0]      ; 0.000        ; 0.000      ; 1.138      ;
; 0.986 ; 74161:inst|f74161:sub|9    ; 74161:inst|f74161:sub|87   ; iSW[0]       ; iSW[0]      ; 0.000        ; 0.000      ; 1.138      ;
; 0.986 ; 74161:inst1|f74161:sub|87  ; 74161:inst|f74161:sub|87   ; iSW[0]       ; iSW[0]      ; 0.000        ; 0.000      ; 1.138      ;
; 0.986 ; 74161:inst|f74161:sub|9    ; 74161:inst|f74161:sub|99   ; iSW[0]       ; iSW[0]      ; 0.000        ; 0.000      ; 1.138      ;
; 0.986 ; 74161:inst1|f74161:sub|87  ; 74161:inst|f74161:sub|99   ; iSW[0]       ; iSW[0]      ; 0.000        ; 0.000      ; 1.138      ;
; 0.986 ; 74161:inst|f74161:sub|9    ; 74161:inst|f74161:sub|110  ; iSW[0]       ; iSW[0]      ; 0.000        ; 0.000      ; 1.138      ;
; 0.986 ; 74161:inst1|f74161:sub|87  ; 74161:inst|f74161:sub|110  ; iSW[0]       ; iSW[0]      ; 0.000        ; 0.000      ; 1.138      ;
; 0.986 ; 74161:inst|f74161:sub|9    ; 74161:inst|f74161:sub|9    ; iSW[0]       ; iSW[0]      ; 0.000        ; 0.000      ; 1.138      ;
; 0.986 ; 74161:inst1|f74161:sub|87  ; 74161:inst|f74161:sub|9    ; iSW[0]       ; iSW[0]      ; 0.000        ; 0.000      ; 1.138      ;
; 0.986 ; 74161:inst|f74161:sub|9    ; 74161:inst1|f74161:sub|110 ; iSW[0]       ; iSW[0]      ; 0.000        ; 0.000      ; 1.138      ;
; 0.986 ; 74161:inst1|f74161:sub|87  ; 74161:inst1|f74161:sub|110 ; iSW[0]       ; iSW[0]      ; 0.000        ; 0.000      ; 1.138      ;
; 1.053 ; 74161:inst1|f74161:sub|9   ; 74161:inst1|f74161:sub|9   ; iSW[0]       ; iSW[0]      ; 0.000        ; 0.000      ; 1.205      ;
; 1.053 ; 74161:inst1|f74161:sub|9   ; 74161:inst1|f74161:sub|87  ; iSW[0]       ; iSW[0]      ; 0.000        ; 0.000      ; 1.205      ;
; 1.053 ; 74161:inst1|f74161:sub|9   ; 74161:inst1|f74161:sub|99  ; iSW[0]       ; iSW[0]      ; 0.000        ; 0.000      ; 1.205      ;
; 1.053 ; 74161:inst1|f74161:sub|9   ; 74161:inst|f74161:sub|87   ; iSW[0]       ; iSW[0]      ; 0.000        ; 0.000      ; 1.205      ;
; 1.053 ; 74161:inst1|f74161:sub|9   ; 74161:inst|f74161:sub|99   ; iSW[0]       ; iSW[0]      ; 0.000        ; 0.000      ; 1.205      ;
; 1.053 ; 74161:inst1|f74161:sub|9   ; 74161:inst|f74161:sub|110  ; iSW[0]       ; iSW[0]      ; 0.000        ; 0.000      ; 1.205      ;
; 1.053 ; 74161:inst1|f74161:sub|9   ; 74161:inst|f74161:sub|9    ; iSW[0]       ; iSW[0]      ; 0.000        ; 0.000      ; 1.205      ;
; 1.053 ; 74161:inst1|f74161:sub|9   ; 74161:inst1|f74161:sub|110 ; iSW[0]       ; iSW[0]      ; 0.000        ; 0.000      ; 1.205      ;
; 1.101 ; 74161:inst|f74161:sub|110  ; 74161:inst1|f74161:sub|9   ; iSW[0]       ; iSW[0]      ; 0.000        ; 0.000      ; 1.253      ;
; 1.101 ; 74161:inst|f74161:sub|110  ; 74161:inst1|f74161:sub|87  ; iSW[0]       ; iSW[0]      ; 0.000        ; 0.000      ; 1.253      ;
; 1.101 ; 74161:inst|f74161:sub|110  ; 74161:inst1|f74161:sub|99  ; iSW[0]       ; iSW[0]      ; 0.000        ; 0.000      ; 1.253      ;
; 1.101 ; 74161:inst|f74161:sub|110  ; 74161:inst|f74161:sub|87   ; iSW[0]       ; iSW[0]      ; 0.000        ; 0.000      ; 1.253      ;
; 1.101 ; 74161:inst|f74161:sub|110  ; 74161:inst|f74161:sub|99   ; iSW[0]       ; iSW[0]      ; 0.000        ; 0.000      ; 1.253      ;
; 1.101 ; 74161:inst|f74161:sub|110  ; 74161:inst|f74161:sub|110  ; iSW[0]       ; iSW[0]      ; 0.000        ; 0.000      ; 1.253      ;
; 1.101 ; 74161:inst|f74161:sub|110  ; 74161:inst|f74161:sub|9    ; iSW[0]       ; iSW[0]      ; 0.000        ; 0.000      ; 1.253      ;
; 1.101 ; 74161:inst|f74161:sub|110  ; 74161:inst1|f74161:sub|110 ; iSW[0]       ; iSW[0]      ; 0.000        ; 0.000      ; 1.253      ;
; 1.105 ; 74161:inst|f74161:sub|99   ; 74161:inst1|f74161:sub|9   ; iSW[0]       ; iSW[0]      ; 0.000        ; 0.000      ; 1.257      ;
; 1.105 ; 74161:inst|f74161:sub|99   ; 74161:inst1|f74161:sub|87  ; iSW[0]       ; iSW[0]      ; 0.000        ; 0.000      ; 1.257      ;
; 1.105 ; 74161:inst|f74161:sub|99   ; 74161:inst1|f74161:sub|99  ; iSW[0]       ; iSW[0]      ; 0.000        ; 0.000      ; 1.257      ;
; 1.105 ; 74161:inst|f74161:sub|99   ; 74161:inst|f74161:sub|87   ; iSW[0]       ; iSW[0]      ; 0.000        ; 0.000      ; 1.257      ;
; 1.105 ; 74161:inst|f74161:sub|99   ; 74161:inst|f74161:sub|99   ; iSW[0]       ; iSW[0]      ; 0.000        ; 0.000      ; 1.257      ;
; 1.105 ; 74161:inst|f74161:sub|99   ; 74161:inst|f74161:sub|110  ; iSW[0]       ; iSW[0]      ; 0.000        ; 0.000      ; 1.257      ;
; 1.105 ; 74161:inst|f74161:sub|99   ; 74161:inst|f74161:sub|9    ; iSW[0]       ; iSW[0]      ; 0.000        ; 0.000      ; 1.257      ;
; 1.105 ; 74161:inst|f74161:sub|99   ; 74161:inst1|f74161:sub|110 ; iSW[0]       ; iSW[0]      ; 0.000        ; 0.000      ; 1.257      ;
; 1.117 ; 74161:inst|f74161:sub|87   ; 74161:inst1|f74161:sub|9   ; iSW[0]       ; iSW[0]      ; 0.000        ; 0.000      ; 1.269      ;
; 1.117 ; 74161:inst|f74161:sub|87   ; 74161:inst1|f74161:sub|87  ; iSW[0]       ; iSW[0]      ; 0.000        ; 0.000      ; 1.269      ;
; 1.117 ; 74161:inst|f74161:sub|87   ; 74161:inst1|f74161:sub|99  ; iSW[0]       ; iSW[0]      ; 0.000        ; 0.000      ; 1.269      ;
; 1.117 ; 74161:inst|f74161:sub|87   ; 74161:inst|f74161:sub|87   ; iSW[0]       ; iSW[0]      ; 0.000        ; 0.000      ; 1.269      ;
; 1.117 ; 74161:inst|f74161:sub|87   ; 74161:inst|f74161:sub|99   ; iSW[0]       ; iSW[0]      ; 0.000        ; 0.000      ; 1.269      ;
; 1.117 ; 74161:inst|f74161:sub|87   ; 74161:inst|f74161:sub|110  ; iSW[0]       ; iSW[0]      ; 0.000        ; 0.000      ; 1.269      ;
; 1.117 ; 74161:inst|f74161:sub|87   ; 74161:inst|f74161:sub|9    ; iSW[0]       ; iSW[0]      ; 0.000        ; 0.000      ; 1.269      ;
; 1.117 ; 74161:inst|f74161:sub|87   ; 74161:inst1|f74161:sub|110 ; iSW[0]       ; iSW[0]      ; 0.000        ; 0.000      ; 1.269      ;
; 1.141 ; 74161:inst1|f74161:sub|110 ; 74161:inst1|f74161:sub|9   ; iSW[0]       ; iSW[0]      ; 0.000        ; 0.000      ; 1.293      ;
; 1.141 ; 74161:inst1|f74161:sub|110 ; 74161:inst1|f74161:sub|87  ; iSW[0]       ; iSW[0]      ; 0.000        ; 0.000      ; 1.293      ;
; 1.141 ; 74161:inst1|f74161:sub|110 ; 74161:inst1|f74161:sub|99  ; iSW[0]       ; iSW[0]      ; 0.000        ; 0.000      ; 1.293      ;
; 1.141 ; 74161:inst1|f74161:sub|110 ; 74161:inst|f74161:sub|87   ; iSW[0]       ; iSW[0]      ; 0.000        ; 0.000      ; 1.293      ;
; 1.141 ; 74161:inst1|f74161:sub|110 ; 74161:inst|f74161:sub|99   ; iSW[0]       ; iSW[0]      ; 0.000        ; 0.000      ; 1.293      ;
; 1.141 ; 74161:inst1|f74161:sub|110 ; 74161:inst|f74161:sub|110  ; iSW[0]       ; iSW[0]      ; 0.000        ; 0.000      ; 1.293      ;
; 1.141 ; 74161:inst1|f74161:sub|110 ; 74161:inst|f74161:sub|9    ; iSW[0]       ; iSW[0]      ; 0.000        ; 0.000      ; 1.293      ;
; 1.141 ; 74161:inst1|f74161:sub|110 ; 74161:inst1|f74161:sub|110 ; iSW[0]       ; iSW[0]      ; 0.000        ; 0.000      ; 1.293      ;
+-------+----------------------------+----------------------------+--------------+-------------+--------------+------------+------------+


+--------------------------------------------------------------------------------------------------------------+
; Fast Model Minimum Pulse Width: 'iSW[0]'                                                                     ;
+--------+--------------+----------------+------------------+--------+------------+----------------------------+
; Slack  ; Actual Width ; Required Width ; Type             ; Clock  ; Clock Edge ; Target                     ;
+--------+--------------+----------------+------------------+--------+------------+----------------------------+
; -1.222 ; 1.000        ; 2.222          ; Port Rate        ; iSW[0] ; Rise       ; iSW[0]                     ;
; -0.500 ; 0.500        ; 1.000          ; High Pulse Width ; iSW[0] ; Rise       ; 74161:inst1|f74161:sub|110 ;
; -0.500 ; 0.500        ; 1.000          ; Low Pulse Width  ; iSW[0] ; Rise       ; 74161:inst1|f74161:sub|110 ;
; -0.500 ; 0.500        ; 1.000          ; High Pulse Width ; iSW[0] ; Rise       ; 74161:inst1|f74161:sub|87  ;
; -0.500 ; 0.500        ; 1.000          ; Low Pulse Width  ; iSW[0] ; Rise       ; 74161:inst1|f74161:sub|87  ;
; -0.500 ; 0.500        ; 1.000          ; High Pulse Width ; iSW[0] ; Rise       ; 74161:inst1|f74161:sub|9   ;
; -0.500 ; 0.500        ; 1.000          ; Low Pulse Width  ; iSW[0] ; Rise       ; 74161:inst1|f74161:sub|9   ;
; -0.500 ; 0.500        ; 1.000          ; High Pulse Width ; iSW[0] ; Rise       ; 74161:inst1|f74161:sub|99  ;
; -0.500 ; 0.500        ; 1.000          ; Low Pulse Width  ; iSW[0] ; Rise       ; 74161:inst1|f74161:sub|99  ;
; -0.500 ; 0.500        ; 1.000          ; High Pulse Width ; iSW[0] ; Rise       ; 74161:inst|f74161:sub|110  ;
; -0.500 ; 0.500        ; 1.000          ; Low Pulse Width  ; iSW[0] ; Rise       ; 74161:inst|f74161:sub|110  ;
; -0.500 ; 0.500        ; 1.000          ; High Pulse Width ; iSW[0] ; Rise       ; 74161:inst|f74161:sub|87   ;
; -0.500 ; 0.500        ; 1.000          ; Low Pulse Width  ; iSW[0] ; Rise       ; 74161:inst|f74161:sub|87   ;
; -0.500 ; 0.500        ; 1.000          ; High Pulse Width ; iSW[0] ; Rise       ; 74161:inst|f74161:sub|9    ;
; -0.500 ; 0.500        ; 1.000          ; Low Pulse Width  ; iSW[0] ; Rise       ; 74161:inst|f74161:sub|9    ;
; -0.500 ; 0.500        ; 1.000          ; High Pulse Width ; iSW[0] ; Rise       ; 74161:inst|f74161:sub|99   ;
; -0.500 ; 0.500        ; 1.000          ; Low Pulse Width  ; iSW[0] ; Rise       ; 74161:inst|f74161:sub|99   ;
; 0.500  ; 0.500        ; 0.000          ; High Pulse Width ; iSW[0] ; Rise       ; iSW[0]|combout             ;
; 0.500  ; 0.500        ; 0.000          ; Low Pulse Width  ; iSW[0] ; Rise       ; iSW[0]|combout             ;
; 0.500  ; 0.500        ; 0.000          ; High Pulse Width ; iSW[0] ; Rise       ; inst1|sub|110|clk          ;
; 0.500  ; 0.500        ; 0.000          ; Low Pulse Width  ; iSW[0] ; Rise       ; inst1|sub|110|clk          ;
; 0.500  ; 0.500        ; 0.000          ; High Pulse Width ; iSW[0] ; Rise       ; inst1|sub|87|clk           ;
; 0.500  ; 0.500        ; 0.000          ; Low Pulse Width  ; iSW[0] ; Rise       ; inst1|sub|87|clk           ;
; 0.500  ; 0.500        ; 0.000          ; High Pulse Width ; iSW[0] ; Rise       ; inst1|sub|99|clk           ;
; 0.500  ; 0.500        ; 0.000          ; Low Pulse Width  ; iSW[0] ; Rise       ; inst1|sub|99|clk           ;
; 0.500  ; 0.500        ; 0.000          ; High Pulse Width ; iSW[0] ; Rise       ; inst1|sub|9|clk            ;
; 0.500  ; 0.500        ; 0.000          ; Low Pulse Width  ; iSW[0] ; Rise       ; inst1|sub|9|clk            ;
; 0.500  ; 0.500        ; 0.000          ; High Pulse Width ; iSW[0] ; Rise       ; inst|sub|110|clk           ;
; 0.500  ; 0.500        ; 0.000          ; Low Pulse Width  ; iSW[0] ; Rise       ; inst|sub|110|clk           ;
; 0.500  ; 0.500        ; 0.000          ; High Pulse Width ; iSW[0] ; Rise       ; inst|sub|87|clk            ;
; 0.500  ; 0.500        ; 0.000          ; Low Pulse Width  ; iSW[0] ; Rise       ; inst|sub|87|clk            ;
; 0.500  ; 0.500        ; 0.000          ; High Pulse Width ; iSW[0] ; Rise       ; inst|sub|99|clk            ;
; 0.500  ; 0.500        ; 0.000          ; Low Pulse Width  ; iSW[0] ; Rise       ; inst|sub|99|clk            ;
; 0.500  ; 0.500        ; 0.000          ; High Pulse Width ; iSW[0] ; Rise       ; inst|sub|9|clk             ;
; 0.500  ; 0.500        ; 0.000          ; Low Pulse Width  ; iSW[0] ; Rise       ; inst|sub|9|clk             ;
+--------+--------------+----------------+------------------+--------+------------+----------------------------+


+-----------------------------------------------------------------------+
; Clock to Output Times                                                 ;
+-----------+------------+-------+-------+------------+-----------------+
; Data Port ; Clock Port ; Rise  ; Fall  ; Clock Edge ; Clock Reference ;
+-----------+------------+-------+-------+------------+-----------------+
; oLEDG[*]  ; iSW[0]     ; 3.432 ; 3.432 ; Rise       ; iSW[0]          ;
;  oLEDG[0] ; iSW[0]     ; 3.357 ; 3.357 ; Rise       ; iSW[0]          ;
;  oLEDG[1] ; iSW[0]     ; 3.218 ; 3.218 ; Rise       ; iSW[0]          ;
;  oLEDG[2] ; iSW[0]     ; 3.199 ; 3.199 ; Rise       ; iSW[0]          ;
;  oLEDG[3] ; iSW[0]     ; 3.432 ; 3.432 ; Rise       ; iSW[0]          ;
;  oLEDG[4] ; iSW[0]     ; 3.127 ; 3.127 ; Rise       ; iSW[0]          ;
;  oLEDG[5] ; iSW[0]     ; 3.022 ; 3.022 ; Rise       ; iSW[0]          ;
;  oLEDG[6] ; iSW[0]     ; 3.191 ; 3.191 ; Rise       ; iSW[0]          ;
;  oLEDG[7] ; iSW[0]     ; 2.920 ; 2.920 ; Rise       ; iSW[0]          ;
+-----------+------------+-------+-------+------------+-----------------+


+-----------------------------------------------------------------------+
; Minimum Clock to Output Times                                         ;
+-----------+------------+-------+-------+------------+-----------------+
; Data Port ; Clock Port ; Rise  ; Fall  ; Clock Edge ; Clock Reference ;
+-----------+------------+-------+-------+------------+-----------------+
; oLEDG[*]  ; iSW[0]     ; 2.920 ; 2.920 ; Rise       ; iSW[0]          ;
;  oLEDG[0] ; iSW[0]     ; 3.357 ; 3.357 ; Rise       ; iSW[0]          ;
;  oLEDG[1] ; iSW[0]     ; 3.218 ; 3.218 ; Rise       ; iSW[0]          ;
;  oLEDG[2] ; iSW[0]     ; 3.199 ; 3.199 ; Rise       ; iSW[0]          ;
;  oLEDG[3] ; iSW[0]     ; 3.432 ; 3.432 ; Rise       ; iSW[0]          ;
;  oLEDG[4] ; iSW[0]     ; 3.127 ; 3.127 ; Rise       ; iSW[0]          ;
;  oLEDG[5] ; iSW[0]     ; 3.022 ; 3.022 ; Rise       ; iSW[0]          ;
;  oLEDG[6] ; iSW[0]     ; 3.191 ; 3.191 ; Rise       ; iSW[0]          ;
;  oLEDG[7] ; iSW[0]     ; 2.920 ; 2.920 ; Rise       ; iSW[0]          ;
+-----------+------------+-------+-------+------------+-----------------+


+------------------------------------------------------------------------------+
; Multicorner Timing Analysis Summary                                          ;
+------------------+--------+-------+----------+---------+---------------------+
; Clock            ; Setup  ; Hold  ; Recovery ; Removal ; Minimum Pulse Width ;
+------------------+--------+-------+----------+---------+---------------------+
; Worst-case Slack ; -0.578 ; 0.215 ; -1.539   ; 0.926   ; -1.222              ;
;  iSW[0]          ; -0.578 ; 0.215 ; -1.539   ; 0.926   ; -1.222              ;
; Design-wide TNS  ; -2.867 ; 0.0   ; -12.312  ; 0.0     ; -9.222              ;
;  iSW[0]          ; -2.867 ; 0.000 ; -12.312  ; 0.000   ; -9.222              ;
+------------------+--------+-------+----------+---------+---------------------+


+-----------------------------------------------------------------------+
; Clock to Output Times                                                 ;
+-----------+------------+-------+-------+------------+-----------------+
; Data Port ; Clock Port ; Rise  ; Fall  ; Clock Edge ; Clock Reference ;
+-----------+------------+-------+-------+------------+-----------------+
; oLEDG[*]  ; iSW[0]     ; 6.517 ; 6.517 ; Rise       ; iSW[0]          ;
;  oLEDG[0] ; iSW[0]     ; 6.336 ; 6.336 ; Rise       ; iSW[0]          ;
;  oLEDG[1] ; iSW[0]     ; 6.058 ; 6.058 ; Rise       ; iSW[0]          ;
;  oLEDG[2] ; iSW[0]     ; 6.049 ; 6.049 ; Rise       ; iSW[0]          ;
;  oLEDG[3] ; iSW[0]     ; 6.517 ; 6.517 ; Rise       ; iSW[0]          ;
;  oLEDG[4] ; iSW[0]     ; 5.913 ; 5.913 ; Rise       ; iSW[0]          ;
;  oLEDG[5] ; iSW[0]     ; 5.675 ; 5.675 ; Rise       ; iSW[0]          ;
;  oLEDG[6] ; iSW[0]     ; 6.004 ; 6.004 ; Rise       ; iSW[0]          ;
;  oLEDG[7] ; iSW[0]     ; 5.436 ; 5.436 ; Rise       ; iSW[0]          ;
+-----------+------------+-------+-------+------------+-----------------+


+-----------------------------------------------------------------------+
; Minimum Clock to Output Times                                         ;
+-----------+------------+-------+-------+------------+-----------------+
; Data Port ; Clock Port ; Rise  ; Fall  ; Clock Edge ; Clock Reference ;
+-----------+------------+-------+-------+------------+-----------------+
; oLEDG[*]  ; iSW[0]     ; 2.920 ; 2.920 ; Rise       ; iSW[0]          ;
;  oLEDG[0] ; iSW[0]     ; 3.357 ; 3.357 ; Rise       ; iSW[0]          ;
;  oLEDG[1] ; iSW[0]     ; 3.218 ; 3.218 ; Rise       ; iSW[0]          ;
;  oLEDG[2] ; iSW[0]     ; 3.199 ; 3.199 ; Rise       ; iSW[0]          ;
;  oLEDG[3] ; iSW[0]     ; 3.432 ; 3.432 ; Rise       ; iSW[0]          ;
;  oLEDG[4] ; iSW[0]     ; 3.127 ; 3.127 ; Rise       ; iSW[0]          ;
;  oLEDG[5] ; iSW[0]     ; 3.022 ; 3.022 ; Rise       ; iSW[0]          ;
;  oLEDG[6] ; iSW[0]     ; 3.191 ; 3.191 ; Rise       ; iSW[0]          ;
;  oLEDG[7] ; iSW[0]     ; 2.920 ; 2.920 ; Rise       ; iSW[0]          ;
+-----------+------------+-------+-------+------------+-----------------+


+-------------------------------------------------------------------+
; Setup Transfers                                                   ;
+------------+----------+----------+----------+----------+----------+
; From Clock ; To Clock ; RR Paths ; FR Paths ; RF Paths ; FF Paths ;
+------------+----------+----------+----------+----------+----------+
; iSW[0]     ; iSW[0]   ; 36       ; 0        ; 0        ; 0        ;
+------------+----------+----------+----------+----------+----------+
Entries labeled "false path" only account for clock-to-clock false paths and not path-based false paths. As a result, actual path counts may be lower than reported.


+-------------------------------------------------------------------+
; Hold Transfers                                                    ;
+------------+----------+----------+----------+----------+----------+
; From Clock ; To Clock ; RR Paths ; FR Paths ; RF Paths ; FF Paths ;
+------------+----------+----------+----------+----------+----------+
; iSW[0]     ; iSW[0]   ; 36       ; 0        ; 0        ; 0        ;
+------------+----------+----------+----------+----------+----------+
Entries labeled "false path" only account for clock-to-clock false paths and not path-based false paths. As a result, actual path counts may be lower than reported.


+-------------------------------------------------------------------+
; Recovery Transfers                                                ;
+------------+----------+----------+----------+----------+----------+
; From Clock ; To Clock ; RR Paths ; FR Paths ; RF Paths ; FF Paths ;
+------------+----------+----------+----------+----------+----------+
; iSW[0]     ; iSW[0]   ; 64       ; 0        ; 0        ; 0        ;
+------------+----------+----------+----------+----------+----------+
Entries labeled "false path" only account for clock-to-clock false paths and not path-based false paths. As a result, actual path counts may be lower than reported.


+-------------------------------------------------------------------+
; Removal Transfers                                                 ;
+------------+----------+----------+----------+----------+----------+
; From Clock ; To Clock ; RR Paths ; FR Paths ; RF Paths ; FF Paths ;
+------------+----------+----------+----------+----------+----------+
; iSW[0]     ; iSW[0]   ; 64       ; 0        ; 0        ; 0        ;
+------------+----------+----------+----------+----------+----------+
Entries labeled "false path" only account for clock-to-clock false paths and not path-based false paths. As a result, actual path counts may be lower than reported.


---------------
; Report TCCS ;
---------------
No dedicated SERDES Transmitter circuitry present in device or used in design


---------------
; Report RSKM ;
---------------
No dedicated SERDES Receiver circuitry present in device or used in design


+------------------------------------------------+
; Unconstrained Paths                            ;
+---------------------------------+-------+------+
; Property                        ; Setup ; Hold ;
+---------------------------------+-------+------+
; Illegal Clocks                  ; 0     ; 0    ;
; Unconstrained Clocks            ; 0     ; 0    ;
; Unconstrained Input Ports       ; 1     ; 1    ;
; Unconstrained Input Port Paths  ; 8     ; 8    ;
; Unconstrained Output Ports      ; 8     ; 8    ;
; Unconstrained Output Port Paths ; 8     ; 8    ;
+---------------------------------+-------+------+


+------------------------------------+
; TimeQuest Timing Analyzer Messages ;
+------------------------------------+
Info: *******************************************************************
Info: Running Quartus II 32-bit TimeQuest Timing Analyzer
    Info: Version 13.0.1 Build 232 06/12/2013 Service Pack 1 SJ Web Edition
    Info: Processing started: Tue Nov 14 14:08:50 2017
Info: Command: quartus_sta Cwiczenie3_2 -c Cwiczenie3_2
Info: qsta_default_script.tcl version: #1
Warning (20028): Parallel compilation is not licensed and has been disabled
Info (21077): Low junction temperature is 0 degrees C
Info (21077): High junction temperature is 85 degrees C
Critical Warning (332012): Synopsys Design Constraints File file not found: 'Cwiczenie3_2.sdc'. A Synopsys Design Constraints File is required by the TimeQuest Timing Analyzer to get proper timing constraints. Without it, the Compiler will not properly optimize the design.
Info (332142): No user constrained base clocks found in the design. Calling "derive_clocks -period 1.0"
Info (332105): Deriving Clocks
    Info (332105): create_clock -period 1.000 -name iSW[0] iSW[0]
Info: Found TIMEQUEST_REPORT_SCRIPT_INCLUDE_DEFAULT_ANALYSIS = ON
Info: Analyzing Slow Model
Critical Warning (332148): Timing requirements not met
Info (332146): Worst-case setup slack is -0.578
    Info (332119):     Slack End Point TNS Clock 
    Info (332119): ========= ============= =====================
    Info (332119):    -0.578        -2.867 iSW[0] 
Info (332146): Worst-case hold slack is 0.391
    Info (332119):     Slack End Point TNS Clock 
    Info (332119): ========= ============= =====================
    Info (332119):     0.391         0.000 iSW[0] 
Info (332146): Worst-case recovery slack is -1.539
    Info (332119):     Slack End Point TNS Clock 
    Info (332119): ========= ============= =====================
    Info (332119):    -1.539       -12.312 iSW[0] 
Info (332146): Worst-case removal slack is 1.851
    Info (332119):     Slack End Point TNS Clock 
    Info (332119): ========= ============= =====================
    Info (332119):     1.851         0.000 iSW[0] 
Info (332146): Worst-case minimum pulse width slack is -1.222
    Info (332119):     Slack End Point TNS Clock 
    Info (332119): ========= ============= =====================
    Info (332119):    -1.222        -9.222 iSW[0] 
Info (332001): The selected device family is not supported by the report_metastability command.
Info: Analyzing Fast Model
Info (332146): Worst-case setup slack is 0.262
    Info (332119):     Slack End Point TNS Clock 
    Info (332119): ========= ============= =====================
    Info (332119):     0.262         0.000 iSW[0] 
Info (332146): Worst-case hold slack is 0.215
    Info (332119):     Slack End Point TNS Clock 
    Info (332119): ========= ============= =====================
    Info (332119):     0.215         0.000 iSW[0] 
Critical Warning (332148): Timing requirements not met
Info (332146): Worst-case recovery slack is -0.261
    Info (332119):     Slack End Point TNS Clock 
    Info (332119): ========= ============= =====================
    Info (332119):    -0.261        -2.088 iSW[0] 
Info (332146): Worst-case removal slack is 0.926
    Info (332119):     Slack End Point TNS Clock 
    Info (332119): ========= ============= =====================
    Info (332119):     0.926         0.000 iSW[0] 
Info (332146): Worst-case minimum pulse width slack is -1.222
    Info (332119):     Slack End Point TNS Clock 
    Info (332119): ========= ============= =====================
    Info (332119):    -1.222        -9.222 iSW[0] 
Info (332001): The selected device family is not supported by the report_metastability command.
Info (332102): Design is not fully constrained for setup requirements
Info (332102): Design is not fully constrained for hold requirements
Info: Quartus II 32-bit TimeQuest Timing Analyzer was successful. 0 errors, 4 warnings
    Info: Peak virtual memory: 376 megabytes
    Info: Processing ended: Tue Nov 14 14:08:51 2017
    Info: Elapsed time: 00:00:01
    Info: Total CPU time (on all processors): 00:00:01


