Simulator report for Cwiczenie5_4
Fri Dec 29 18:13:25 2017
Quartus II 32-bit Version 13.0.1 Build 232 06/12/2013 Service Pack 1 SJ Web Edition


---------------------
; Table of Contents ;
---------------------
  1. Legal Notice
  2. Simulator Summary
  3. Simulator Settings
  4. Simulation Waveforms
  5. Coverage Summary
  6. Complete 1/0-Value Coverage
  7. Missing 1-Value Coverage
  8. Missing 0-Value Coverage
  9. Simulator INI Usage
 10. Simulator Messages



----------------
; Legal Notice ;
----------------
Copyright (C) 1991-2013 Altera Corporation
Your use of Altera Corporation's design tools, logic functions 
and other software and tools, and its AMPP partner logic 
functions, and any output files from any of the foregoing 
(including device programming or simulation files), and any 
associated documentation or information are expressly subject 
to the terms and conditions of the Altera Program License 
Subscription Agreement, Altera MegaCore Function License 
Agreement, or other applicable license agreement, including, 
without limitation, that your use is for the sole purpose of 
programming logic devices manufactured by Altera and sold by 
Altera or its authorized distributors.  Please refer to the 
applicable agreement for further details.



+--------------------------------------------+
; Simulator Summary                          ;
+-----------------------------+--------------+
; Type                        ; Value        ;
+-----------------------------+--------------+
; Simulation Start Time       ; 0 ps         ;
; Simulation End Time         ; 1.0 us       ;
; Simulation Netlist Size     ; 189 nodes    ;
; Simulation Coverage         ;      13.23 % ;
; Total Number of Transitions ; 1010         ;
; Simulation Breakpoints      ; 0            ;
; Family                      ; Cyclone II   ;
; Device                      ; EP2C70F896C6 ;
+-----------------------------+--------------+


+-----------------------------------------------------------------------------------------------------------------------------------------------------------------------------+
; Simulator Settings                                                                                                                                                          ;
+--------------------------------------------------------------------------------------------+----------------------------------------------------------------+---------------+
; Option                                                                                     ; Setting                                                        ; Default Value ;
+--------------------------------------------------------------------------------------------+----------------------------------------------------------------+---------------+
; Simulation mode                                                                            ; Timing                                                         ; Timing        ;
; Start time                                                                                 ; 0 ns                                                           ; 0 ns          ;
; Simulation results format                                                                  ; VWF                                                            ;               ;
; Vector input source                                                                        ; C:/Users/Developer/Documents/Quartus/Cwiczenie5_4/Waveform.vwf ;               ;
; Add pins automatically to simulation output waveforms                                      ; On                                                             ; On            ;
; Check outputs                                                                              ; Off                                                            ; Off           ;
; Report simulation coverage                                                                 ; On                                                             ; On            ;
; Display complete 1/0 value coverage report                                                 ; On                                                             ; On            ;
; Display missing 1-value coverage report                                                    ; On                                                             ; On            ;
; Display missing 0-value coverage report                                                    ; On                                                             ; On            ;
; Detect setup and hold time violations                                                      ; Off                                                            ; Off           ;
; Detect glitches                                                                            ; Off                                                            ; Off           ;
; Disable timing delays in Timing Simulation                                                 ; Off                                                            ; Off           ;
; Generate Signal Activity File                                                              ; Off                                                            ; Off           ;
; Generate VCD File for PowerPlay Power Analyzer                                             ; Off                                                            ; Off           ;
; Group bus channels in simulation results                                                   ; Off                                                            ; Off           ;
; Preserve fewer signal transitions to reduce memory requirements                            ; On                                                             ; On            ;
; Trigger vector comparison with the specified mode                                          ; INPUT_EDGE                                                     ; INPUT_EDGE    ;
; Disable setup and hold time violations detection in input registers of bi-directional pins ; Off                                                            ; Off           ;
; Overwrite Waveform Inputs With Simulation Outputs                                          ; Off                                                            ;               ;
; Perform Glitch Filtering in Timing Simulation                                              ; Auto                                                           ; Auto          ;
+--------------------------------------------------------------------------------------------+----------------------------------------------------------------+---------------+


+----------------------+
; Simulation Waveforms ;
+----------------------+
Waveform report data cannot be output to ASCII.
Please use Quartus II 32-bit to view the waveform report data.


+--------------------------------------------------------------------+
; Coverage Summary                                                   ;
+-----------------------------------------------------+--------------+
; Type                                                ; Value        ;
+-----------------------------------------------------+--------------+
; Total coverage as a percentage                      ;      13.23 % ;
; Total nodes checked                                 ; 189          ;
; Total output ports checked                          ; 189          ;
; Total output ports with complete 1/0-value coverage ; 25           ;
; Total output ports with no 1/0-value coverage       ; 160          ;
; Total output ports with no 1-value coverage         ; 160          ;
; Total output ports with no 0-value coverage         ; 164          ;
+-----------------------------------------------------+--------------+


The following table displays output ports that toggle between 1 and 0 during simulation.
+------------------------------------------------------------------------------------------------------------------------------------------------------------------------------------------+
; Complete 1/0-Value Coverage                                                                                                                                                              ;
+-----------------------------------------------------------------------------------+-----------------------------------------------------------------------------------+------------------+
; Node Name                                                                         ; Output Port Name                                                                  ; Output Port Type ;
+-----------------------------------------------------------------------------------+-----------------------------------------------------------------------------------+------------------+
; |Cwiczenie5_4|sumtractor8bit:sumtract|rejestr8bit:outreg|mydff:dff6|shortdff      ; |Cwiczenie5_4|sumtractor8bit:sumtract|rejestr8bit:outreg|mydff:dff6|shortdff      ; regout           ;
; |Cwiczenie5_4|sumtractor8bit:sumtract|rejestr8bit:outreg|mydff:dff7|shortdff      ; |Cwiczenie5_4|sumtractor8bit:sumtract|rejestr8bit:outreg|mydff:dff7|shortdff      ; regout           ;
; |Cwiczenie5_4|char7seg:ohex6|Mux6~0                                               ; |Cwiczenie5_4|char7seg:ohex6|Mux6~0                                               ; combout          ;
; |Cwiczenie5_4|char7seg:ohex6|Mux4~0                                               ; |Cwiczenie5_4|char7seg:ohex6|Mux4~0                                               ; combout          ;
; |Cwiczenie5_4|char7seg:ohex6|Mux3~0                                               ; |Cwiczenie5_4|char7seg:ohex6|Mux3~0                                               ; combout          ;
; |Cwiczenie5_4|char7seg:ohex6|Mux2~0                                               ; |Cwiczenie5_4|char7seg:ohex6|Mux2~0                                               ; combout          ;
; |Cwiczenie5_4|char7seg:ohex6|Mux1~0                                               ; |Cwiczenie5_4|char7seg:ohex6|Mux1~0                                               ; combout          ;
; |Cwiczenie5_4|char7seg:ohex6|Mux0~0                                               ; |Cwiczenie5_4|char7seg:ohex6|Mux0~0                                               ; combout          ;
; |Cwiczenie5_4|sumtractor8bit:sumtract|mydff:overflowreg|shortdff                  ; |Cwiczenie5_4|sumtractor8bit:sumtract|mydff:overflowreg|shortdff                  ; regout           ;
; |Cwiczenie5_4|sumtractor8bit:sumtract|sourceselectmux:sumsourcemux|mout~8         ; |Cwiczenie5_4|sumtractor8bit:sumtract|sourceselectmux:sumsourcemux|mout~8         ; combout          ;
; |Cwiczenie5_4|sumtractor8bit:sumtract|sumator8bit:sumator|sumator1bit:SUM5|s      ; |Cwiczenie5_4|sumtractor8bit:sumtract|sumator8bit:sumator|sumator1bit:SUM5|s      ; combout          ;
; |Cwiczenie5_4|sumtractor8bit:sumtract|sourceselectmux:sumsourcemux|mout~11        ; |Cwiczenie5_4|sumtractor8bit:sumtract|sourceselectmux:sumsourcemux|mout~11        ; combout          ;
; |Cwiczenie5_4|sumtractor8bit:sumtract|sumator8bit:sumator|sumator1bit:SUM6|s      ; |Cwiczenie5_4|sumtractor8bit:sumtract|sumator8bit:sumator|sumator1bit:SUM6|s      ; combout          ;
; |Cwiczenie5_4|sumtractor8bit:sumtract|sumator8bit:sumator|sumator1bit:SUM6|cout~0 ; |Cwiczenie5_4|sumtractor8bit:sumtract|sumator8bit:sumator|sumator1bit:SUM6|cout~0 ; combout          ;
; |Cwiczenie5_4|sumtractor8bit:sumtract|sourceselectmux:sumsourcemux|mout~13        ; |Cwiczenie5_4|sumtractor8bit:sumtract|sourceselectmux:sumsourcemux|mout~13        ; combout          ;
; |Cwiczenie5_4|sumtractor8bit:sumtract|sumator8bit:sumator|sumator1bit:SUM7|s      ; |Cwiczenie5_4|sumtractor8bit:sumtract|sumator8bit:sumator|sumator1bit:SUM7|s      ; combout          ;
; |Cwiczenie5_4|sumtractor8bit:sumtract|overflowsig~0                               ; |Cwiczenie5_4|sumtractor8bit:sumtract|overflowsig~0                               ; combout          ;
; |Cwiczenie5_4|HEX1[6]                                                             ; |Cwiczenie5_4|HEX1[6]                                                             ; padio            ;
; |Cwiczenie5_4|HEX1[4]                                                             ; |Cwiczenie5_4|HEX1[4]                                                             ; padio            ;
; |Cwiczenie5_4|HEX1[3]                                                             ; |Cwiczenie5_4|HEX1[3]                                                             ; padio            ;
; |Cwiczenie5_4|HEX1[2]                                                             ; |Cwiczenie5_4|HEX1[2]                                                             ; padio            ;
; |Cwiczenie5_4|HEX1[1]                                                             ; |Cwiczenie5_4|HEX1[1]                                                             ; padio            ;
; |Cwiczenie5_4|HEX1[0]                                                             ; |Cwiczenie5_4|HEX1[0]                                                             ; padio            ;
; |Cwiczenie5_4|oLEDR[0]                                                            ; |Cwiczenie5_4|oLEDR[0]                                                            ; padio            ;
; |Cwiczenie5_4|KEY[0]                                                              ; |Cwiczenie5_4|KEY[0]~corein                                                       ; combout          ;
+-----------------------------------------------------------------------------------+-----------------------------------------------------------------------------------+------------------+


The following table displays output ports that do not toggle to 1 during simulation.
+----------------------------------------------------------------------------------------------------------------------------------------------------------------------------------------------+
; Missing 1-Value Coverage                                                                                                                                                                     ;
+-------------------------------------------------------------------------------------+-------------------------------------------------------------------------------------+------------------+
; Node Name                                                                           ; Output Port Name                                                                    ; Output Port Type ;
+-------------------------------------------------------------------------------------+-------------------------------------------------------------------------------------+------------------+
; |Cwiczenie5_4|sumtractor8bit:sumtract|rejestr8bit:outreg|mydff:dff0|shortdff        ; |Cwiczenie5_4|sumtractor8bit:sumtract|rejestr8bit:outreg|mydff:dff0|shortdff        ; regout           ;
; |Cwiczenie5_4|sumtractor8bit:sumtract|rejestr8bit:outreg|mydff:dff1|shortdff        ; |Cwiczenie5_4|sumtractor8bit:sumtract|rejestr8bit:outreg|mydff:dff1|shortdff        ; regout           ;
; |Cwiczenie5_4|sumtractor8bit:sumtract|rejestr8bit:outreg|mydff:dff2|shortdff        ; |Cwiczenie5_4|sumtractor8bit:sumtract|rejestr8bit:outreg|mydff:dff2|shortdff        ; regout           ;
; |Cwiczenie5_4|sumtractor8bit:sumtract|rejestr8bit:outreg|mydff:dff3|shortdff        ; |Cwiczenie5_4|sumtractor8bit:sumtract|rejestr8bit:outreg|mydff:dff3|shortdff        ; regout           ;
; |Cwiczenie5_4|char7seg:ohex7|Mux6~0                                                 ; |Cwiczenie5_4|char7seg:ohex7|Mux6~0                                                 ; combout          ;
; |Cwiczenie5_4|char7seg:ohex7|Mux5~0                                                 ; |Cwiczenie5_4|char7seg:ohex7|Mux5~0                                                 ; combout          ;
; |Cwiczenie5_4|char7seg:ohex7|Mux4~0                                                 ; |Cwiczenie5_4|char7seg:ohex7|Mux4~0                                                 ; combout          ;
; |Cwiczenie5_4|char7seg:ohex7|Mux3~0                                                 ; |Cwiczenie5_4|char7seg:ohex7|Mux3~0                                                 ; combout          ;
; |Cwiczenie5_4|char7seg:ohex7|Mux2~0                                                 ; |Cwiczenie5_4|char7seg:ohex7|Mux2~0                                                 ; combout          ;
; |Cwiczenie5_4|char7seg:ohex7|Mux1~0                                                 ; |Cwiczenie5_4|char7seg:ohex7|Mux1~0                                                 ; combout          ;
; |Cwiczenie5_4|char7seg:ohex7|Mux0~0                                                 ; |Cwiczenie5_4|char7seg:ohex7|Mux0~0                                                 ; combout          ;
; |Cwiczenie5_4|sumtractor8bit:sumtract|rejestr8bit:outreg|mydff:dff4|shortdff        ; |Cwiczenie5_4|sumtractor8bit:sumtract|rejestr8bit:outreg|mydff:dff4|shortdff        ; regout           ;
; |Cwiczenie5_4|sumtractor8bit:sumtract|rejestr8bit:outreg|mydff:dff5|shortdff        ; |Cwiczenie5_4|sumtractor8bit:sumtract|rejestr8bit:outreg|mydff:dff5|shortdff        ; regout           ;
; |Cwiczenie5_4|char7seg:ohex6|Mux5~0                                                 ; |Cwiczenie5_4|char7seg:ohex6|Mux5~0                                                 ; combout          ;
; |Cwiczenie5_4|char7seg:ohex4|Mux6~0                                                 ; |Cwiczenie5_4|char7seg:ohex4|Mux6~0                                                 ; combout          ;
; |Cwiczenie5_4|char7seg:ohex4|Mux5~0                                                 ; |Cwiczenie5_4|char7seg:ohex4|Mux5~0                                                 ; combout          ;
; |Cwiczenie5_4|char7seg:ohex4|Mux4~0                                                 ; |Cwiczenie5_4|char7seg:ohex4|Mux4~0                                                 ; combout          ;
; |Cwiczenie5_4|char7seg:ohex4|Mux3~0                                                 ; |Cwiczenie5_4|char7seg:ohex4|Mux3~0                                                 ; combout          ;
; |Cwiczenie5_4|char7seg:ohex4|Mux2~0                                                 ; |Cwiczenie5_4|char7seg:ohex4|Mux2~0                                                 ; combout          ;
; |Cwiczenie5_4|char7seg:ohex4|Mux1~0                                                 ; |Cwiczenie5_4|char7seg:ohex4|Mux1~0                                                 ; combout          ;
; |Cwiczenie5_4|char7seg:ohex4|Mux0~0                                                 ; |Cwiczenie5_4|char7seg:ohex4|Mux0~0                                                 ; combout          ;
; |Cwiczenie5_4|char7seg:ohex3|Mux6~0                                                 ; |Cwiczenie5_4|char7seg:ohex3|Mux6~0                                                 ; combout          ;
; |Cwiczenie5_4|char7seg:ohex3|Mux5~0                                                 ; |Cwiczenie5_4|char7seg:ohex3|Mux5~0                                                 ; combout          ;
; |Cwiczenie5_4|char7seg:ohex3|Mux4~0                                                 ; |Cwiczenie5_4|char7seg:ohex3|Mux4~0                                                 ; combout          ;
; |Cwiczenie5_4|char7seg:ohex3|Mux3~0                                                 ; |Cwiczenie5_4|char7seg:ohex3|Mux3~0                                                 ; combout          ;
; |Cwiczenie5_4|char7seg:ohex3|Mux2~0                                                 ; |Cwiczenie5_4|char7seg:ohex3|Mux2~0                                                 ; combout          ;
; |Cwiczenie5_4|char7seg:ohex3|Mux1~0                                                 ; |Cwiczenie5_4|char7seg:ohex3|Mux1~0                                                 ; combout          ;
; |Cwiczenie5_4|char7seg:ohex3|Mux0~0                                                 ; |Cwiczenie5_4|char7seg:ohex3|Mux0~0                                                 ; combout          ;
; |Cwiczenie5_4|char7seg:ohex1|Mux6~0                                                 ; |Cwiczenie5_4|char7seg:ohex1|Mux6~0                                                 ; combout          ;
; |Cwiczenie5_4|char7seg:ohex1|Mux5~0                                                 ; |Cwiczenie5_4|char7seg:ohex1|Mux5~0                                                 ; combout          ;
; |Cwiczenie5_4|char7seg:ohex1|Mux4~0                                                 ; |Cwiczenie5_4|char7seg:ohex1|Mux4~0                                                 ; combout          ;
; |Cwiczenie5_4|char7seg:ohex1|Mux3~0                                                 ; |Cwiczenie5_4|char7seg:ohex1|Mux3~0                                                 ; combout          ;
; |Cwiczenie5_4|char7seg:ohex1|Mux2~0                                                 ; |Cwiczenie5_4|char7seg:ohex1|Mux2~0                                                 ; combout          ;
; |Cwiczenie5_4|char7seg:ohex1|Mux1~0                                                 ; |Cwiczenie5_4|char7seg:ohex1|Mux1~0                                                 ; combout          ;
; |Cwiczenie5_4|char7seg:ohex1|Mux0~0                                                 ; |Cwiczenie5_4|char7seg:ohex1|Mux0~0                                                 ; combout          ;
; |Cwiczenie5_4|char7seg:ohex0|Mux6~0                                                 ; |Cwiczenie5_4|char7seg:ohex0|Mux6~0                                                 ; combout          ;
; |Cwiczenie5_4|char7seg:ohex0|Mux5~0                                                 ; |Cwiczenie5_4|char7seg:ohex0|Mux5~0                                                 ; combout          ;
; |Cwiczenie5_4|char7seg:ohex0|Mux4~0                                                 ; |Cwiczenie5_4|char7seg:ohex0|Mux4~0                                                 ; combout          ;
; |Cwiczenie5_4|char7seg:ohex0|Mux3~0                                                 ; |Cwiczenie5_4|char7seg:ohex0|Mux3~0                                                 ; combout          ;
; |Cwiczenie5_4|char7seg:ohex0|Mux2~0                                                 ; |Cwiczenie5_4|char7seg:ohex0|Mux2~0                                                 ; combout          ;
; |Cwiczenie5_4|char7seg:ohex0|Mux1~0                                                 ; |Cwiczenie5_4|char7seg:ohex0|Mux1~0                                                 ; combout          ;
; |Cwiczenie5_4|char7seg:ohex0|Mux0~0                                                 ; |Cwiczenie5_4|char7seg:ohex0|Mux0~0                                                 ; combout          ;
; |Cwiczenie5_4|sumtractor8bit:sumtract|rejestr8bit:ainreg|mydff:dff0|shortdff        ; |Cwiczenie5_4|sumtractor8bit:sumtract|rejestr8bit:ainreg|mydff:dff0|shortdff        ; regout           ;
; |Cwiczenie5_4|sumtractor8bit:sumtract|rejestr8bit:binreg|mydff:dff0|shortdff        ; |Cwiczenie5_4|sumtractor8bit:sumtract|rejestr8bit:binreg|mydff:dff0|shortdff        ; regout           ;
; |Cwiczenie5_4|sumtractor8bit:sumtract|sumator8bit:sumator|sumator1bit:SUM0|s~0      ; |Cwiczenie5_4|sumtractor8bit:sumtract|sumator8bit:sumator|sumator1bit:SUM0|s~0      ; combout          ;
; |Cwiczenie5_4|sumtractor8bit:sumtract|sumator8bit:sumator|sumator1bit:SUM0|cout~0   ; |Cwiczenie5_4|sumtractor8bit:sumtract|sumator8bit:sumator|sumator1bit:SUM0|cout~0   ; combout          ;
; |Cwiczenie5_4|sumtractor8bit:sumtract|mydff:addsubreg|shortdff                      ; |Cwiczenie5_4|sumtractor8bit:sumtract|mydff:addsubreg|shortdff                      ; regout           ;
; |Cwiczenie5_4|sumtractor8bit:sumtract|sumator8bit:sumator|sumator1bit:SUM0|cout~1   ; |Cwiczenie5_4|sumtractor8bit:sumtract|sumator8bit:sumator|sumator1bit:SUM0|cout~1   ; combout          ;
; |Cwiczenie5_4|sumtractor8bit:sumtract|rejestr8bit:binreg|mydff:dff1|shortdff        ; |Cwiczenie5_4|sumtractor8bit:sumtract|rejestr8bit:binreg|mydff:dff1|shortdff        ; regout           ;
; |Cwiczenie5_4|sumtractor8bit:sumtract|bprocesssig[1]                                ; |Cwiczenie5_4|sumtractor8bit:sumtract|bprocesssig[1]                                ; combout          ;
; |Cwiczenie5_4|sumtractor8bit:sumtract|rejestr8bit:ainreg|mydff:dff1|shortdff        ; |Cwiczenie5_4|sumtractor8bit:sumtract|rejestr8bit:ainreg|mydff:dff1|shortdff        ; regout           ;
; |Cwiczenie5_4|sumtractor8bit:sumtract|sourceselectmux:sumsourcemux|mout~0           ; |Cwiczenie5_4|sumtractor8bit:sumtract|sourceselectmux:sumsourcemux|mout~0           ; combout          ;
; |Cwiczenie5_4|sumtractor8bit:sumtract|sourceselectmux:sumsourcemux|mout~1           ; |Cwiczenie5_4|sumtractor8bit:sumtract|sourceselectmux:sumsourcemux|mout~1           ; combout          ;
; |Cwiczenie5_4|sumtractor8bit:sumtract|sumator8bit:sumator|sumator1bit:SUM1|s~0      ; |Cwiczenie5_4|sumtractor8bit:sumtract|sumator8bit:sumator|sumator1bit:SUM1|s~0      ; combout          ;
; |Cwiczenie5_4|sumtractor8bit:sumtract|rejestr8bit:binreg|mydff:dff2|shortdff        ; |Cwiczenie5_4|sumtractor8bit:sumtract|rejestr8bit:binreg|mydff:dff2|shortdff        ; regout           ;
; |Cwiczenie5_4|sumtractor8bit:sumtract|bprocesssig[2]                                ; |Cwiczenie5_4|sumtractor8bit:sumtract|bprocesssig[2]                                ; combout          ;
; |Cwiczenie5_4|sumtractor8bit:sumtract|sumator8bit:sumator|sumator1bit:SUM1|cout~0   ; |Cwiczenie5_4|sumtractor8bit:sumtract|sumator8bit:sumator|sumator1bit:SUM1|cout~0   ; combout          ;
; |Cwiczenie5_4|sumtractor8bit:sumtract|rejestr8bit:ainreg|mydff:dff2|shortdff        ; |Cwiczenie5_4|sumtractor8bit:sumtract|rejestr8bit:ainreg|mydff:dff2|shortdff        ; regout           ;
; |Cwiczenie5_4|sumtractor8bit:sumtract|sourceselectmux:sumsourcemux|mout~2           ; |Cwiczenie5_4|sumtractor8bit:sumtract|sourceselectmux:sumsourcemux|mout~2           ; combout          ;
; |Cwiczenie5_4|sumtractor8bit:sumtract|sourceselectmux:sumsourcemux|mout~3           ; |Cwiczenie5_4|sumtractor8bit:sumtract|sourceselectmux:sumsourcemux|mout~3           ; combout          ;
; |Cwiczenie5_4|sumtractor8bit:sumtract|sumator8bit:sumator|sumator1bit:SUM2|s        ; |Cwiczenie5_4|sumtractor8bit:sumtract|sumator8bit:sumator|sumator1bit:SUM2|s        ; combout          ;
; |Cwiczenie5_4|sumtractor8bit:sumtract|rejestr8bit:binreg|mydff:dff3|shortdff        ; |Cwiczenie5_4|sumtractor8bit:sumtract|rejestr8bit:binreg|mydff:dff3|shortdff        ; regout           ;
; |Cwiczenie5_4|sumtractor8bit:sumtract|bprocesssig[3]                                ; |Cwiczenie5_4|sumtractor8bit:sumtract|bprocesssig[3]                                ; combout          ;
; |Cwiczenie5_4|sumtractor8bit:sumtract|sumator8bit:sumator|sumator1bit:SUM2|cout~0   ; |Cwiczenie5_4|sumtractor8bit:sumtract|sumator8bit:sumator|sumator1bit:SUM2|cout~0   ; combout          ;
; |Cwiczenie5_4|sumtractor8bit:sumtract|rejestr8bit:ainreg|mydff:dff3|shortdff        ; |Cwiczenie5_4|sumtractor8bit:sumtract|rejestr8bit:ainreg|mydff:dff3|shortdff        ; regout           ;
; |Cwiczenie5_4|sumtractor8bit:sumtract|sourceselectmux:sumsourcemux|mout~4           ; |Cwiczenie5_4|sumtractor8bit:sumtract|sourceselectmux:sumsourcemux|mout~4           ; combout          ;
; |Cwiczenie5_4|sumtractor8bit:sumtract|sourceselectmux:sumsourcemux|mout~5           ; |Cwiczenie5_4|sumtractor8bit:sumtract|sourceselectmux:sumsourcemux|mout~5           ; combout          ;
; |Cwiczenie5_4|sumtractor8bit:sumtract|sumator8bit:sumator|sumator1bit:SUM3|s        ; |Cwiczenie5_4|sumtractor8bit:sumtract|sumator8bit:sumator|sumator1bit:SUM3|s        ; combout          ;
; |Cwiczenie5_4|sumtractor8bit:sumtract|rejestr8bit:binreg|mydff:dff4|shortdff        ; |Cwiczenie5_4|sumtractor8bit:sumtract|rejestr8bit:binreg|mydff:dff4|shortdff        ; regout           ;
; |Cwiczenie5_4|sumtractor8bit:sumtract|bprocesssig[4]                                ; |Cwiczenie5_4|sumtractor8bit:sumtract|bprocesssig[4]                                ; combout          ;
; |Cwiczenie5_4|sumtractor8bit:sumtract|sumator8bit:sumator|sumator1bit:SUM3|cout~0   ; |Cwiczenie5_4|sumtractor8bit:sumtract|sumator8bit:sumator|sumator1bit:SUM3|cout~0   ; combout          ;
; |Cwiczenie5_4|sumtractor8bit:sumtract|rejestr8bit:ainreg|mydff:dff4|shortdff        ; |Cwiczenie5_4|sumtractor8bit:sumtract|rejestr8bit:ainreg|mydff:dff4|shortdff        ; regout           ;
; |Cwiczenie5_4|sumtractor8bit:sumtract|sourceselectmux:sumsourcemux|mout~6           ; |Cwiczenie5_4|sumtractor8bit:sumtract|sourceselectmux:sumsourcemux|mout~6           ; combout          ;
; |Cwiczenie5_4|sumtractor8bit:sumtract|sourceselectmux:sumsourcemux|mout~7           ; |Cwiczenie5_4|sumtractor8bit:sumtract|sourceselectmux:sumsourcemux|mout~7           ; combout          ;
; |Cwiczenie5_4|sumtractor8bit:sumtract|sumator8bit:sumator|sumator1bit:SUM4|s        ; |Cwiczenie5_4|sumtractor8bit:sumtract|sumator8bit:sumator|sumator1bit:SUM4|s        ; combout          ;
; |Cwiczenie5_4|sumtractor8bit:sumtract|rejestr8bit:binreg|mydff:dff5|shortdff        ; |Cwiczenie5_4|sumtractor8bit:sumtract|rejestr8bit:binreg|mydff:dff5|shortdff        ; regout           ;
; |Cwiczenie5_4|sumtractor8bit:sumtract|bprocesssig[5]                                ; |Cwiczenie5_4|sumtractor8bit:sumtract|bprocesssig[5]                                ; combout          ;
; |Cwiczenie5_4|sumtractor8bit:sumtract|sumator8bit:sumator|sumator1bit:SUM4|cout~0   ; |Cwiczenie5_4|sumtractor8bit:sumtract|sumator8bit:sumator|sumator1bit:SUM4|cout~0   ; combout          ;
; |Cwiczenie5_4|sumtractor8bit:sumtract|sourceselectmux:sumsourcemux|mout~9           ; |Cwiczenie5_4|sumtractor8bit:sumtract|sourceselectmux:sumsourcemux|mout~9           ; combout          ;
; |Cwiczenie5_4|sumtractor8bit:sumtract|sumator8bit:sumator|sumator1bit:SUM5|cout~0   ; |Cwiczenie5_4|sumtractor8bit:sumtract|sumator8bit:sumator|sumator1bit:SUM5|cout~0   ; combout          ;
; |Cwiczenie5_4|sumtractor8bit:sumtract|rejestr8bit:ainreg|mydff:dff6|shortdff        ; |Cwiczenie5_4|sumtractor8bit:sumtract|rejestr8bit:ainreg|mydff:dff6|shortdff        ; regout           ;
; |Cwiczenie5_4|sumtractor8bit:sumtract|sourceselectmux:sumsourcemux|mout~10          ; |Cwiczenie5_4|sumtractor8bit:sumtract|sourceselectmux:sumsourcemux|mout~10          ; combout          ;
; |Cwiczenie5_4|sumtractor8bit:sumtract|rejestr8bit:binreg|mydff:dff7|shortdff        ; |Cwiczenie5_4|sumtractor8bit:sumtract|rejestr8bit:binreg|mydff:dff7|shortdff        ; regout           ;
; |Cwiczenie5_4|sumtractor8bit:sumtract|bprocesssig[7]                                ; |Cwiczenie5_4|sumtractor8bit:sumtract|bprocesssig[7]                                ; combout          ;
; |Cwiczenie5_4|sumtractor8bit:sumtract|rejestr8bit:ainreg|mydff:dff7|shortdff        ; |Cwiczenie5_4|sumtractor8bit:sumtract|rejestr8bit:ainreg|mydff:dff7|shortdff        ; regout           ;
; |Cwiczenie5_4|sumtractor8bit:sumtract|sourceselectmux:sumsourcemux|mout~12          ; |Cwiczenie5_4|sumtractor8bit:sumtract|sourceselectmux:sumsourcemux|mout~12          ; combout          ;
; |Cwiczenie5_4|HEX0[6]                                                               ; |Cwiczenie5_4|HEX0[6]                                                               ; padio            ;
; |Cwiczenie5_4|HEX0[5]                                                               ; |Cwiczenie5_4|HEX0[5]                                                               ; padio            ;
; |Cwiczenie5_4|HEX0[4]                                                               ; |Cwiczenie5_4|HEX0[4]                                                               ; padio            ;
; |Cwiczenie5_4|HEX0[3]                                                               ; |Cwiczenie5_4|HEX0[3]                                                               ; padio            ;
; |Cwiczenie5_4|HEX0[2]                                                               ; |Cwiczenie5_4|HEX0[2]                                                               ; padio            ;
; |Cwiczenie5_4|HEX0[1]                                                               ; |Cwiczenie5_4|HEX0[1]                                                               ; padio            ;
; |Cwiczenie5_4|HEX0[0]                                                               ; |Cwiczenie5_4|HEX0[0]                                                               ; padio            ;
; |Cwiczenie5_4|HEX1[5]                                                               ; |Cwiczenie5_4|HEX1[5]                                                               ; padio            ;
; |Cwiczenie5_4|HEX2[6]                                                               ; |Cwiczenie5_4|HEX2[6]                                                               ; padio            ;
; |Cwiczenie5_4|HEX2[5]                                                               ; |Cwiczenie5_4|HEX2[5]                                                               ; padio            ;
; |Cwiczenie5_4|HEX2[4]                                                               ; |Cwiczenie5_4|HEX2[4]                                                               ; padio            ;
; |Cwiczenie5_4|HEX2[3]                                                               ; |Cwiczenie5_4|HEX2[3]                                                               ; padio            ;
; |Cwiczenie5_4|HEX2[2]                                                               ; |Cwiczenie5_4|HEX2[2]                                                               ; padio            ;
; |Cwiczenie5_4|HEX2[1]                                                               ; |Cwiczenie5_4|HEX2[1]                                                               ; padio            ;
; |Cwiczenie5_4|HEX2[0]                                                               ; |Cwiczenie5_4|HEX2[0]                                                               ; padio            ;
; |Cwiczenie5_4|HEX3[6]                                                               ; |Cwiczenie5_4|HEX3[6]                                                               ; padio            ;
; |Cwiczenie5_4|HEX3[5]                                                               ; |Cwiczenie5_4|HEX3[5]                                                               ; padio            ;
; |Cwiczenie5_4|HEX3[4]                                                               ; |Cwiczenie5_4|HEX3[4]                                                               ; padio            ;
; |Cwiczenie5_4|HEX3[3]                                                               ; |Cwiczenie5_4|HEX3[3]                                                               ; padio            ;
; |Cwiczenie5_4|HEX3[2]                                                               ; |Cwiczenie5_4|HEX3[2]                                                               ; padio            ;
; |Cwiczenie5_4|HEX3[1]                                                               ; |Cwiczenie5_4|HEX3[1]                                                               ; padio            ;
; |Cwiczenie5_4|HEX3[0]                                                               ; |Cwiczenie5_4|HEX3[0]                                                               ; padio            ;
; |Cwiczenie5_4|HEX4[6]                                                               ; |Cwiczenie5_4|HEX4[6]                                                               ; padio            ;
; |Cwiczenie5_4|HEX4[5]                                                               ; |Cwiczenie5_4|HEX4[5]                                                               ; padio            ;
; |Cwiczenie5_4|HEX4[4]                                                               ; |Cwiczenie5_4|HEX4[4]                                                               ; padio            ;
; |Cwiczenie5_4|HEX4[3]                                                               ; |Cwiczenie5_4|HEX4[3]                                                               ; padio            ;
; |Cwiczenie5_4|HEX4[2]                                                               ; |Cwiczenie5_4|HEX4[2]                                                               ; padio            ;
; |Cwiczenie5_4|HEX4[1]                                                               ; |Cwiczenie5_4|HEX4[1]                                                               ; padio            ;
; |Cwiczenie5_4|HEX4[0]                                                               ; |Cwiczenie5_4|HEX4[0]                                                               ; padio            ;
; |Cwiczenie5_4|HEX5[6]                                                               ; |Cwiczenie5_4|HEX5[6]                                                               ; padio            ;
; |Cwiczenie5_4|HEX5[5]                                                               ; |Cwiczenie5_4|HEX5[5]                                                               ; padio            ;
; |Cwiczenie5_4|HEX5[4]                                                               ; |Cwiczenie5_4|HEX5[4]                                                               ; padio            ;
; |Cwiczenie5_4|HEX5[3]                                                               ; |Cwiczenie5_4|HEX5[3]                                                               ; padio            ;
; |Cwiczenie5_4|HEX5[2]                                                               ; |Cwiczenie5_4|HEX5[2]                                                               ; padio            ;
; |Cwiczenie5_4|HEX5[1]                                                               ; |Cwiczenie5_4|HEX5[1]                                                               ; padio            ;
; |Cwiczenie5_4|HEX5[0]                                                               ; |Cwiczenie5_4|HEX5[0]                                                               ; padio            ;
; |Cwiczenie5_4|HEX6[6]                                                               ; |Cwiczenie5_4|HEX6[6]                                                               ; padio            ;
; |Cwiczenie5_4|HEX6[5]                                                               ; |Cwiczenie5_4|HEX6[5]                                                               ; padio            ;
; |Cwiczenie5_4|HEX6[4]                                                               ; |Cwiczenie5_4|HEX6[4]                                                               ; padio            ;
; |Cwiczenie5_4|HEX6[3]                                                               ; |Cwiczenie5_4|HEX6[3]                                                               ; padio            ;
; |Cwiczenie5_4|HEX6[2]                                                               ; |Cwiczenie5_4|HEX6[2]                                                               ; padio            ;
; |Cwiczenie5_4|HEX6[1]                                                               ; |Cwiczenie5_4|HEX6[1]                                                               ; padio            ;
; |Cwiczenie5_4|HEX6[0]                                                               ; |Cwiczenie5_4|HEX6[0]                                                               ; padio            ;
; |Cwiczenie5_4|HEX7[6]                                                               ; |Cwiczenie5_4|HEX7[6]                                                               ; padio            ;
; |Cwiczenie5_4|HEX7[5]                                                               ; |Cwiczenie5_4|HEX7[5]                                                               ; padio            ;
; |Cwiczenie5_4|HEX7[4]                                                               ; |Cwiczenie5_4|HEX7[4]                                                               ; padio            ;
; |Cwiczenie5_4|HEX7[3]                                                               ; |Cwiczenie5_4|HEX7[3]                                                               ; padio            ;
; |Cwiczenie5_4|HEX7[2]                                                               ; |Cwiczenie5_4|HEX7[2]                                                               ; padio            ;
; |Cwiczenie5_4|HEX7[1]                                                               ; |Cwiczenie5_4|HEX7[1]                                                               ; padio            ;
; |Cwiczenie5_4|HEX7[0]                                                               ; |Cwiczenie5_4|HEX7[0]                                                               ; padio            ;
; |Cwiczenie5_4|iSW[8]                                                                ; |Cwiczenie5_4|iSW[8]~corein                                                         ; combout          ;
; |Cwiczenie5_4|iSW[9]                                                                ; |Cwiczenie5_4|iSW[9]~corein                                                         ; combout          ;
; |Cwiczenie5_4|iSW[10]                                                               ; |Cwiczenie5_4|iSW[10]~corein                                                        ; combout          ;
; |Cwiczenie5_4|iSW[11]                                                               ; |Cwiczenie5_4|iSW[11]~corein                                                        ; combout          ;
; |Cwiczenie5_4|iSW[12]                                                               ; |Cwiczenie5_4|iSW[12]~corein                                                        ; combout          ;
; |Cwiczenie5_4|iSW[13]                                                               ; |Cwiczenie5_4|iSW[13]~corein                                                        ; combout          ;
; |Cwiczenie5_4|iSW[14]                                                               ; |Cwiczenie5_4|iSW[14]~corein                                                        ; combout          ;
; |Cwiczenie5_4|iSW[15]                                                               ; |Cwiczenie5_4|iSW[15]~corein                                                        ; combout          ;
; |Cwiczenie5_4|iSW[0]                                                                ; |Cwiczenie5_4|iSW[0]~corein                                                         ; combout          ;
; |Cwiczenie5_4|iSW[1]                                                                ; |Cwiczenie5_4|iSW[1]~corein                                                         ; combout          ;
; |Cwiczenie5_4|iSW[2]                                                                ; |Cwiczenie5_4|iSW[2]~corein                                                         ; combout          ;
; |Cwiczenie5_4|iSW[3]                                                                ; |Cwiczenie5_4|iSW[3]~corein                                                         ; combout          ;
; |Cwiczenie5_4|iSW[4]                                                                ; |Cwiczenie5_4|iSW[4]~corein                                                         ; combout          ;
; |Cwiczenie5_4|iSW[5]                                                                ; |Cwiczenie5_4|iSW[5]~corein                                                         ; combout          ;
; |Cwiczenie5_4|iSW[6]                                                                ; |Cwiczenie5_4|iSW[6]~corein                                                         ; combout          ;
; |Cwiczenie5_4|iSW[7]                                                                ; |Cwiczenie5_4|iSW[7]~corein                                                         ; combout          ;
; |Cwiczenie5_4|iSW[16]                                                               ; |Cwiczenie5_4|iSW[16]~corein                                                        ; combout          ;
; |Cwiczenie5_4|iSW[17]                                                               ; |Cwiczenie5_4|iSW[17]~corein                                                        ; combout          ;
; |Cwiczenie5_4|sumtractor8bit:sumtract|rejestr8bit:binreg|mydff:dff4|shortdff~feeder ; |Cwiczenie5_4|sumtractor8bit:sumtract|rejestr8bit:binreg|mydff:dff4|shortdff~feeder ; combout          ;
; |Cwiczenie5_4|sumtractor8bit:sumtract|rejestr8bit:binreg|mydff:dff7|shortdff~feeder ; |Cwiczenie5_4|sumtractor8bit:sumtract|rejestr8bit:binreg|mydff:dff7|shortdff~feeder ; combout          ;
; |Cwiczenie5_4|sumtractor8bit:sumtract|rejestr8bit:ainreg|mydff:dff0|shortdff~feeder ; |Cwiczenie5_4|sumtractor8bit:sumtract|rejestr8bit:ainreg|mydff:dff0|shortdff~feeder ; combout          ;
; |Cwiczenie5_4|sumtractor8bit:sumtract|rejestr8bit:ainreg|mydff:dff1|shortdff~feeder ; |Cwiczenie5_4|sumtractor8bit:sumtract|rejestr8bit:ainreg|mydff:dff1|shortdff~feeder ; combout          ;
; |Cwiczenie5_4|sumtractor8bit:sumtract|rejestr8bit:ainreg|mydff:dff4|shortdff~feeder ; |Cwiczenie5_4|sumtractor8bit:sumtract|rejestr8bit:ainreg|mydff:dff4|shortdff~feeder ; combout          ;
; |Cwiczenie5_4|sumtractor8bit:sumtract|rejestr8bit:ainreg|mydff:dff7|shortdff~feeder ; |Cwiczenie5_4|sumtractor8bit:sumtract|rejestr8bit:ainreg|mydff:dff7|shortdff~feeder ; combout          ;
+-------------------------------------------------------------------------------------+-------------------------------------------------------------------------------------+------------------+


The following table displays output ports that do not toggle to 0 during simulation.
+----------------------------------------------------------------------------------------------------------------------------------------------------------------------------------------------+
; Missing 0-Value Coverage                                                                                                                                                                     ;
+-------------------------------------------------------------------------------------+-------------------------------------------------------------------------------------+------------------+
; Node Name                                                                           ; Output Port Name                                                                    ; Output Port Type ;
+-------------------------------------------------------------------------------------+-------------------------------------------------------------------------------------+------------------+
; |Cwiczenie5_4|sumtractor8bit:sumtract|rejestr8bit:outreg|mydff:dff0|shortdff        ; |Cwiczenie5_4|sumtractor8bit:sumtract|rejestr8bit:outreg|mydff:dff0|shortdff        ; regout           ;
; |Cwiczenie5_4|sumtractor8bit:sumtract|rejestr8bit:outreg|mydff:dff1|shortdff        ; |Cwiczenie5_4|sumtractor8bit:sumtract|rejestr8bit:outreg|mydff:dff1|shortdff        ; regout           ;
; |Cwiczenie5_4|sumtractor8bit:sumtract|rejestr8bit:outreg|mydff:dff2|shortdff        ; |Cwiczenie5_4|sumtractor8bit:sumtract|rejestr8bit:outreg|mydff:dff2|shortdff        ; regout           ;
; |Cwiczenie5_4|sumtractor8bit:sumtract|rejestr8bit:outreg|mydff:dff3|shortdff        ; |Cwiczenie5_4|sumtractor8bit:sumtract|rejestr8bit:outreg|mydff:dff3|shortdff        ; regout           ;
; |Cwiczenie5_4|char7seg:ohex7|Mux6~0                                                 ; |Cwiczenie5_4|char7seg:ohex7|Mux6~0                                                 ; combout          ;
; |Cwiczenie5_4|char7seg:ohex7|Mux5~0                                                 ; |Cwiczenie5_4|char7seg:ohex7|Mux5~0                                                 ; combout          ;
; |Cwiczenie5_4|char7seg:ohex7|Mux4~0                                                 ; |Cwiczenie5_4|char7seg:ohex7|Mux4~0                                                 ; combout          ;
; |Cwiczenie5_4|char7seg:ohex7|Mux3~0                                                 ; |Cwiczenie5_4|char7seg:ohex7|Mux3~0                                                 ; combout          ;
; |Cwiczenie5_4|char7seg:ohex7|Mux2~0                                                 ; |Cwiczenie5_4|char7seg:ohex7|Mux2~0                                                 ; combout          ;
; |Cwiczenie5_4|char7seg:ohex7|Mux1~0                                                 ; |Cwiczenie5_4|char7seg:ohex7|Mux1~0                                                 ; combout          ;
; |Cwiczenie5_4|char7seg:ohex7|Mux0~0                                                 ; |Cwiczenie5_4|char7seg:ohex7|Mux0~0                                                 ; combout          ;
; |Cwiczenie5_4|sumtractor8bit:sumtract|rejestr8bit:outreg|mydff:dff4|shortdff        ; |Cwiczenie5_4|sumtractor8bit:sumtract|rejestr8bit:outreg|mydff:dff4|shortdff        ; regout           ;
; |Cwiczenie5_4|sumtractor8bit:sumtract|rejestr8bit:outreg|mydff:dff5|shortdff        ; |Cwiczenie5_4|sumtractor8bit:sumtract|rejestr8bit:outreg|mydff:dff5|shortdff        ; regout           ;
; |Cwiczenie5_4|char7seg:ohex6|Mux5~0                                                 ; |Cwiczenie5_4|char7seg:ohex6|Mux5~0                                                 ; combout          ;
; |Cwiczenie5_4|char7seg:ohex4|Mux6~0                                                 ; |Cwiczenie5_4|char7seg:ohex4|Mux6~0                                                 ; combout          ;
; |Cwiczenie5_4|char7seg:ohex4|Mux5~0                                                 ; |Cwiczenie5_4|char7seg:ohex4|Mux5~0                                                 ; combout          ;
; |Cwiczenie5_4|char7seg:ohex4|Mux4~0                                                 ; |Cwiczenie5_4|char7seg:ohex4|Mux4~0                                                 ; combout          ;
; |Cwiczenie5_4|char7seg:ohex4|Mux3~0                                                 ; |Cwiczenie5_4|char7seg:ohex4|Mux3~0                                                 ; combout          ;
; |Cwiczenie5_4|char7seg:ohex4|Mux2~0                                                 ; |Cwiczenie5_4|char7seg:ohex4|Mux2~0                                                 ; combout          ;
; |Cwiczenie5_4|char7seg:ohex4|Mux1~0                                                 ; |Cwiczenie5_4|char7seg:ohex4|Mux1~0                                                 ; combout          ;
; |Cwiczenie5_4|char7seg:ohex4|Mux0~0                                                 ; |Cwiczenie5_4|char7seg:ohex4|Mux0~0                                                 ; combout          ;
; |Cwiczenie5_4|char7seg:ohex3|Mux6~0                                                 ; |Cwiczenie5_4|char7seg:ohex3|Mux6~0                                                 ; combout          ;
; |Cwiczenie5_4|char7seg:ohex3|Mux5~0                                                 ; |Cwiczenie5_4|char7seg:ohex3|Mux5~0                                                 ; combout          ;
; |Cwiczenie5_4|char7seg:ohex3|Mux4~0                                                 ; |Cwiczenie5_4|char7seg:ohex3|Mux4~0                                                 ; combout          ;
; |Cwiczenie5_4|char7seg:ohex3|Mux3~0                                                 ; |Cwiczenie5_4|char7seg:ohex3|Mux3~0                                                 ; combout          ;
; |Cwiczenie5_4|char7seg:ohex3|Mux2~0                                                 ; |Cwiczenie5_4|char7seg:ohex3|Mux2~0                                                 ; combout          ;
; |Cwiczenie5_4|char7seg:ohex3|Mux1~0                                                 ; |Cwiczenie5_4|char7seg:ohex3|Mux1~0                                                 ; combout          ;
; |Cwiczenie5_4|char7seg:ohex3|Mux0~0                                                 ; |Cwiczenie5_4|char7seg:ohex3|Mux0~0                                                 ; combout          ;
; |Cwiczenie5_4|char7seg:ohex1|Mux6~0                                                 ; |Cwiczenie5_4|char7seg:ohex1|Mux6~0                                                 ; combout          ;
; |Cwiczenie5_4|char7seg:ohex1|Mux5~0                                                 ; |Cwiczenie5_4|char7seg:ohex1|Mux5~0                                                 ; combout          ;
; |Cwiczenie5_4|char7seg:ohex1|Mux4~0                                                 ; |Cwiczenie5_4|char7seg:ohex1|Mux4~0                                                 ; combout          ;
; |Cwiczenie5_4|char7seg:ohex1|Mux3~0                                                 ; |Cwiczenie5_4|char7seg:ohex1|Mux3~0                                                 ; combout          ;
; |Cwiczenie5_4|char7seg:ohex1|Mux2~0                                                 ; |Cwiczenie5_4|char7seg:ohex1|Mux2~0                                                 ; combout          ;
; |Cwiczenie5_4|char7seg:ohex1|Mux1~0                                                 ; |Cwiczenie5_4|char7seg:ohex1|Mux1~0                                                 ; combout          ;
; |Cwiczenie5_4|char7seg:ohex1|Mux0~0                                                 ; |Cwiczenie5_4|char7seg:ohex1|Mux0~0                                                 ; combout          ;
; |Cwiczenie5_4|char7seg:ohex0|Mux6~0                                                 ; |Cwiczenie5_4|char7seg:ohex0|Mux6~0                                                 ; combout          ;
; |Cwiczenie5_4|char7seg:ohex0|Mux5~0                                                 ; |Cwiczenie5_4|char7seg:ohex0|Mux5~0                                                 ; combout          ;
; |Cwiczenie5_4|char7seg:ohex0|Mux4~0                                                 ; |Cwiczenie5_4|char7seg:ohex0|Mux4~0                                                 ; combout          ;
; |Cwiczenie5_4|char7seg:ohex0|Mux3~0                                                 ; |Cwiczenie5_4|char7seg:ohex0|Mux3~0                                                 ; combout          ;
; |Cwiczenie5_4|char7seg:ohex0|Mux2~0                                                 ; |Cwiczenie5_4|char7seg:ohex0|Mux2~0                                                 ; combout          ;
; |Cwiczenie5_4|char7seg:ohex0|Mux1~0                                                 ; |Cwiczenie5_4|char7seg:ohex0|Mux1~0                                                 ; combout          ;
; |Cwiczenie5_4|char7seg:ohex0|Mux0~0                                                 ; |Cwiczenie5_4|char7seg:ohex0|Mux0~0                                                 ; combout          ;
; |Cwiczenie5_4|sumtractor8bit:sumtract|mydff:selreg|shortdff                         ; |Cwiczenie5_4|sumtractor8bit:sumtract|mydff:selreg|shortdff                         ; regout           ;
; |Cwiczenie5_4|sumtractor8bit:sumtract|rejestr8bit:ainreg|mydff:dff0|shortdff        ; |Cwiczenie5_4|sumtractor8bit:sumtract|rejestr8bit:ainreg|mydff:dff0|shortdff        ; regout           ;
; |Cwiczenie5_4|sumtractor8bit:sumtract|rejestr8bit:binreg|mydff:dff0|shortdff        ; |Cwiczenie5_4|sumtractor8bit:sumtract|rejestr8bit:binreg|mydff:dff0|shortdff        ; regout           ;
; |Cwiczenie5_4|sumtractor8bit:sumtract|sumator8bit:sumator|sumator1bit:SUM0|s~0      ; |Cwiczenie5_4|sumtractor8bit:sumtract|sumator8bit:sumator|sumator1bit:SUM0|s~0      ; combout          ;
; |Cwiczenie5_4|sumtractor8bit:sumtract|sumator8bit:sumator|sumator1bit:SUM0|cout~0   ; |Cwiczenie5_4|sumtractor8bit:sumtract|sumator8bit:sumator|sumator1bit:SUM0|cout~0   ; combout          ;
; |Cwiczenie5_4|sumtractor8bit:sumtract|mydff:addsubreg|shortdff                      ; |Cwiczenie5_4|sumtractor8bit:sumtract|mydff:addsubreg|shortdff                      ; regout           ;
; |Cwiczenie5_4|sumtractor8bit:sumtract|sumator8bit:sumator|sumator1bit:SUM0|cout~1   ; |Cwiczenie5_4|sumtractor8bit:sumtract|sumator8bit:sumator|sumator1bit:SUM0|cout~1   ; combout          ;
; |Cwiczenie5_4|sumtractor8bit:sumtract|rejestr8bit:binreg|mydff:dff1|shortdff        ; |Cwiczenie5_4|sumtractor8bit:sumtract|rejestr8bit:binreg|mydff:dff1|shortdff        ; regout           ;
; |Cwiczenie5_4|sumtractor8bit:sumtract|bprocesssig[1]                                ; |Cwiczenie5_4|sumtractor8bit:sumtract|bprocesssig[1]                                ; combout          ;
; |Cwiczenie5_4|sumtractor8bit:sumtract|rejestr8bit:ainreg|mydff:dff1|shortdff        ; |Cwiczenie5_4|sumtractor8bit:sumtract|rejestr8bit:ainreg|mydff:dff1|shortdff        ; regout           ;
; |Cwiczenie5_4|sumtractor8bit:sumtract|sourceselectmux:sumsourcemux|mout~0           ; |Cwiczenie5_4|sumtractor8bit:sumtract|sourceselectmux:sumsourcemux|mout~0           ; combout          ;
; |Cwiczenie5_4|sumtractor8bit:sumtract|sourceselectmux:sumsourcemux|mout~1           ; |Cwiczenie5_4|sumtractor8bit:sumtract|sourceselectmux:sumsourcemux|mout~1           ; combout          ;
; |Cwiczenie5_4|sumtractor8bit:sumtract|sumator8bit:sumator|sumator1bit:SUM1|s~0      ; |Cwiczenie5_4|sumtractor8bit:sumtract|sumator8bit:sumator|sumator1bit:SUM1|s~0      ; combout          ;
; |Cwiczenie5_4|sumtractor8bit:sumtract|rejestr8bit:binreg|mydff:dff2|shortdff        ; |Cwiczenie5_4|sumtractor8bit:sumtract|rejestr8bit:binreg|mydff:dff2|shortdff        ; regout           ;
; |Cwiczenie5_4|sumtractor8bit:sumtract|bprocesssig[2]                                ; |Cwiczenie5_4|sumtractor8bit:sumtract|bprocesssig[2]                                ; combout          ;
; |Cwiczenie5_4|sumtractor8bit:sumtract|sumator8bit:sumator|sumator1bit:SUM1|cout~0   ; |Cwiczenie5_4|sumtractor8bit:sumtract|sumator8bit:sumator|sumator1bit:SUM1|cout~0   ; combout          ;
; |Cwiczenie5_4|sumtractor8bit:sumtract|rejestr8bit:ainreg|mydff:dff2|shortdff        ; |Cwiczenie5_4|sumtractor8bit:sumtract|rejestr8bit:ainreg|mydff:dff2|shortdff        ; regout           ;
; |Cwiczenie5_4|sumtractor8bit:sumtract|sourceselectmux:sumsourcemux|mout~2           ; |Cwiczenie5_4|sumtractor8bit:sumtract|sourceselectmux:sumsourcemux|mout~2           ; combout          ;
; |Cwiczenie5_4|sumtractor8bit:sumtract|sourceselectmux:sumsourcemux|mout~3           ; |Cwiczenie5_4|sumtractor8bit:sumtract|sourceselectmux:sumsourcemux|mout~3           ; combout          ;
; |Cwiczenie5_4|sumtractor8bit:sumtract|sumator8bit:sumator|sumator1bit:SUM2|s        ; |Cwiczenie5_4|sumtractor8bit:sumtract|sumator8bit:sumator|sumator1bit:SUM2|s        ; combout          ;
; |Cwiczenie5_4|sumtractor8bit:sumtract|rejestr8bit:binreg|mydff:dff3|shortdff        ; |Cwiczenie5_4|sumtractor8bit:sumtract|rejestr8bit:binreg|mydff:dff3|shortdff        ; regout           ;
; |Cwiczenie5_4|sumtractor8bit:sumtract|bprocesssig[3]                                ; |Cwiczenie5_4|sumtractor8bit:sumtract|bprocesssig[3]                                ; combout          ;
; |Cwiczenie5_4|sumtractor8bit:sumtract|sumator8bit:sumator|sumator1bit:SUM2|cout~0   ; |Cwiczenie5_4|sumtractor8bit:sumtract|sumator8bit:sumator|sumator1bit:SUM2|cout~0   ; combout          ;
; |Cwiczenie5_4|sumtractor8bit:sumtract|rejestr8bit:ainreg|mydff:dff3|shortdff        ; |Cwiczenie5_4|sumtractor8bit:sumtract|rejestr8bit:ainreg|mydff:dff3|shortdff        ; regout           ;
; |Cwiczenie5_4|sumtractor8bit:sumtract|sourceselectmux:sumsourcemux|mout~4           ; |Cwiczenie5_4|sumtractor8bit:sumtract|sourceselectmux:sumsourcemux|mout~4           ; combout          ;
; |Cwiczenie5_4|sumtractor8bit:sumtract|sourceselectmux:sumsourcemux|mout~5           ; |Cwiczenie5_4|sumtractor8bit:sumtract|sourceselectmux:sumsourcemux|mout~5           ; combout          ;
; |Cwiczenie5_4|sumtractor8bit:sumtract|sumator8bit:sumator|sumator1bit:SUM3|s        ; |Cwiczenie5_4|sumtractor8bit:sumtract|sumator8bit:sumator|sumator1bit:SUM3|s        ; combout          ;
; |Cwiczenie5_4|sumtractor8bit:sumtract|rejestr8bit:binreg|mydff:dff4|shortdff        ; |Cwiczenie5_4|sumtractor8bit:sumtract|rejestr8bit:binreg|mydff:dff4|shortdff        ; regout           ;
; |Cwiczenie5_4|sumtractor8bit:sumtract|bprocesssig[4]                                ; |Cwiczenie5_4|sumtractor8bit:sumtract|bprocesssig[4]                                ; combout          ;
; |Cwiczenie5_4|sumtractor8bit:sumtract|sumator8bit:sumator|sumator1bit:SUM3|cout~0   ; |Cwiczenie5_4|sumtractor8bit:sumtract|sumator8bit:sumator|sumator1bit:SUM3|cout~0   ; combout          ;
; |Cwiczenie5_4|sumtractor8bit:sumtract|rejestr8bit:ainreg|mydff:dff4|shortdff        ; |Cwiczenie5_4|sumtractor8bit:sumtract|rejestr8bit:ainreg|mydff:dff4|shortdff        ; regout           ;
; |Cwiczenie5_4|sumtractor8bit:sumtract|sourceselectmux:sumsourcemux|mout~6           ; |Cwiczenie5_4|sumtractor8bit:sumtract|sourceselectmux:sumsourcemux|mout~6           ; combout          ;
; |Cwiczenie5_4|sumtractor8bit:sumtract|sourceselectmux:sumsourcemux|mout~7           ; |Cwiczenie5_4|sumtractor8bit:sumtract|sourceselectmux:sumsourcemux|mout~7           ; combout          ;
; |Cwiczenie5_4|sumtractor8bit:sumtract|sumator8bit:sumator|sumator1bit:SUM4|s        ; |Cwiczenie5_4|sumtractor8bit:sumtract|sumator8bit:sumator|sumator1bit:SUM4|s        ; combout          ;
; |Cwiczenie5_4|sumtractor8bit:sumtract|rejestr8bit:binreg|mydff:dff5|shortdff        ; |Cwiczenie5_4|sumtractor8bit:sumtract|rejestr8bit:binreg|mydff:dff5|shortdff        ; regout           ;
; |Cwiczenie5_4|sumtractor8bit:sumtract|bprocesssig[5]                                ; |Cwiczenie5_4|sumtractor8bit:sumtract|bprocesssig[5]                                ; combout          ;
; |Cwiczenie5_4|sumtractor8bit:sumtract|sumator8bit:sumator|sumator1bit:SUM4|cout~0   ; |Cwiczenie5_4|sumtractor8bit:sumtract|sumator8bit:sumator|sumator1bit:SUM4|cout~0   ; combout          ;
; |Cwiczenie5_4|sumtractor8bit:sumtract|rejestr8bit:ainreg|mydff:dff5|shortdff        ; |Cwiczenie5_4|sumtractor8bit:sumtract|rejestr8bit:ainreg|mydff:dff5|shortdff        ; regout           ;
; |Cwiczenie5_4|sumtractor8bit:sumtract|sourceselectmux:sumsourcemux|mout~9           ; |Cwiczenie5_4|sumtractor8bit:sumtract|sourceselectmux:sumsourcemux|mout~9           ; combout          ;
; |Cwiczenie5_4|sumtractor8bit:sumtract|rejestr8bit:binreg|mydff:dff6|shortdff        ; |Cwiczenie5_4|sumtractor8bit:sumtract|rejestr8bit:binreg|mydff:dff6|shortdff        ; regout           ;
; |Cwiczenie5_4|sumtractor8bit:sumtract|bprocesssig[6]                                ; |Cwiczenie5_4|sumtractor8bit:sumtract|bprocesssig[6]                                ; combout          ;
; |Cwiczenie5_4|sumtractor8bit:sumtract|sumator8bit:sumator|sumator1bit:SUM5|cout~0   ; |Cwiczenie5_4|sumtractor8bit:sumtract|sumator8bit:sumator|sumator1bit:SUM5|cout~0   ; combout          ;
; |Cwiczenie5_4|sumtractor8bit:sumtract|rejestr8bit:ainreg|mydff:dff6|shortdff        ; |Cwiczenie5_4|sumtractor8bit:sumtract|rejestr8bit:ainreg|mydff:dff6|shortdff        ; regout           ;
; |Cwiczenie5_4|sumtractor8bit:sumtract|sourceselectmux:sumsourcemux|mout~10          ; |Cwiczenie5_4|sumtractor8bit:sumtract|sourceselectmux:sumsourcemux|mout~10          ; combout          ;
; |Cwiczenie5_4|sumtractor8bit:sumtract|rejestr8bit:binreg|mydff:dff7|shortdff        ; |Cwiczenie5_4|sumtractor8bit:sumtract|rejestr8bit:binreg|mydff:dff7|shortdff        ; regout           ;
; |Cwiczenie5_4|sumtractor8bit:sumtract|bprocesssig[7]                                ; |Cwiczenie5_4|sumtractor8bit:sumtract|bprocesssig[7]                                ; combout          ;
; |Cwiczenie5_4|sumtractor8bit:sumtract|rejestr8bit:ainreg|mydff:dff7|shortdff        ; |Cwiczenie5_4|sumtractor8bit:sumtract|rejestr8bit:ainreg|mydff:dff7|shortdff        ; regout           ;
; |Cwiczenie5_4|sumtractor8bit:sumtract|sourceselectmux:sumsourcemux|mout~12          ; |Cwiczenie5_4|sumtractor8bit:sumtract|sourceselectmux:sumsourcemux|mout~12          ; combout          ;
; |Cwiczenie5_4|HEX0[6]                                                               ; |Cwiczenie5_4|HEX0[6]                                                               ; padio            ;
; |Cwiczenie5_4|HEX0[5]                                                               ; |Cwiczenie5_4|HEX0[5]                                                               ; padio            ;
; |Cwiczenie5_4|HEX0[4]                                                               ; |Cwiczenie5_4|HEX0[4]                                                               ; padio            ;
; |Cwiczenie5_4|HEX0[3]                                                               ; |Cwiczenie5_4|HEX0[3]                                                               ; padio            ;
; |Cwiczenie5_4|HEX0[2]                                                               ; |Cwiczenie5_4|HEX0[2]                                                               ; padio            ;
; |Cwiczenie5_4|HEX0[1]                                                               ; |Cwiczenie5_4|HEX0[1]                                                               ; padio            ;
; |Cwiczenie5_4|HEX0[0]                                                               ; |Cwiczenie5_4|HEX0[0]                                                               ; padio            ;
; |Cwiczenie5_4|HEX1[5]                                                               ; |Cwiczenie5_4|HEX1[5]                                                               ; padio            ;
; |Cwiczenie5_4|HEX2[6]                                                               ; |Cwiczenie5_4|HEX2[6]                                                               ; padio            ;
; |Cwiczenie5_4|HEX2[5]                                                               ; |Cwiczenie5_4|HEX2[5]                                                               ; padio            ;
; |Cwiczenie5_4|HEX2[4]                                                               ; |Cwiczenie5_4|HEX2[4]                                                               ; padio            ;
; |Cwiczenie5_4|HEX2[3]                                                               ; |Cwiczenie5_4|HEX2[3]                                                               ; padio            ;
; |Cwiczenie5_4|HEX2[2]                                                               ; |Cwiczenie5_4|HEX2[2]                                                               ; padio            ;
; |Cwiczenie5_4|HEX2[1]                                                               ; |Cwiczenie5_4|HEX2[1]                                                               ; padio            ;
; |Cwiczenie5_4|HEX2[0]                                                               ; |Cwiczenie5_4|HEX2[0]                                                               ; padio            ;
; |Cwiczenie5_4|HEX3[6]                                                               ; |Cwiczenie5_4|HEX3[6]                                                               ; padio            ;
; |Cwiczenie5_4|HEX3[5]                                                               ; |Cwiczenie5_4|HEX3[5]                                                               ; padio            ;
; |Cwiczenie5_4|HEX3[4]                                                               ; |Cwiczenie5_4|HEX3[4]                                                               ; padio            ;
; |Cwiczenie5_4|HEX3[3]                                                               ; |Cwiczenie5_4|HEX3[3]                                                               ; padio            ;
; |Cwiczenie5_4|HEX3[2]                                                               ; |Cwiczenie5_4|HEX3[2]                                                               ; padio            ;
; |Cwiczenie5_4|HEX3[1]                                                               ; |Cwiczenie5_4|HEX3[1]                                                               ; padio            ;
; |Cwiczenie5_4|HEX3[0]                                                               ; |Cwiczenie5_4|HEX3[0]                                                               ; padio            ;
; |Cwiczenie5_4|HEX4[6]                                                               ; |Cwiczenie5_4|HEX4[6]                                                               ; padio            ;
; |Cwiczenie5_4|HEX4[5]                                                               ; |Cwiczenie5_4|HEX4[5]                                                               ; padio            ;
; |Cwiczenie5_4|HEX4[4]                                                               ; |Cwiczenie5_4|HEX4[4]                                                               ; padio            ;
; |Cwiczenie5_4|HEX4[3]                                                               ; |Cwiczenie5_4|HEX4[3]                                                               ; padio            ;
; |Cwiczenie5_4|HEX4[2]                                                               ; |Cwiczenie5_4|HEX4[2]                                                               ; padio            ;
; |Cwiczenie5_4|HEX4[1]                                                               ; |Cwiczenie5_4|HEX4[1]                                                               ; padio            ;
; |Cwiczenie5_4|HEX4[0]                                                               ; |Cwiczenie5_4|HEX4[0]                                                               ; padio            ;
; |Cwiczenie5_4|HEX5[6]                                                               ; |Cwiczenie5_4|HEX5[6]                                                               ; padio            ;
; |Cwiczenie5_4|HEX5[5]                                                               ; |Cwiczenie5_4|HEX5[5]                                                               ; padio            ;
; |Cwiczenie5_4|HEX5[4]                                                               ; |Cwiczenie5_4|HEX5[4]                                                               ; padio            ;
; |Cwiczenie5_4|HEX5[3]                                                               ; |Cwiczenie5_4|HEX5[3]                                                               ; padio            ;
; |Cwiczenie5_4|HEX5[2]                                                               ; |Cwiczenie5_4|HEX5[2]                                                               ; padio            ;
; |Cwiczenie5_4|HEX5[1]                                                               ; |Cwiczenie5_4|HEX5[1]                                                               ; padio            ;
; |Cwiczenie5_4|HEX5[0]                                                               ; |Cwiczenie5_4|HEX5[0]                                                               ; padio            ;
; |Cwiczenie5_4|HEX6[6]                                                               ; |Cwiczenie5_4|HEX6[6]                                                               ; padio            ;
; |Cwiczenie5_4|HEX6[5]                                                               ; |Cwiczenie5_4|HEX6[5]                                                               ; padio            ;
; |Cwiczenie5_4|HEX6[4]                                                               ; |Cwiczenie5_4|HEX6[4]                                                               ; padio            ;
; |Cwiczenie5_4|HEX6[3]                                                               ; |Cwiczenie5_4|HEX6[3]                                                               ; padio            ;
; |Cwiczenie5_4|HEX6[2]                                                               ; |Cwiczenie5_4|HEX6[2]                                                               ; padio            ;
; |Cwiczenie5_4|HEX6[1]                                                               ; |Cwiczenie5_4|HEX6[1]                                                               ; padio            ;
; |Cwiczenie5_4|HEX6[0]                                                               ; |Cwiczenie5_4|HEX6[0]                                                               ; padio            ;
; |Cwiczenie5_4|HEX7[6]                                                               ; |Cwiczenie5_4|HEX7[6]                                                               ; padio            ;
; |Cwiczenie5_4|HEX7[5]                                                               ; |Cwiczenie5_4|HEX7[5]                                                               ; padio            ;
; |Cwiczenie5_4|HEX7[4]                                                               ; |Cwiczenie5_4|HEX7[4]                                                               ; padio            ;
; |Cwiczenie5_4|HEX7[3]                                                               ; |Cwiczenie5_4|HEX7[3]                                                               ; padio            ;
; |Cwiczenie5_4|HEX7[2]                                                               ; |Cwiczenie5_4|HEX7[2]                                                               ; padio            ;
; |Cwiczenie5_4|HEX7[1]                                                               ; |Cwiczenie5_4|HEX7[1]                                                               ; padio            ;
; |Cwiczenie5_4|HEX7[0]                                                               ; |Cwiczenie5_4|HEX7[0]                                                               ; padio            ;
; |Cwiczenie5_4|iSW[8]                                                                ; |Cwiczenie5_4|iSW[8]~corein                                                         ; combout          ;
; |Cwiczenie5_4|iSW[9]                                                                ; |Cwiczenie5_4|iSW[9]~corein                                                         ; combout          ;
; |Cwiczenie5_4|iSW[10]                                                               ; |Cwiczenie5_4|iSW[10]~corein                                                        ; combout          ;
; |Cwiczenie5_4|iSW[11]                                                               ; |Cwiczenie5_4|iSW[11]~corein                                                        ; combout          ;
; |Cwiczenie5_4|iSW[12]                                                               ; |Cwiczenie5_4|iSW[12]~corein                                                        ; combout          ;
; |Cwiczenie5_4|iSW[13]                                                               ; |Cwiczenie5_4|iSW[13]~corein                                                        ; combout          ;
; |Cwiczenie5_4|iSW[14]                                                               ; |Cwiczenie5_4|iSW[14]~corein                                                        ; combout          ;
; |Cwiczenie5_4|iSW[15]                                                               ; |Cwiczenie5_4|iSW[15]~corein                                                        ; combout          ;
; |Cwiczenie5_4|iSW[0]                                                                ; |Cwiczenie5_4|iSW[0]~corein                                                         ; combout          ;
; |Cwiczenie5_4|iSW[1]                                                                ; |Cwiczenie5_4|iSW[1]~corein                                                         ; combout          ;
; |Cwiczenie5_4|iSW[2]                                                                ; |Cwiczenie5_4|iSW[2]~corein                                                         ; combout          ;
; |Cwiczenie5_4|iSW[3]                                                                ; |Cwiczenie5_4|iSW[3]~corein                                                         ; combout          ;
; |Cwiczenie5_4|iSW[4]                                                                ; |Cwiczenie5_4|iSW[4]~corein                                                         ; combout          ;
; |Cwiczenie5_4|iSW[5]                                                                ; |Cwiczenie5_4|iSW[5]~corein                                                         ; combout          ;
; |Cwiczenie5_4|iSW[6]                                                                ; |Cwiczenie5_4|iSW[6]~corein                                                         ; combout          ;
; |Cwiczenie5_4|iSW[7]                                                                ; |Cwiczenie5_4|iSW[7]~corein                                                         ; combout          ;
; |Cwiczenie5_4|iSW[16]                                                               ; |Cwiczenie5_4|iSW[16]~corein                                                        ; combout          ;
; |Cwiczenie5_4|iSW[17]                                                               ; |Cwiczenie5_4|iSW[17]~corein                                                        ; combout          ;
; |Cwiczenie5_4|sumtractor8bit:sumtract|rejestr8bit:binreg|mydff:dff4|shortdff~feeder ; |Cwiczenie5_4|sumtractor8bit:sumtract|rejestr8bit:binreg|mydff:dff4|shortdff~feeder ; combout          ;
; |Cwiczenie5_4|sumtractor8bit:sumtract|rejestr8bit:binreg|mydff:dff7|shortdff~feeder ; |Cwiczenie5_4|sumtractor8bit:sumtract|rejestr8bit:binreg|mydff:dff7|shortdff~feeder ; combout          ;
; |Cwiczenie5_4|sumtractor8bit:sumtract|rejestr8bit:ainreg|mydff:dff0|shortdff~feeder ; |Cwiczenie5_4|sumtractor8bit:sumtract|rejestr8bit:ainreg|mydff:dff0|shortdff~feeder ; combout          ;
; |Cwiczenie5_4|sumtractor8bit:sumtract|rejestr8bit:ainreg|mydff:dff1|shortdff~feeder ; |Cwiczenie5_4|sumtractor8bit:sumtract|rejestr8bit:ainreg|mydff:dff1|shortdff~feeder ; combout          ;
; |Cwiczenie5_4|sumtractor8bit:sumtract|rejestr8bit:ainreg|mydff:dff4|shortdff~feeder ; |Cwiczenie5_4|sumtractor8bit:sumtract|rejestr8bit:ainreg|mydff:dff4|shortdff~feeder ; combout          ;
; |Cwiczenie5_4|sumtractor8bit:sumtract|rejestr8bit:ainreg|mydff:dff7|shortdff~feeder ; |Cwiczenie5_4|sumtractor8bit:sumtract|rejestr8bit:ainreg|mydff:dff7|shortdff~feeder ; combout          ;
+-------------------------------------------------------------------------------------+-------------------------------------------------------------------------------------+------------------+


+---------------------+
; Simulator INI Usage ;
+--------+------------+
; Option ; Usage      ;
+--------+------------+


+--------------------+
; Simulator Messages ;
+--------------------+
Info: *******************************************************************
Info: Running Quartus II 32-bit Simulator
    Info: Version 13.0.1 Build 232 06/12/2013 Service Pack 1 SJ Web Edition
    Info: Processing started: Fri Dec 29 18:13:24 2017
Info: Command: quartus_sim --simulation_results_format=VWF Cwiczenie5_4 -c Cwiczenie5_4
Info (324025): Using vector source file "C:/Users/Developer/Documents/Quartus/Cwiczenie5_4/Waveform.vwf"
Info (310003): Option to preserve fewer signal transitions to reduce memory requirements is enabled
    Info (310004): Simulation has been partitioned into sub-simulations according to the maximum transition count determined by the engine. Transitions from memory will be flushed out to disk at the end of each sub-simulation to reduce memory requirements.
Info (310002): Simulation partitioned into 1 sub-simulations
Info (328053): Simulation coverage is      13.23 %
Info (328052): Number of transitions in simulation is 1010
Info (324045): Vector file Cwiczenie5_4.sim.vwf is saved in VWF text format. You can compress it into CVWF format in order to reduce file size. For more details please refer to the Quartus II Help.
Info: Quartus II 32-bit Simulator was successful. 0 errors, 0 warnings
    Info: Peak virtual memory: 335 megabytes
    Info: Processing ended: Fri Dec 29 18:13:25 2017
    Info: Elapsed time: 00:00:01
    Info: Total CPU time (on all processors): 00:00:01


