Flow report for Cwiczenie3_3
Tue Nov 14 14:34:27 2017
Quartus II 32-bit Version 13.0.1 Build 232 06/12/2013 Service Pack 1 SJ Web Edition


---------------------
; Table of Contents ;
---------------------
  1. Legal Notice
  2. Flow Summary
  3. Flow Settings
  4. Flow Non-Default Global Settings
  5. Flow Elapsed Time
  6. Flow OS Summary
  7. Flow Log
  8. Flow Messages
  9. Flow Suppressed Messages



----------------
; Legal Notice ;
----------------
Copyright (C) 1991-2013 Altera Corporation
Your use of Altera Corporation's design tools, logic functions 
and other software and tools, and its AMPP partner logic 
functions, and any output files from any of the foregoing 
(including device programming or simulation files), and any 
associated documentation or information are expressly subject 
to the terms and conditions of the Altera Program License 
Subscription Agreement, Altera MegaCore Function License 
Agreement, or other applicable license agreement, including, 
without limitation, that your use is for the sole purpose of 
programming logic devices manufactured by Altera and sold by 
Altera or its authorized distributors.  Please refer to the 
applicable agreement for further details.



+--------------------------------------------------------------------------------------+
; Flow Summary                                                                         ;
+------------------------------------+-------------------------------------------------+
; Flow Status                        ; Successful - Tue Nov 14 14:34:27 2017           ;
; Quartus II 32-bit Version          ; 13.0.1 Build 232 06/12/2013 SP 1 SJ Web Edition ;
; Revision Name                      ; Cwiczenie3_3                                    ;
; Top-level Entity Name              ; Cwiczenie3_3                                    ;
; Family                             ; Cyclone II                                      ;
; Device                             ; EP2C70F896C6                                    ;
; Timing Models                      ; Final                                           ;
; Total logic elements               ; 14 / 68,416 ( < 1 % )                           ;
;     Total combinational functions  ; 14 / 68,416 ( < 1 % )                           ;
;     Dedicated logic registers      ; 8 / 68,416 ( < 1 % )                            ;
; Total registers                    ; 8                                               ;
; Total pins                         ; 10 / 622 ( 2 % )                                ;
; Total virtual pins                 ; 0                                               ;
; Total memory bits                  ; 0 / 1,152,000 ( 0 % )                           ;
; Embedded Multiplier 9-bit elements ; 0 / 300 ( 0 % )                                 ;
; Total PLLs                         ; 0 / 4 ( 0 % )                                   ;
+------------------------------------+-------------------------------------------------+


+-----------------------------------------+
; Flow Settings                           ;
+-------------------+---------------------+
; Option            ; Setting             ;
+-------------------+---------------------+
; Start date & time ; 11/14/2017 12:48:28 ;
; Main task         ; Compilation         ;
; Revision Name     ; Cwiczenie3_3        ;
+-------------------+---------------------+


+----------------------------------------------------------------------------------------------------------------------+
; Flow Non-Default Global Settings                                                                                     ;
+-------------------------------------+---------------------------------+---------------+-------------+----------------+
; Assignment Name                     ; Value                           ; Default Value ; Entity Name ; Section Id     ;
+-------------------------------------+---------------------------------+---------------+-------------+----------------+
; COMPILER_SIGNATURE_ID               ; 115410746799883.151066010703140 ; --            ; --          ; --             ;
; EDA_OUTPUT_DATA_FORMAT              ; Verilog Hdl                     ; --            ; --          ; eda_simulation ;
; EDA_SIMULATION_TOOL                 ; ModelSim-Altera (Verilog)       ; <None>        ; --          ; --             ;
; EDA_TIME_SCALE                      ; 1 ps                            ; --            ; --          ; eda_simulation ;
; MAX_CORE_JUNCTION_TEMP              ; 85                              ; --            ; --          ; --             ;
; MIN_CORE_JUNCTION_TEMP              ; 0                               ; --            ; --          ; --             ;
; PARTITION_COLOR                     ; 16764057                        ; --            ; --          ; Top            ;
; PARTITION_FITTER_PRESERVATION_LEVEL ; PLACEMENT_AND_ROUTING           ; --            ; --          ; Top            ;
; PARTITION_NETLIST_TYPE              ; SOURCE                          ; --            ; --          ; Top            ;
; PROJECT_OUTPUT_DIRECTORY            ; output_files                    ; --            ; --          ; --             ;
+-------------------------------------+---------------------------------+---------------+-------------+----------------+


+-------------------------------------------------------------------------------------------------------------------------------+
; Flow Elapsed Time                                                                                                             ;
+---------------------------+--------------+-------------------------+---------------------+------------------------------------+
; Module Name               ; Elapsed Time ; Average Processors Used ; Peak Virtual Memory ; Total CPU Time (on all processors) ;
+---------------------------+--------------+-------------------------+---------------------+------------------------------------+
; Analysis & Synthesis      ; 00:00:03     ; 1.0                     ; 415 MB              ; 00:00:01                           ;
; Fitter                    ; 00:00:14     ; 1.0                     ; 644 MB              ; 00:00:12                           ;
; Assembler                 ; 00:00:05     ; 1.0                     ; 428 MB              ; 00:00:05                           ;
; TimeQuest Timing Analyzer ; 00:00:02     ; 1.0                     ; 376 MB              ; 00:00:01                           ;
; EDA Netlist Writer        ; 00:00:01     ; 1.0                     ; 372 MB              ; 00:00:01                           ;
; EDA Netlist Writer        ; 00:00:01     ; 1.0                     ; 378 MB              ; 00:00:01                           ;
; EDA Netlist Writer        ; 00:00:01     ; 1.0                     ; 380 MB              ; 00:00:01                           ;
; EDA Netlist Writer        ; 00:00:01     ; 1.0                     ; 378 MB              ; 00:00:01                           ;
; EDA Netlist Writer        ; 00:00:01     ; 1.0                     ; 380 MB              ; 00:00:01                           ;
; EDA Netlist Writer        ; 00:00:01     ; 1.0                     ; 378 MB              ; 00:00:01                           ;
; EDA Netlist Writer        ; 00:00:00     ; 1.0                     ; 380 MB              ; 00:00:01                           ;
; EDA Netlist Writer        ; 00:00:01     ; 1.0                     ; 378 MB              ; 00:00:01                           ;
; EDA Netlist Writer        ; 00:00:01     ; 1.0                     ; 380 MB              ; 00:00:01                           ;
; EDA Netlist Writer        ; 00:00:00     ; 1.0                     ; 378 MB              ; 00:00:01                           ;
; EDA Netlist Writer        ; 00:00:01     ; 1.0                     ; 380 MB              ; 00:00:01                           ;
; EDA Netlist Writer        ; 00:00:01     ; 1.0                     ; 378 MB              ; 00:00:01                           ;
; EDA Netlist Writer        ; 00:00:01     ; 1.0                     ; 380 MB              ; 00:00:01                           ;
; EDA Netlist Writer        ; 00:00:01     ; 1.0                     ; 378 MB              ; 00:00:01                           ;
; EDA Netlist Writer        ; 00:00:01     ; 1.0                     ; 380 MB              ; 00:00:01                           ;
; EDA Netlist Writer        ; 00:00:01     ; 1.0                     ; 378 MB              ; 00:00:01                           ;
; EDA Netlist Writer        ; 00:00:01     ; 1.0                     ; 380 MB              ; 00:00:01                           ;
; EDA Netlist Writer        ; 00:00:01     ; 1.0                     ; 378 MB              ; 00:00:01                           ;
; EDA Netlist Writer        ; 00:00:01     ; 1.0                     ; 380 MB              ; 00:00:01                           ;
; EDA Netlist Writer        ; 00:00:01     ; 1.0                     ; 378 MB              ; 00:00:01                           ;
; EDA Netlist Writer        ; 00:00:01     ; 1.0                     ; 380 MB              ; 00:00:01                           ;
; EDA Netlist Writer        ; 00:00:01     ; 1.0                     ; 378 MB              ; 00:00:01                           ;
; EDA Netlist Writer        ; 00:00:01     ; 1.0                     ; 380 MB              ; 00:00:01                           ;
; EDA Netlist Writer        ; 00:00:01     ; 1.0                     ; 378 MB              ; 00:00:01                           ;
; EDA Netlist Writer        ; 00:00:01     ; 1.0                     ; 380 MB              ; 00:00:01                           ;
; EDA Netlist Writer        ; 00:00:01     ; 1.0                     ; 378 MB              ; 00:00:01                           ;
; EDA Netlist Writer        ; 00:00:00     ; 1.0                     ; 380 MB              ; 00:00:01                           ;
; EDA Netlist Writer        ; 00:00:01     ; 1.0                     ; 378 MB              ; 00:00:01                           ;
; EDA Netlist Writer        ; 00:00:01     ; 1.0                     ; 380 MB              ; 00:00:01                           ;
; EDA Netlist Writer        ; 00:00:01     ; 1.0                     ; 378 MB              ; 00:00:01                           ;
; EDA Netlist Writer        ; 00:00:01     ; 1.0                     ; 380 MB              ; 00:00:01                           ;
; Total                     ; 00:00:52     ; --                      ; --                  ; 00:00:50                           ;
+---------------------------+--------------+-------------------------+---------------------+------------------------------------+


+----------------------------------------------------------------------------------------+
; Flow OS Summary                                                                        ;
+---------------------------+------------------+-----------+------------+----------------+
; Module Name               ; Machine Hostname ; OS Name   ; OS Version ; Processor type ;
+---------------------------+------------------+-----------+------------+----------------+
; Analysis & Synthesis      ; DESKTOP-KPDCQUP  ; Windows 7 ; 6.2        ; x86_64         ;
; Fitter                    ; DESKTOP-KPDCQUP  ; Windows 7 ; 6.2        ; x86_64         ;
; Assembler                 ; DESKTOP-KPDCQUP  ; Windows 7 ; 6.2        ; x86_64         ;
; TimeQuest Timing Analyzer ; DESKTOP-KPDCQUP  ; Windows 7 ; 6.2        ; x86_64         ;
; EDA Netlist Writer        ; DESKTOP-KPDCQUP  ; Windows 7 ; 6.2        ; x86_64         ;
; EDA Netlist Writer        ; DESKTOP-KPDCQUP  ; Windows 7 ; 6.2        ; x86_64         ;
; EDA Netlist Writer        ; DESKTOP-KPDCQUP  ; Windows 7 ; 6.2        ; x86_64         ;
; EDA Netlist Writer        ; DESKTOP-KPDCQUP  ; Windows 7 ; 6.2        ; x86_64         ;
; EDA Netlist Writer        ; DESKTOP-KPDCQUP  ; Windows 7 ; 6.2        ; x86_64         ;
; EDA Netlist Writer        ; DESKTOP-KPDCQUP  ; Windows 7 ; 6.2        ; x86_64         ;
; EDA Netlist Writer        ; DESKTOP-KPDCQUP  ; Windows 7 ; 6.2        ; x86_64         ;
; EDA Netlist Writer        ; DESKTOP-KPDCQUP  ; Windows 7 ; 6.2        ; x86_64         ;
; EDA Netlist Writer        ; DESKTOP-KPDCQUP  ; Windows 7 ; 6.2        ; x86_64         ;
; EDA Netlist Writer        ; DESKTOP-KPDCQUP  ; Windows 7 ; 6.2        ; x86_64         ;
; EDA Netlist Writer        ; DESKTOP-KPDCQUP  ; Windows 7 ; 6.2        ; x86_64         ;
; EDA Netlist Writer        ; DESKTOP-KPDCQUP  ; Windows 7 ; 6.2        ; x86_64         ;
; EDA Netlist Writer        ; DESKTOP-KPDCQUP  ; Windows 7 ; 6.2        ; x86_64         ;
; EDA Netlist Writer        ; DESKTOP-KPDCQUP  ; Windows 7 ; 6.2        ; x86_64         ;
; EDA Netlist Writer        ; DESKTOP-KPDCQUP  ; Windows 7 ; 6.2        ; x86_64         ;
; EDA Netlist Writer        ; DESKTOP-KPDCQUP  ; Windows 7 ; 6.2        ; x86_64         ;
; EDA Netlist Writer        ; DESKTOP-KPDCQUP  ; Windows 7 ; 6.2        ; x86_64         ;
; EDA Netlist Writer        ; DESKTOP-KPDCQUP  ; Windows 7 ; 6.2        ; x86_64         ;
; EDA Netlist Writer        ; DESKTOP-KPDCQUP  ; Windows 7 ; 6.2        ; x86_64         ;
; EDA Netlist Writer        ; DESKTOP-KPDCQUP  ; Windows 7 ; 6.2        ; x86_64         ;
; EDA Netlist Writer        ; DESKTOP-KPDCQUP  ; Windows 7 ; 6.2        ; x86_64         ;
; EDA Netlist Writer        ; DESKTOP-KPDCQUP  ; Windows 7 ; 6.2        ; x86_64         ;
; EDA Netlist Writer        ; DESKTOP-KPDCQUP  ; Windows 7 ; 6.2        ; x86_64         ;
; EDA Netlist Writer        ; DESKTOP-KPDCQUP  ; Windows 7 ; 6.2        ; x86_64         ;
; EDA Netlist Writer        ; DESKTOP-KPDCQUP  ; Windows 7 ; 6.2        ; x86_64         ;
; EDA Netlist Writer        ; DESKTOP-KPDCQUP  ; Windows 7 ; 6.2        ; x86_64         ;
; EDA Netlist Writer        ; DESKTOP-KPDCQUP  ; Windows 7 ; 6.2        ; x86_64         ;
; EDA Netlist Writer        ; DESKTOP-KPDCQUP  ; Windows 7 ; 6.2        ; x86_64         ;
; EDA Netlist Writer        ; DESKTOP-KPDCQUP  ; Windows 7 ; 6.2        ; x86_64         ;
; EDA Netlist Writer        ; DESKTOP-KPDCQUP  ; Windows 7 ; 6.2        ; x86_64         ;
; EDA Netlist Writer        ; DESKTOP-KPDCQUP  ; Windows 7 ; 6.2        ; x86_64         ;
+---------------------------+------------------+-----------+------------+----------------+


------------
; Flow Log ;
------------
quartus_map --read_settings_files=on --write_settings_files=off Cwiczenie3_3 -c Cwiczenie3_3
quartus_fit --read_settings_files=off --write_settings_files=off Cwiczenie3_3 -c Cwiczenie3_3
quartus_asm --read_settings_files=off --write_settings_files=off Cwiczenie3_3 -c Cwiczenie3_3
quartus_sta Cwiczenie3_3 -c Cwiczenie3_3
quartus_eda --read_settings_files=off --write_settings_files=off Cwiczenie3_3 -c Cwiczenie3_3
quartus_eda --gen_testbench --check_outputs=on --tool=modelsim_oem --format=verilog Cwiczenie3_3 -c Cwiczenie3_3 --vector_source=C:/Users/Developer/Documents/Quartus/Cwiczenie3_3/Waveform1.vwf --testbench_file=./simulation/qsim/Cwiczenie3_3.vt
quartus_eda --functional=off --timescale=1ps --simulation=on --tool=modelsim_oem --format=verilog Cwiczenie3_3 -c Cwiczenie3_3
quartus_eda --gen_testbench --check_outputs=on --tool=modelsim_oem --format=verilog Cwiczenie3_3 -c Cwiczenie3_3 --vector_source=C:/Users/Developer/Documents/Quartus/Cwiczenie3_3/Waveform1.vwf --testbench_file=./simulation/qsim/Cwiczenie3_3.vt
quartus_eda --functional=off --timescale=1ps --simulation=on --tool=modelsim_oem --format=verilog Cwiczenie3_3 -c Cwiczenie3_3
quartus_eda --gen_testbench --check_outputs=on --tool=modelsim_oem --format=verilog Cwiczenie3_3 -c Cwiczenie3_3 --vector_source=C:/Users/Developer/Documents/Quartus/Cwiczenie3_3/Waveform1.vwf --testbench_file=./simulation/qsim/Cwiczenie3_3.vt
quartus_eda --functional=off --timescale=1ps --simulation=on --tool=modelsim_oem --format=verilog Cwiczenie3_3 -c Cwiczenie3_3
quartus_eda --gen_testbench --check_outputs=on --tool=modelsim_oem --format=verilog Cwiczenie3_3 -c Cwiczenie3_3 --vector_source=C:/Users/Developer/Documents/Quartus/Cwiczenie3_3/Waveform1.vwf --testbench_file=./simulation/qsim/Cwiczenie3_3.vt
quartus_eda --functional=off --timescale=1ps --simulation=on --tool=modelsim_oem --format=verilog Cwiczenie3_3 -c Cwiczenie3_3
quartus_eda --gen_testbench --check_outputs=on --tool=modelsim_oem --format=verilog Cwiczenie3_3 -c Cwiczenie3_3 --vector_source=C:/Users/Developer/Documents/Quartus/Cwiczenie3_3/Waveform1.vwf --testbench_file=./simulation/qsim/Cwiczenie3_3.vt
quartus_eda --functional=off --timescale=1ps --simulation=on --tool=modelsim_oem --format=verilog Cwiczenie3_3 -c Cwiczenie3_3
quartus_eda --gen_testbench --check_outputs=on --tool=modelsim_oem --format=verilog Cwiczenie3_3 -c Cwiczenie3_3 --vector_source=C:/Users/Developer/Documents/Quartus/Cwiczenie3_3/Waveform1.vwf --testbench_file=./simulation/qsim/Cwiczenie3_3.vt
quartus_eda --functional=off --timescale=1ps --simulation=on --tool=modelsim_oem --format=verilog Cwiczenie3_3 -c Cwiczenie3_3
quartus_eda --gen_testbench --check_outputs=on --tool=modelsim_oem --format=verilog Cwiczenie3_3 -c Cwiczenie3_3 --vector_source=C:/Users/Developer/Documents/Quartus/Cwiczenie3_3/Waveform1.vwf --testbench_file=./simulation/qsim/Cwiczenie3_3.vt
quartus_eda --functional=off --timescale=1ps --simulation=on --tool=modelsim_oem --format=verilog Cwiczenie3_3 -c Cwiczenie3_3
quartus_eda --gen_testbench --check_outputs=on --tool=modelsim_oem --format=verilog Cwiczenie3_3 -c Cwiczenie3_3 --vector_source=C:/Users/Developer/Documents/Quartus/Cwiczenie3_3/Waveform1.vwf --testbench_file=./simulation/qsim/Cwiczenie3_3.vt
quartus_eda --functional=off --timescale=1ps --simulation=on --tool=modelsim_oem --format=verilog Cwiczenie3_3 -c Cwiczenie3_3
quartus_eda --gen_testbench --check_outputs=on --tool=modelsim_oem --format=verilog Cwiczenie3_3 -c Cwiczenie3_3 --vector_source=C:/Users/Developer/Documents/Quartus/Cwiczenie3_3/Waveform1.vwf --testbench_file=./simulation/qsim/Cwiczenie3_3.vt
quartus_eda --functional=off --timescale=1ps --simulation=on --tool=modelsim_oem --format=verilog Cwiczenie3_3 -c Cwiczenie3_3
quartus_eda --gen_testbench --check_outputs=on --tool=modelsim_oem --format=verilog Cwiczenie3_3 -c Cwiczenie3_3 --vector_source=C:/Users/Developer/Documents/Quartus/Cwiczenie3_3/Waveform1.vwf --testbench_file=./simulation/qsim/Cwiczenie3_3.vt
quartus_eda --functional=off --timescale=1ps --simulation=on --tool=modelsim_oem --format=verilog Cwiczenie3_3 -c Cwiczenie3_3
quartus_eda --gen_testbench --check_outputs=on --tool=modelsim_oem --format=verilog Cwiczenie3_3 -c Cwiczenie3_3 --vector_source=C:/Users/Developer/Documents/Quartus/Cwiczenie3_3/Waveform1.vwf --testbench_file=./simulation/qsim/Cwiczenie3_3.vt
quartus_eda --functional=off --timescale=1ps --simulation=on --tool=modelsim_oem --format=verilog Cwiczenie3_3 -c Cwiczenie3_3
quartus_eda --gen_testbench --check_outputs=on --tool=modelsim_oem --format=verilog Cwiczenie3_3 -c Cwiczenie3_3 --vector_source=C:/Users/Developer/Documents/Quartus/Cwiczenie3_3/Waveform1.vwf --testbench_file=./simulation/qsim/Cwiczenie3_3.vt
quartus_eda --functional=off --timescale=1ps --simulation=on --tool=modelsim_oem --format=verilog Cwiczenie3_3 -c Cwiczenie3_3
quartus_eda --gen_testbench --check_outputs=on --tool=modelsim_oem --format=verilog Cwiczenie3_3 -c Cwiczenie3_3 --vector_source=C:/Users/Developer/Documents/Quartus/Cwiczenie3_3/Waveform1.vwf --testbench_file=./simulation/qsim/Cwiczenie3_3.vt
quartus_eda --functional=off --timescale=1ps --simulation=on --tool=modelsim_oem --format=verilog Cwiczenie3_3 -c Cwiczenie3_3
quartus_eda --gen_testbench --check_outputs=on --tool=modelsim_oem --format=verilog Cwiczenie3_3 -c Cwiczenie3_3 --vector_source=C:/Users/Developer/Documents/Quartus/Cwiczenie3_3/Waveform1.vwf --testbench_file=./simulation/qsim/Cwiczenie3_3.vt
quartus_eda --functional=off --timescale=1ps --simulation=on --tool=modelsim_oem --format=verilog Cwiczenie3_3 -c Cwiczenie3_3
quartus_eda --gen_testbench --check_outputs=on --tool=modelsim_oem --format=verilog Cwiczenie3_3 -c Cwiczenie3_3 --vector_source=C:/Users/Developer/Documents/Quartus/Cwiczenie3_3/Waveform1.vwf --testbench_file=./simulation/qsim/Cwiczenie3_3.vt
quartus_eda --functional=off --timescale=1ps --simulation=on --tool=modelsim_oem --format=verilog Cwiczenie3_3 -c Cwiczenie3_3



